<?xml version="1.0" encoding="UTF-8"?>
<!-- Generated by org.testng.reporters.JUnitXMLReporter -->
<testsuite ignored="4" hostname="DESKTOP-Q844QO6" failures="1" tests="4" name="Default test" time="45.09" errors="0" timestamp="2025-04-01T20:18:49 IST">
  <testcase classname="testscripts.AdminUserTest" name="verifyNewButtonColor" time="3.483">
    <skipped/>
  </testcase> <!-- verifyNewButtonColor -->
  <testcase classname="testscripts.AdminUserTest" name="verifyNewButtonColor" time="3.609">
    <skipped/>
  </testcase> <!-- verifyNewButtonColor -->
  <testcase classname="testscripts.AdminUserTest" name="verifyNewButtonColor" time="3.348">
    <skipped/>
  </testcase> <!-- verifyNewButtonColor -->
  <testcase classname="testscripts.AdminUserTest" name="verifyNewButtonColor" time="4.411">
    <failure type="java.lang.StackOverflowError">
      <![CDATA[java.lang.StackOverflowError
at pages.AdminUserPage.getButtonColor(AdminUserPage.java:25)
at pages.AdminUserPage.getButtonColor(AdminUserPage.java:25)
at pages.AdminUserPage.getButtonColor(AdminUserPage.java:25)
at pages.AdminUserPage.getButtonColor(AdminUserPage.java:25)
at pages.AdminUserPage.getButtonColor(AdminUserPage.java:25)
at pages.AdminUserPage.getButtonColor(AdminUserPage.java:25)
at pages.AdminUserPage.getButtonColor(AdminUserPage.java:25)
at pages.AdminUserPage.getButtonColor(AdminUserPage.java:25)
at pages.AdminUserPage.getButtonColor(AdminUserPage.java:25)
at pages.AdminUserPage.getButtonColor(AdminUserPage.java:25)
at pages.AdminUserPage.getButtonColor(AdminUserPage.java:25)
at pages.AdminUserPage.getButtonColor(AdminUserPage.java:25)
at pages.AdminUserPage.getButtonColor(AdminUserPage.java:25)
at pages.AdminUserPage.getButtonColor(AdminUserPage.java:25)
at pages.AdminUserPage.getButtonColor(AdminUserPage.java:25)
at pages.AdminUserPage.getButtonColor(AdminUserPage.java:25)
at pages.AdminUserPage.getButtonColor(AdminUserPage.java:25)
at pages.AdminUserPage.getButtonColor(AdminUserPage.java:25)
at pages.AdminUserPage.getButtonColor(AdminUserPage.java:25)
at pages.AdminUserPage.getButtonColor(AdminUserPage.java:25)
at pages.AdminUserPage.getButtonColor(AdminUserPage.java:25)
at pages.AdminUserPage.getButtonColor(AdminUserPage.java:25)
at pages.AdminUserPage.getButtonColor(AdminUserPage.java:25)
at pages.AdminUserPage.getButtonColor(AdminUserPage.java:25)
at pages.AdminUserPage.getButtonColor(AdminUserPage.java:25)
at pages.AdminUserPage.getButtonColor(AdminUserPage.java:25)
at pages.AdminUserPage.getButtonColor(AdminUserPage.java:25)
at pages.AdminUserPage.getButtonColor(AdminUserPage.java:25)
at pages.AdminUserPage.getButtonColor(AdminUserPage.java:25)
at pages.AdminUserPage.getButtonColor(AdminUserPage.java:25)
at pages.AdminUserPage.getButtonColor(AdminUserPage.java:25)
at pages.AdminUserPage.getButtonColor(AdminUserPage.java:25)
at pages.AdminUserPage.getButtonColor(AdminUserPage.java:25)
at pages.AdminUserPage.getButtonColor(AdminUserPage.java:25)
at pages.AdminUserPage.getButtonColor(AdminUserPage.java:25)
at pages.AdminUserPage.getButtonColor(AdminUserPage.java:25)
at pages.AdminUserPage.getButtonColor(AdminUserPage.java:25)
at pages.AdminUserPage.getButtonColor(AdminUserPage.java:25)
at pages.AdminUserPage.getButtonColor(AdminUserPage.java:25)
at pages.AdminUserPage.getButtonColor(AdminUserPage.java:25)
at pages.AdminUserPage.getButtonColor(AdminUserPage.java:25)
at pages.AdminUserPage.getButtonColor(AdminUserPage.java:25)
at pages.AdminUserPage.getButtonColor(AdminUserPage.java:25)
at pages.AdminUserPage.getButtonColor(AdminUserPage.java:25)
at pages.AdminUserPage.getButtonColor(AdminUserPage.java:25)
at pages.AdminUserPage.getButtonColor(AdminUserPage.java:25)
at pages.AdminUserPage.getButtonColor(AdminUserPage.java:25)
at pages.AdminUserPage.getButtonColor(AdminUserPage.java:25)
at pages.AdminUserPage.getButtonColor(AdminUserPage.java:25)
at pages.AdminUserPage.getButtonColor(AdminUserPage.java:25)
at pages.AdminUserPage.getButtonColor(AdminUserPage.java:25)
at pages.AdminUserPage.getButtonColor(AdminUserPage.java:25)
at pages.AdminUserPage.getButtonColor(AdminUserPage.java:25)
at pages.AdminUserPage.getButtonColor(AdminUserPage.java:25)
at pages.AdminUserPage.getButtonColor(AdminUserPage.java:25)
at pages.AdminUserPage.getButtonColor(AdminUserPage.java:25)
at pages.AdminUserPage.getButtonColor(AdminUserPage.java:25)
at pages.AdminUserPage.getButtonColor(AdminUserPage.java:25)
at pages.AdminUserPage.getButtonColor(AdminUserPage.java:25)
at pages.AdminUserPage.getButtonColor(AdminUserPage.java:25)
at pages.AdminUserPage.getButtonColor(AdminUserPage.java:25)
at pages.AdminUserPage.getButtonColor(AdminUserPage.java:25)
at pages.AdminUserPage.getButtonColor(AdminUserPage.java:25)
at pages.AdminUserPage.getButtonColor(AdminUserPage.java:25)
at pages.AdminUserPage.getButtonColor(AdminUserPage.java:25)
at pages.AdminUserPage.getButtonColor(AdminUserPage.java:25)
at pages.AdminUserPage.getButtonColor(AdminUserPage.java:25)
at pages.AdminUserPage.getButtonColor(AdminUserPage.java:25)
at pages.AdminUserPage.getButtonColor(AdminUserPage.java:25)
at pages.AdminUserPage.getButtonColor(AdminUserPage.java:25)
at pages.AdminUserPage.getButtonColor(AdminUserPage.java:25)
at pages.AdminUserPage.getButtonColor(AdminUserPage.java:25)
at pages.AdminUserPage.getButtonColor(AdminUserPage.java:25)
at pages.AdminUserPage.getButtonColor(AdminUserPage.java:25)
at pages.AdminUserPage.getButtonColor(AdminUserPage.java:25)
at pages.AdminUserPage.getButtonColor(AdminUserPage.java:25)
at pages.AdminUserPage.getButtonColor(AdminUserPage.java:25)
at pages.AdminUserPage.getButtonColor(AdminUserPage.java:25)
at pages.AdminUserPage.getButtonColor(AdminUserPage.java:25)
at pages.AdminUserPage.getButtonColor(AdminUserPage.java:25)
at pages.AdminUserPage.getButtonColor(AdminUserPage.java:25)
at pages.AdminUserPage.getButtonColor(AdminUserPage.java:25)
at pages.AdminUserPage.getButtonColor(AdminUserPage.java:25)
at pages.AdminUserPage.getButtonColor(AdminUserPage.java:25)
at pages.AdminUserPage.getButtonColor(AdminUserPage.java:25)
at pages.AdminUserPage.getButtonColor(AdminUserPage.java:25)
at pages.AdminUserPage.getButtonColor(AdminUserPage.java:25)
at pages.AdminUserPage.getButtonColor(AdminUserPage.java:25)
at pages.AdminUserPage.getButtonColor(AdminUserPage.java:25)
at pages.AdminUserPage.getButtonColor(AdminUserPage.java:25)
at pages.AdminUserPage.getButtonColor(AdminUserPage.java:25)
at pages.AdminUserPage.getButtonColor(AdminUserPage.java:25)
at pages.AdminUserPage.getButtonColor(AdminUserPage.java:25)
at pages.AdminUserPage.getButtonColor(AdminUserPage.java:25)
at pages.AdminUserPage.getButtonColor(AdminUserPage.java:25)
at pages.AdminUserPage.getButtonColor(AdminUserPage.java:25)
at pages.AdminUserPage.getButtonColor(AdminUserPage.java:25)
at pages.AdminUserPage.getButtonColor(AdminUserPage.java:25)
at pages.AdminUserPage.getButtonColor(AdminUserPage.java:25)
at pages.AdminUserPage.getButtonColor(AdminUserPage.java:25)
at pages.AdminUserPage.getButtonColor(AdminUserPage.java:25)
at pages.AdminUserPage.getButtonColor(AdminUserPage.java:25)
at pages.AdminUserPage.getButtonColor(AdminUserPage.java:25)
at pages.AdminUserPage.getButtonColor(AdminUserPage.java:25)
at pages.AdminUserPage.getButtonColor(AdminUserPage.java:25)
at pages.AdminUserPage.getButtonColor(AdminUserPage.java:25)
at pages.AdminUserPage.getButtonColor(AdminUserPage.java:25)
at pages.AdminUserPage.getButtonColor(AdminUserPage.java:25)
at pages.AdminUserPage.getButtonColor(AdminUserPage.java:25)
at pages.AdminUserPage.getButtonColor(AdminUserPage.java:25)
at pages.AdminUserPage.getButtonColor(AdminUserPage.java:25)
at pages.AdminUserPage.getButtonColor(AdminUserPage.java:25)
at pages.AdminUserPage.getButtonColor(AdminUserPage.java:25)
at pages.AdminUserPage.getButtonColor(AdminUserPage.java:25)
at pages.AdminUserPage.getButtonColor(AdminUserPage.java:25)
at pages.AdminUserPage.getButtonColor(AdminUserPage.java:25)
at pages.AdminUserPage.getButtonColor(AdminUserPage.java:25)
at pages.AdminUserPage.getButtonColor(AdminUserPage.java:25)
at pages.AdminUserPage.getButtonColor(AdminUserPage.java:25)
at pages.AdminUserPage.getButtonColor(AdminUserPage.java:25)
at pages.AdminUserPage.getButtonColor(AdminUserPage.java:25)
at pages.AdminUserPage.getButtonColor(AdminUserPage.java:25)
at pages.AdminUserPage.getButtonColor(AdminUserPage.java:25)
at pages.AdminUserPage.getButtonColor(AdminUserPage.java:25)
at pages.AdminUserPage.getButtonColor(AdminUserPage.java:25)
at pages.AdminUserPage.getButtonColor(AdminUserPage.java:25)
at pages.AdminUserPage.getButtonColor(AdminUserPage.java:25)
at pages.AdminUserPage.getButtonColor(AdminUserPage.java:25)
at pages.AdminUserPage.getButtonColor(AdminUserPage.java:25)
at pages.AdminUserPage.getButtonColor(AdminUserPage.java:25)
at pages.AdminUserPage.getButtonColor(AdminUserPage.java:25)
at pages.AdminUserPage.getButtonColor(AdminUserPage.java:25)
at pages.AdminUserPage.getButtonColor(AdminUserPage.java:25)
at pages.AdminUserPage.getButtonColor(AdminUserPage.java:25)
at pages.AdminUserPage.getButtonColor(AdminUserPage.java:25)
at pages.AdminUserPage.getButtonColor(AdminUserPage.java:25)
at pages.AdminUserPage.getButtonColor(AdminUserPage.java:25)
at pages.AdminUserPage.getButtonColor(AdminUserPage.java:25)
at pages.AdminUserPage.getButtonColor(AdminUserPage.java:25)
at pages.AdminUserPage.getButtonColor(AdminUserPage.java:25)
at pages.AdminUserPage.getButtonColor(AdminUserPage.java:25)
at pages.AdminUserPage.getButtonColor(AdminUserPage.java:25)
at pages.AdminUserPage.getButtonColor(AdminUserPage.java:25)
at pages.AdminUserPage.getButtonColor(AdminUserPage.java:25)
at pages.AdminUserPage.getButtonColor(AdminUserPage.java:25)
at pages.AdminUserPage.getButtonColor(AdminUserPage.java:25)
at pages.AdminUserPage.getButtonColor(AdminUserPage.java:25)
at pages.AdminUserPage.getButtonColor(AdminUserPage.java:25)
at pages.AdminUserPage.getButtonColor(AdminUserPage.java:25)
at pages.AdminUserPage.getButtonColor(AdminUserPage.java:25)
at pages.AdminUserPage.getButtonColor(AdminUserPage.java:25)
at pages.AdminUserPage.getButtonColor(AdminUserPage.java:25)
at pages.AdminUserPage.getButtonColor(AdminUserPage.java:25)
at pages.AdminUserPage.getButtonColor(AdminUserPage.java:25)
at pages.AdminUserPage.getButtonColor(AdminUserPage.java:25)
at pages.AdminUserPage.getButtonColor(AdminUserPage.java:25)
at pages.AdminUserPage.getButtonColor(AdminUserPage.java:25)
at pages.AdminUserPage.getButtonColor(AdminUserPage.java:25)
at pages.AdminUserPage.getButtonColor(AdminUserPage.java:25)
at pages.AdminUserPage.getButtonColor(AdminUserPage.java:25)
at pages.AdminUserPage.getButtonColor(AdminUserPage.java:25)
at pages.AdminUserPage.getButtonColor(AdminUserPage.java:25)
at pages.AdminUserPage.getButtonColor(AdminUserPage.java:25)
at pages.AdminUserPage.getButtonColor(AdminUserPage.java:25)
at pages.AdminUserPage.getButtonColor(AdminUserPage.java:25)
at pages.AdminUserPage.getButtonColor(AdminUserPage.java:25)
at pages.AdminUserPage.getButtonColor(AdminUserPage.java:25)
at pages.AdminUserPage.getButtonColor(AdminUserPage.java:25)
at pages.AdminUserPage.getButtonColor(AdminUserPage.java:25)
at pages.AdminUserPage.getButtonColor(AdminUserPage.java:25)
at pages.AdminUserPage.getButtonColor(AdminUserPage.java:25)
at pages.AdminUserPage.getButtonColor(AdminUserPage.java:25)
at pages.AdminUserPage.getButtonColor(AdminUserPage.java:25)
at pages.AdminUserPage.getButtonColor(AdminUserPage.java:25)
at pages.AdminUserPage.getButtonColor(AdminUserPage.java:25)
at pages.AdminUserPage.getButtonColor(AdminUserPage.java:25)
at pages.AdminUserPage.getButtonColor(AdminUserPage.java:25)
at pages.AdminUserPage.getButtonColor(AdminUserPage.java:25)
at pages.AdminUserPage.getButtonColor(AdminUserPage.java:25)
at pages.AdminUserPage.getButtonColor(AdminUserPage.java:25)
at pages.AdminUserPage.getButtonColor(AdminUserPage.java:25)
at pages.AdminUserPage.getButtonColor(AdminUserPage.java:25)
at pages.AdminUserPage.getButtonColor(AdminUserPage.java:25)
at pages.AdminUserPage.getButtonColor(AdminUserPage.java:25)
at pages.AdminUserPage.getButtonColor(AdminUserPage.java:25)
at pages.AdminUserPage.getButtonColor(AdminUserPage.java:25)
at pages.AdminUserPage.getButtonColor(AdminUserPage.java:25)
at pages.AdminUserPage.getButtonColor(AdminUserPage.java:25)
at pages.AdminUserPage.getButtonColor(AdminUserPage.java:25)
at pages.AdminUserPage.getButtonColor(AdminUserPage.java:25)
at pages.AdminUserPage.getButtonColor(AdminUserPage.java:25)
at pages.AdminUserPage.getButtonColor(AdminUserPage.java:25)
at pages.AdminUserPage.getButtonColor(AdminUserPage.java:25)
at pages.AdminUserPage.getButtonColor(AdminUserPage.java:25)
at pages.AdminUserPage.getButtonColor(AdminUserPage.java:25)
at pages.AdminUserPage.getButtonColor(AdminUserPage.java:25)
at pages.AdminUserPage.getButtonColor(AdminUserPage.java:25)
at pages.AdminUserPage.getButtonColor(AdminUserPage.java:25)
at pages.AdminUserPage.getButtonColor(AdminUserPage.java:25)
at pages.AdminUserPage.getButtonColor(AdminUserPage.java:25)
at pages.AdminUserPage.getButtonColor(AdminUserPage.java:25)
at pages.AdminUserPage.getButtonColor(AdminUserPage.java:25)
at pages.AdminUserPage.getButtonColor(AdminUserPage.java:25)
at pages.AdminUserPage.getButtonColor(AdminUserPage.java:25)
at pages.AdminUserPage.getButtonColor(AdminUserPage.java:25)
at pages.AdminUserPage.getButtonColor(AdminUserPage.java:25)
at pages.AdminUserPage.getButtonColor(AdminUserPage.java:25)
at pages.AdminUserPage.getButtonColor(AdminUserPage.java:25)
at pages.AdminUserPage.getButtonColor(AdminUserPage.java:25)
at pages.AdminUserPage.getButtonColor(AdminUserPage.java:25)
at pages.AdminUserPage.getButtonColor(AdminUserPage.java:25)
at pages.AdminUserPage.getButtonColor(AdminUserPage.java:25)
at pages.AdminUserPage.getButtonColor(AdminUserPage.java:25)
at pages.AdminUserPage.getButtonColor(AdminUserPage.java:25)
at pages.AdminUserPage.getButtonColor(AdminUserPage.java:25)
at pages.AdminUserPage.getButtonColor(AdminUserPage.java:25)
at pages.AdminUserPage.getButtonColor(AdminUserPage.java:25)
at pages.AdminUserPage.getButtonColor(AdminUserPage.java:25)
at pages.AdminUserPage.getButtonColor(AdminUserPage.java:25)
at pages.AdminUserPage.getButtonColor(AdminUserPage.java:25)
at pages.AdminUserPage.getButtonColor(AdminUserPage.java:25)
at pages.AdminUserPage.getButtonColor(AdminUserPage.java:25)
at pages.AdminUserPage.getButtonColor(AdminUserPage.java:25)
at pages.AdminUserPage.getButtonColor(AdminUserPage.java:25)
at pages.AdminUserPage.getButtonColor(AdminUserPage.java:25)
at pages.AdminUserPage.getButtonColor(AdminUserPage.java:25)
at pages.AdminUserPage.getButtonColor(AdminUserPage.java:25)
at pages.AdminUserPage.getButtonColor(AdminUserPage.java:25)
at pages.AdminUserPage.getButtonColor(AdminUserPage.java:25)
at pages.AdminUserPage.getButtonColor(AdminUserPage.java:25)
at pages.AdminUserPage.getButtonColor(AdminUserPage.java:25)
at pages.AdminUserPage.getButtonColor(AdminUserPage.java:25)
at pages.AdminUserPage.getButtonColor(AdminUserPage.java:25)
at pages.AdminUserPage.getButtonColor(AdminUserPage.java:25)
at pages.AdminUserPage.getButtonColor(AdminUserPage.java:25)
at pages.AdminUserPage.getButtonColor(AdminUserPage.java:25)
at pages.AdminUserPage.getButtonColor(AdminUserPage.java:25)
at pages.AdminUserPage.getButtonColor(AdminUserPage.java:25)
at pages.AdminUserPage.getButtonColor(AdminUserPage.java:25)
at pages.AdminUserPage.getButtonColor(AdminUserPage.java:25)
at pages.AdminUserPage.getButtonColor(AdminUserPage.java:25)
at pages.AdminUserPage.getButtonColor(AdminUserPage.java:25)
at pages.AdminUserPage.getButtonColor(AdminUserPage.java:25)
at pages.AdminUserPage.getButtonColor(AdminUserPage.java:25)
at pages.AdminUserPage.getButtonColor(AdminUserPage.java:25)
at pages.AdminUserPage.getButtonColor(AdminUserPage.java:25)
at pages.AdminUserPage.getButtonColor(AdminUserPage.java:25)
at pages.AdminUserPage.getButtonColor(AdminUserPage.java:25)
at pages.AdminUserPage.getButtonColor(AdminUserPage.java:25)
at pages.AdminUserPage.getButtonColor(AdminUserPage.java:25)
at pages.AdminUserPage.getButtonColor(AdminUserPage.java:25)
at pages.AdminUserPage.getButtonColor(AdminUserPage.java:25)
at pages.AdminUserPage.getButtonColor(AdminUserPage.java:25)
at pages.AdminUserPage.getButtonColor(AdminUserPage.java:25)
at pages.AdminUserPage.getButtonColor(AdminUserPage.java:25)
at pages.AdminUserPage.getButtonColor(AdminUserPage.java:25)
at pages.AdminUserPage.getButtonColor(AdminUserPage.java:25)
at pages.AdminUserPage.getButtonColor(AdminUserPage.java:25)
at pages.AdminUserPage.getButtonColor(AdminUserPage.java:25)
at pages.AdminUserPage.getButtonColor(AdminUserPage.java:25)
at pages.AdminUserPage.getButtonColor(AdminUserPage.java:25)
at pages.AdminUserPage.getButtonColor(AdminUserPage.java:25)
at pages.AdminUserPage.getButtonColor(AdminUserPage.java:25)
at pages.AdminUserPage.getButtonColor(AdminUserPage.java:25)
at pages.AdminUserPage.getButtonColor(AdminUserPage.java:25)
at pages.AdminUserPage.getButtonColor(AdminUserPage.java:25)
at pages.AdminUserPage.getButtonColor(AdminUserPage.java:25)
at pages.AdminUserPage.getButtonColor(AdminUserPage.java:25)
at pages.AdminUserPage.getButtonColor(AdminUserPage.java:25)
at pages.AdminUserPage.getButtonColor(AdminUserPage.java:25)
at pages.AdminUserPage.getButtonColor(AdminUserPage.java:25)
at pages.AdminUserPage.getButtonColor(AdminUserPage.java:25)
at pages.AdminUserPage.getButtonColor(AdminUserPage.java:25)
at pages.AdminUserPage.getButtonColor(AdminUserPage.java:25)
at pages.AdminUserPage.getButtonColor(AdminUserPage.java:25)
at pages.AdminUserPage.getButtonColor(AdminUserPage.java:25)
at pages.AdminUserPage.getButtonColor(AdminUserPage.java:25)
at pages.AdminUserPage.getButtonColor(AdminUserPage.java:25)
at pages.AdminUserPage.getButtonColor(AdminUserPage.java:25)
at pages.AdminUserPage.getButtonColor(AdminUserPage.java:25)
at pages.AdminUserPage.getButtonColor(AdminUserPage.java:25)
at pages.AdminUserPage.getButtonColor(AdminUserPage.java:25)
at pages.AdminUserPage.getButtonColor(AdminUserPage.java:25)
at pages.AdminUserPage.getButtonColor(AdminUserPage.java:25)
at pages.AdminUserPage.getButtonColor(AdminUserPage.java:25)
at pages.AdminUserPage.getButtonColor(AdminUserPage.java:25)
at pages.AdminUserPage.getButtonColor(AdminUserPage.java:25)
at pages.AdminUserPage.getButtonColor(AdminUserPage.java:25)
at pages.AdminUserPage.getButtonColor(AdminUserPage.java:25)
at pages.AdminUserPage.getButtonColor(AdminUserPage.java:25)
at pages.AdminUserPage.getButtonColor(AdminUserPage.java:25)
at pages.AdminUserPage.getButtonColor(AdminUserPage.java:25)
at pages.AdminUserPage.getButtonColor(AdminUserPage.java:25)
at pages.AdminUserPage.getButtonColor(AdminUserPage.java:25)
at pages.AdminUserPage.getButtonColor(AdminUserPage.java:25)
at pages.AdminUserPage.getButtonColor(AdminUserPage.java:25)
at pages.AdminUserPage.getButtonColor(AdminUserPage.java:25)
at pages.AdminUserPage.getButtonColor(AdminUserPage.java:25)
at pages.AdminUserPage.getButtonColor(AdminUserPage.java:25)
at pages.AdminUserPage.getButtonColor(AdminUserPage.java:25)
at pages.AdminUserPage.getButtonColor(AdminUserPage.java:25)
at pages.AdminUserPage.getButtonColor(AdminUserPage.java:25)
at pages.AdminUserPage.getButtonColor(AdminUserPage.java:25)
at pages.AdminUserPage.getButtonColor(AdminUserPage.java:25)
at pages.AdminUserPage.getButtonColor(AdminUserPage.java:25)
at pages.AdminUserPage.getButtonColor(AdminUserPage.java:25)
at pages.AdminUserPage.getButtonColor(AdminUserPage.java:25)
at pages.AdminUserPage.getButtonColor(AdminUserPage.java:25)
at pages.AdminUserPage.getButtonColor(AdminUserPage.java:25)
at pages.AdminUserPage.getButtonColor(AdminUserPage.java:25)
at pages.AdminUserPage.getButtonColor(AdminUserPage.java:25)
at pages.AdminUserPage.getButtonColor(AdminUserPage.java:25)
at pages.AdminUserPage.getButtonColor(AdminUserPage.java:25)
at pages.AdminUserPage.getButtonColor(AdminUserPage.java:25)
at pages.AdminUserPage.getButtonColor(AdminUserPage.java:25)
at pages.AdminUserPage.getButtonColor(AdminUserPage.java:25)
at pages.AdminUserPage.getButtonColor(AdminUserPage.java:25)
at pages.AdminUserPage.getButtonColor(AdminUserPage.java:25)
at pages.AdminUserPage.getButtonColor(AdminUserPage.java:25)
at pages.AdminUserPage.getButtonColor(AdminUserPage.java:25)
at pages.AdminUserPage.getButtonColor(AdminUserPage.java:25)
at pages.AdminUserPage.getButtonColor(AdminUserPage.java:25)
at pages.AdminUserPage.getButtonColor(AdminUserPage.java:25)
at pages.AdminUserPage.getButtonColor(AdminUserPage.java:25)
at pages.AdminUserPage.getButtonColor(AdminUserPage.java:25)
at pages.AdminUserPage.getButtonColor(AdminUserPage.java:25)
at pages.AdminUserPage.getButtonColor(AdminUserPage.java:25)
at pages.AdminUserPage.getButtonColor(AdminUserPage.java:25)
at pages.AdminUserPage.getButtonColor(AdminUserPage.java:25)
at pages.AdminUserPage.getButtonColor(AdminUserPage.java:25)
at pages.AdminUserPage.getButtonColor(AdminUserPage.java:25)
at pages.AdminUserPage.getButtonColor(AdminUserPage.java:25)
at pages.AdminUserPage.getButtonColor(AdminUserPage.java:25)
at pages.AdminUserPage.getButtonColor(AdminUserPage.java:25)
at pages.AdminUserPage.getButtonColor(AdminUserPage.java:25)
at pages.AdminUserPage.getButtonColor(AdminUserPage.java:25)
at pages.AdminUserPage.getButtonColor(AdminUserPage.java:25)
at pages.AdminUserPage.getButtonColor(AdminUserPage.java:25)
at pages.AdminUserPage.getButtonColor(AdminUserPage.java:25)
at pages.AdminUserPage.getButtonColor(AdminUserPage.java:25)
at pages.AdminUserPage.getButtonColor(AdminUserPage.java:25)
at pages.AdminUserPage.getButtonColor(AdminUserPage.java:25)
at pages.AdminUserPage.getButtonColor(AdminUserPage.java:25)
at pages.AdminUserPage.getButtonColor(AdminUserPage.java:25)
at pages.AdminUserPage.getButtonColor(AdminUserPage.java:25)
at pages.AdminUserPage.getButtonColor(AdminUserPage.java:25)
at pages.AdminUserPage.getButtonColor(AdminUserPage.java:25)
at pages.AdminUserPage.getButtonColor(AdminUserPage.java:25)
at pages.AdminUserPage.getButtonColor(AdminUserPage.java:25)
at pages.AdminUserPage.getButtonColor(AdminUserPage.java:25)
at pages.AdminUserPage.getButtonColor(AdminUserPage.java:25)
at pages.AdminUserPage.getButtonColor(AdminUserPage.java:25)
at pages.AdminUserPage.getButtonColor(AdminUserPage.java:25)
at pages.AdminUserPage.getButtonColor(AdminUserPage.java:25)
at pages.AdminUserPage.getButtonColor(AdminUserPage.java:25)
at pages.AdminUserPage.getButtonColor(AdminUserPage.java:25)
at pages.AdminUserPage.getButtonColor(AdminUserPage.java:25)
at pages.AdminUserPage.getButtonColor(AdminUserPage.java:25)
at pages.AdminUserPage.getButtonColor(AdminUserPage.java:25)
at pages.AdminUserPage.getButtonColor(AdminUserPage.java:25)
at pages.AdminUserPage.getButtonColor(AdminUserPage.java:25)
at pages.AdminUserPage.getButtonColor(AdminUserPage.java:25)
at pages.AdminUserPage.getButtonColor(AdminUserPage.java:25)
at pages.AdminUserPage.getButtonColor(AdminUserPage.java:25)
at pages.AdminUserPage.getButtonColor(AdminUserPage.java:25)
at pages.AdminUserPage.getButtonColor(AdminUserPage.java:25)
at pages.AdminUserPage.getButtonColor(AdminUserPage.java:25)
at pages.AdminUserPage.getButtonColor(AdminUserPage.java:25)
at pages.AdminUserPage.getButtonColor(AdminUserPage.java:25)
at pages.AdminUserPage.getButtonColor(AdminUserPage.java:25)
at pages.AdminUserPage.getButtonColor(AdminUserPage.java:25)
at pages.AdminUserPage.getButtonColor(AdminUserPage.java:25)
at pages.AdminUserPage.getButtonColor(AdminUserPage.java:25)
at pages.AdminUserPage.getButtonColor(AdminUserPage.java:25)
at pages.AdminUserPage.getButtonColor(AdminUserPage.java:25)
at pages.AdminUserPage.getButtonColor(AdminUserPage.java:25)
at pages.AdminUserPage.getButtonColor(AdminUserPage.java:25)
at pages.AdminUserPage.getButtonColor(AdminUserPage.java:25)
at pages.AdminUserPage.getButtonColor(AdminUserPage.java:25)
at pages.AdminUserPage.getButtonColor(AdminUserPage.java:25)
at pages.AdminUserPage.getButtonColor(AdminUserPage.java:25)
at pages.AdminUserPage.getButtonColor(AdminUserPage.java:25)
at pages.AdminUserPage.getButtonColor(AdminUserPage.java:25)
at pages.AdminUserPage.getButtonColor(AdminUserPage.java:25)
at pages.AdminUserPage.getButtonColor(AdminUserPage.java:25)
at pages.AdminUserPage.getButtonColor(AdminUserPage.java:25)
at pages.AdminUserPage.getButtonColor(AdminUserPage.java:25)
at pages.AdminUserPage.getButtonColor(AdminUserPage.java:25)
at pages.AdminUserPage.getButtonColor(AdminUserPage.java:25)
at pages.AdminUserPage.getButtonColor(AdminUserPage.java:25)
at pages.AdminUserPage.getButtonColor(AdminUserPage.java:25)
at pages.AdminUserPage.getButtonColor(AdminUserPage.java:25)
at pages.AdminUserPage.getButtonColor(AdminUserPage.java:25)
at pages.AdminUserPage.getButtonColor(AdminUserPage.java:25)
at pages.AdminUserPage.getButtonColor(AdminUserPage.java:25)
at pages.AdminUserPage.getButtonColor(AdminUserPage.java:25)
at pages.AdminUserPage.getButtonColor(AdminUserPage.java:25)
at pages.AdminUserPage.getButtonColor(AdminUserPage.java:25)
at pages.AdminUserPage.getButtonColor(AdminUserPage.java:25)
at pages.AdminUserPage.getButtonColor(AdminUserPage.java:25)
at pages.AdminUserPage.getButtonColor(AdminUserPage.java:25)
at pages.AdminUserPage.getButtonColor(AdminUserPage.java:25)
at pages.AdminUserPage.getButtonColor(AdminUserPage.java:25)
at pages.AdminUserPage.getButtonColor(AdminUserPage.java:25)
at pages.AdminUserPage.getButtonColor(AdminUserPage.java:25)
at pages.AdminUserPage.getButtonColor(AdminUserPage.java:25)
at pages.AdminUserPage.getButtonColor(AdminUserPage.java:25)
at pages.AdminUserPage.getButtonColor(AdminUserPage.java:25)
at pages.AdminUserPage.getButtonColor(AdminUserPage.java:25)
at pages.AdminUserPage.getButtonColor(AdminUserPage.java:25)
at pages.AdminUserPage.getButtonColor(AdminUserPage.java:25)
at pages.AdminUserPage.getButtonColor(AdminUserPage.java:25)
at pages.AdminUserPage.getButtonColor(AdminUserPage.java:25)
at pages.AdminUserPage.getButtonColor(AdminUserPage.java:25)
at pages.AdminUserPage.getButtonColor(AdminUserPage.java:25)
at pages.AdminUserPage.getButtonColor(AdminUserPage.java:25)
at pages.AdminUserPage.getButtonColor(AdminUserPage.java:25)
at pages.AdminUserPage.getButtonColor(AdminUserPage.java:25)
at pages.AdminUserPage.getButtonColor(AdminUserPage.java:25)
at pages.AdminUserPage.getButtonColor(AdminUserPage.java:25)
at pages.AdminUserPage.getButtonColor(AdminUserPage.java:25)
at pages.AdminUserPage.getButtonColor(AdminUserPage.java:25)
at pages.AdminUserPage.getButtonColor(AdminUserPage.java:25)
at pages.AdminUserPage.getButtonColor(AdminUserPage.java:25)
at pages.AdminUserPage.getButtonColor(AdminUserPage.java:25)
at pages.AdminUserPage.getButtonColor(AdminUserPage.java:25)
at pages.AdminUserPage.getButtonColor(AdminUserPage.java:25)
at pages.AdminUserPage.getButtonColor(AdminUserPage.java:25)
at pages.AdminUserPage.getButtonColor(AdminUserPage.java:25)
at pages.AdminUserPage.getButtonColor(AdminUserPage.java:25)
at pages.AdminUserPage.getButtonColor(AdminUserPage.java:25)
at pages.AdminUserPage.getButtonColor(AdminUserPage.java:25)
at pages.AdminUserPage.getButtonColor(AdminUserPage.java:25)
at pages.AdminUserPage.getButtonColor(AdminUserPage.java:25)
at pages.AdminUserPage.getButtonColor(AdminUserPage.java:25)
at pages.AdminUserPage.getButtonColor(AdminUserPage.java:25)
at pages.AdminUserPage.getButtonColor(AdminUserPage.java:25)
at pages.AdminUserPage.getButtonColor(AdminUserPage.java:25)
at pages.AdminUserPage.getButtonColor(AdminUserPage.java:25)
at pages.AdminUserPage.getButtonColor(AdminUserPage.java:25)
at pages.AdminUserPage.getButtonColor(AdminUserPage.java:25)
at pages.AdminUserPage.getButtonColor(AdminUserPage.java:25)
at pages.AdminUserPage.getButtonColor(AdminUserPage.java:25)
at pages.AdminUserPage.getButtonColor(AdminUserPage.java:25)
at pages.AdminUserPage.getButtonColor(AdminUserPage.java:25)
at pages.AdminUserPage.getButtonColor(AdminUserPage.java:25)
at pages.AdminUserPage.getButtonColor(AdminUserPage.java:25)
at pages.AdminUserPage.getButtonColor(AdminUserPage.java:25)
at pages.AdminUserPage.getButtonColor(AdminUserPage.java:25)
at pages.AdminUserPage.getButtonColor(AdminUserPage.java:25)
at pages.AdminUserPage.getButtonColor(AdminUserPage.java:25)
at pages.AdminUserPage.getButtonColor(AdminUserPage.java:25)
at pages.AdminUserPage.getButtonColor(AdminUserPage.java:25)
at pages.AdminUserPage.getButtonColor(AdminUserPage.java:25)
at pages.AdminUserPage.getButtonColor(AdminUserPage.java:25)
at pages.AdminUserPage.getButtonColor(AdminUserPage.java:25)
at pages.AdminUserPage.getButtonColor(AdminUserPage.java:25)
at pages.AdminUserPage.getButtonColor(AdminUserPage.java:25)
at pages.AdminUserPage.getButtonColor(AdminUserPage.java:25)
at pages.AdminUserPage.getButtonColor(AdminUserPage.java:25)
at pages.AdminUserPage.getButtonColor(AdminUserPage.java:25)
at pages.AdminUserPage.getButtonColor(AdminUserPage.java:25)
at pages.AdminUserPage.getButtonColor(AdminUserPage.java:25)
at pages.AdminUserPage.getButtonColor(AdminUserPage.java:25)
at pages.AdminUserPage.getButtonColor(AdminUserPage.java:25)
at pages.AdminUserPage.getButtonColor(AdminUserPage.java:25)
at pages.AdminUserPage.getButtonColor(AdminUserPage.java:25)
at pages.AdminUserPage.getButtonColor(AdminUserPage.java:25)
at pages.AdminUserPage.getButtonColor(AdminUserPage.java:25)
at pages.AdminUserPage.getButtonColor(AdminUserPage.java:25)
at pages.AdminUserPage.getButtonColor(AdminUserPage.java:25)
at pages.AdminUserPage.getButtonColor(AdminUserPage.java:25)
at pages.AdminUserPage.getButtonColor(AdminUserPage.java:25)
at pages.AdminUserPage.getButtonColor(AdminUserPage.java:25)
at pages.AdminUserPage.getButtonColor(AdminUserPage.java:25)
at pages.AdminUserPage.getButtonColor(AdminUserPage.java:25)
at pages.AdminUserPage.getButtonColor(AdminUserPage.java:25)
at pages.AdminUserPage.getButtonColor(AdminUserPage.java:25)
at pages.AdminUserPage.getButtonColor(AdminUserPage.java:25)
at pages.AdminUserPage.getButtonColor(AdminUserPage.java:25)
at pages.AdminUserPage.getButtonColor(AdminUserPage.java:25)
at pages.AdminUserPage.getButtonColor(AdminUserPage.java:25)
at pages.AdminUserPage.getButtonColor(AdminUserPage.java:25)
at pages.AdminUserPage.getButtonColor(AdminUserPage.java:25)
at pages.AdminUserPage.getButtonColor(AdminUserPage.java:25)
at pages.AdminUserPage.getButtonColor(AdminUserPage.java:25)
at pages.AdminUserPage.getButtonColor(AdminUserPage.java:25)
at pages.AdminUserPage.getButtonColor(AdminUserPage.java:25)
at pages.AdminUserPage.getButtonColor(AdminUserPage.java:25)
at pages.AdminUserPage.getButtonColor(AdminUserPage.java:25)
at pages.AdminUserPage.getButtonColor(AdminUserPage.java:25)
at pages.AdminUserPage.getButtonColor(AdminUserPage.java:25)
at pages.AdminUserPage.getButtonColor(AdminUserPage.java:25)
at pages.AdminUserPage.getButtonColor(AdminUserPage.java:25)
at pages.AdminUserPage.getButtonColor(AdminUserPage.java:25)
at pages.AdminUserPage.getButtonColor(AdminUserPage.java:25)
at pages.AdminUserPage.getButtonColor(AdminUserPage.java:25)
at pages.AdminUserPage.getButtonColor(AdminUserPage.java:25)
at pages.AdminUserPage.getButtonColor(AdminUserPage.java:25)
at pages.AdminUserPage.getButtonColor(AdminUserPage.java:25)
at pages.AdminUserPage.getButtonColor(AdminUserPage.java:25)
at pages.AdminUserPage.getButtonColor(AdminUserPage.java:25)
at pages.AdminUserPage.getButtonColor(AdminUserPage.java:25)
at pages.AdminUserPage.getButtonColor(AdminUserPage.java:25)
at pages.AdminUserPage.getButtonColor(AdminUserPage.java:25)
at pages.AdminUserPage.getButtonColor(AdminUserPage.java:25)
at pages.AdminUserPage.getButtonColor(AdminUserPage.java:25)
at pages.AdminUserPage.getButtonColor(AdminUserPage.java:25)
at pages.AdminUserPage.getButtonColor(AdminUserPage.java:25)
at pages.AdminUserPage.getButtonColor(AdminUserPage.java:25)
at pages.AdminUserPage.getButtonColor(AdminUserPage.java:25)
at pages.AdminUserPage.getButtonColor(AdminUserPage.java:25)
at pages.AdminUserPage.getButtonColor(AdminUserPage.java:25)
at pages.AdminUserPage.getButtonColor(AdminUserPage.java:25)
at pages.AdminUserPage.getButtonColor(AdminUserPage.java:25)
at pages.AdminUserPage.getButtonColor(AdminUserPage.java:25)
at pages.AdminUserPage.getButtonColor(AdminUserPage.java:25)
at pages.AdminUserPage.getButtonColor(AdminUserPage.java:25)
at pages.AdminUserPage.getButtonColor(AdminUserPage.java:25)
at pages.AdminUserPage.getButtonColor(AdminUserPage.java:25)
at pages.AdminUserPage.getButtonColor(AdminUserPage.java:25)
at pages.AdminUserPage.getButtonColor(AdminUserPage.java:25)
at pages.AdminUserPage.getButtonColor(AdminUserPage.java:25)
at pages.AdminUserPage.getButtonColor(AdminUserPage.java:25)
at pages.AdminUserPage.getButtonColor(AdminUserPage.java:25)
at pages.AdminUserPage.getButtonColor(AdminUserPage.java:25)
at pages.AdminUserPage.getButtonColor(AdminUserPage.java:25)
at pages.AdminUserPage.getButtonColor(AdminUserPage.java:25)
at pages.AdminUserPage.getButtonColor(AdminUserPage.java:25)
at pages.AdminUserPage.getButtonColor(AdminUserPage.java:25)
at pages.AdminUserPage.getButtonColor(AdminUserPage.java:25)
at pages.AdminUserPage.getButtonColor(AdminUserPage.java:25)
at pages.AdminUserPage.getButtonColor(AdminUserPage.java:25)
at pages.AdminUserPage.getButtonColor(AdminUserPage.java:25)
at pages.AdminUserPage.getButtonColor(AdminUserPage.java:25)
at pages.AdminUserPage.getButtonColor(AdminUserPage.java:25)
at pages.AdminUserPage.getButtonColor(AdminUserPage.java:25)
at pages.AdminUserPage.getButtonColor(AdminUserPage.java:25)
at pages.AdminUserPage.getButtonColor(AdminUserPage.java:25)
at pages.AdminUserPage.getButtonColor(AdminUserPage.java:25)
at pages.AdminUserPage.getButtonColor(AdminUserPage.java:25)
at pages.AdminUserPage.getButtonColor(AdminUserPage.java:25)
at pages.AdminUserPage.getButtonColor(AdminUserPage.java:25)
at pages.AdminUserPage.getButtonColor(AdminUserPage.java:25)
at pages.AdminUserPage.getButtonColor(AdminUserPage.java:25)
at pages.AdminUserPage.getButtonColor(AdminUserPage.java:25)
at pages.AdminUserPage.getButtonColor(AdminUserPage.java:25)
at pages.AdminUserPage.getButtonColor(AdminUserPage.java:25)
at pages.AdminUserPage.getButtonColor(AdminUserPage.java:25)
at pages.AdminUserPage.getButtonColor(AdminUserPage.java:25)
at pages.AdminUserPage.getButtonColor(AdminUserPage.java:25)
at pages.AdminUserPage.getButtonColor(AdminUserPage.java:25)
at pages.AdminUserPage.getButtonColor(AdminUserPage.java:25)
at pages.AdminUserPage.getButtonColor(AdminUserPage.java:25)
at pages.AdminUserPage.getButtonColor(AdminUserPage.java:25)
at pages.AdminUserPage.getButtonColor(AdminUserPage.java:25)
at pages.AdminUserPage.getButtonColor(AdminUserPage.java:25)
at pages.AdminUserPage.getButtonColor(AdminUserPage.java:25)
at pages.AdminUserPage.getButtonColor(AdminUserPage.java:25)
at pages.AdminUserPage.getButtonColor(AdminUserPage.java:25)
at pages.AdminUserPage.getButtonColor(AdminUserPage.java:25)
at pages.AdminUserPage.getButtonColor(AdminUserPage.java:25)
at pages.AdminUserPage.getButtonColor(AdminUserPage.java:25)
at pages.AdminUserPage.getButtonColor(AdminUserPage.java:25)
at pages.AdminUserPage.getButtonColor(AdminUserPage.java:25)
at pages.AdminUserPage.getButtonColor(AdminUserPage.java:25)
at pages.AdminUserPage.getButtonColor(AdminUserPage.java:25)
at pages.AdminUserPage.getButtonColor(AdminUserPage.java:25)
at pages.AdminUserPage.getButtonColor(AdminUserPage.java:25)
at pages.AdminUserPage.getButtonColor(AdminUserPage.java:25)
at pages.AdminUserPage.getButtonColor(AdminUserPage.java:25)
at pages.AdminUserPage.getButtonColor(AdminUserPage.java:25)
at pages.AdminUserPage.getButtonColor(AdminUserPage.java:25)
at pages.AdminUserPage.getButtonColor(AdminUserPage.java:25)
at pages.AdminUserPage.getButtonColor(AdminUserPage.java:25)
at pages.AdminUserPage.getButtonColor(AdminUserPage.java:25)
at pages.AdminUserPage.getButtonColor(AdminUserPage.java:25)
at pages.AdminUserPage.getButtonColor(AdminUserPage.java:25)
at pages.AdminUserPage.getButtonColor(AdminUserPage.java:25)
at pages.AdminUserPage.getButtonColor(AdminUserPage.java:25)
at pages.AdminUserPage.getButtonColor(AdminUserPage.java:25)
at pages.AdminUserPage.getButtonColor(AdminUserPage.java:25)
at pages.AdminUserPage.getButtonColor(AdminUserPage.java:25)
at pages.AdminUserPage.getButtonColor(AdminUserPage.java:25)
at pages.AdminUserPage.getButtonColor(AdminUserPage.java:25)
at pages.AdminUserPage.getButtonColor(AdminUserPage.java:25)
at pages.AdminUserPage.getButtonColor(AdminUserPage.java:25)
at pages.AdminUserPage.getButtonColor(AdminUserPage.java:25)
at pages.AdminUserPage.getButtonColor(AdminUserPage.java:25)
at pages.AdminUserPage.getButtonColor(AdminUserPage.java:25)
at pages.AdminUserPage.getButtonColor(AdminUserPage.java:25)
at pages.AdminUserPage.getButtonColor(AdminUserPage.java:25)
at pages.AdminUserPage.getButtonColor(AdminUserPage.java:25)
at pages.AdminUserPage.getButtonColor(AdminUserPage.java:25)
at pages.AdminUserPage.getButtonColor(AdminUserPage.java:25)
at pages.AdminUserPage.getButtonColor(AdminUserPage.java:25)
at pages.AdminUserPage.getButtonColor(AdminUserPage.java:25)
at pages.AdminUserPage.getButtonColor(AdminUserPage.java:25)
at pages.AdminUserPage.getButtonColor(AdminUserPage.java:25)
at pages.AdminUserPage.getButtonColor(AdminUserPage.java:25)
at pages.AdminUserPage.getButtonColor(AdminUserPage.java:25)
at pages.AdminUserPage.getButtonColor(AdminUserPage.java:25)
at pages.AdminUserPage.getButtonColor(AdminUserPage.java:25)
at pages.AdminUserPage.getButtonColor(AdminUserPage.java:25)
at pages.AdminUserPage.getButtonColor(AdminUserPage.java:25)
at pages.AdminUserPage.getButtonColor(AdminUserPage.java:25)
at pages.AdminUserPage.getButtonColor(AdminUserPage.java:25)
at pages.AdminUserPage.getButtonColor(AdminUserPage.java:25)
at pages.AdminUserPage.getButtonColor(AdminUserPage.java:25)
at pages.AdminUserPage.getButtonColor(AdminUserPage.java:25)
at pages.AdminUserPage.getButtonColor(AdminUserPage.java:25)
at pages.AdminUserPage.getButtonColor(AdminUserPage.java:25)
at pages.AdminUserPage.getButtonColor(AdminUserPage.java:25)
at pages.AdminUserPage.getButtonColor(AdminUserPage.java:25)
at pages.AdminUserPage.getButtonColor(AdminUserPage.java:25)
at pages.AdminUserPage.getButtonColor(AdminUserPage.java:25)
at pages.AdminUserPage.getButtonColor(AdminUserPage.java:25)
at pages.AdminUserPage.getButtonColor(AdminUserPage.java:25)
at pages.AdminUserPage.getButtonColor(AdminUserPage.java:25)
at pages.AdminUserPage.getButtonColor(AdminUserPage.java:25)
at pages.AdminUserPage.getButtonColor(AdminUserPage.java:25)
at pages.AdminUserPage.getButtonColor(AdminUserPage.java:25)
at pages.AdminUserPage.getButtonColor(AdminUserPage.java:25)
at pages.AdminUserPage.getButtonColor(AdminUserPage.java:25)
at pages.AdminUserPage.getButtonColor(AdminUserPage.java:25)
at pages.AdminUserPage.getButtonColor(AdminUserPage.java:25)
at pages.AdminUserPage.getButtonColor(AdminUserPage.java:25)
at pages.AdminUserPage.getButtonColor(AdminUserPage.java:25)
at pages.AdminUserPage.getButtonColor(AdminUserPage.java:25)
at pages.AdminUserPage.getButtonColor(AdminUserPage.java:25)
at pages.AdminUserPage.getButtonColor(AdminUserPage.java:25)
at pages.AdminUserPage.getButtonColor(AdminUserPage.java:25)
at pages.AdminUserPage.getButtonColor(AdminUserPage.java:25)
at pages.AdminUserPage.getButtonColor(AdminUserPage.java:25)
at pages.AdminUserPage.getButtonColor(AdminUserPage.java:25)
at pages.AdminUserPage.getButtonColor(AdminUserPage.java:25)
at pages.AdminUserPage.getButtonColor(AdminUserPage.java:25)
at pages.AdminUserPage.getButtonColor(AdminUserPage.java:25)
at pages.AdminUserPage.getButtonColor(AdminUserPage.java:25)
at pages.AdminUserPage.getButtonColor(AdminUserPage.java:25)
at pages.AdminUserPage.getButtonColor(AdminUserPage.java:25)
at pages.AdminUserPage.getButtonColor(AdminUserPage.java:25)
at pages.AdminUserPage.getButtonColor(AdminUserPage.java:25)
at pages.AdminUserPage.getButtonColor(AdminUserPage.java:25)
at pages.AdminUserPage.getButtonColor(AdminUserPage.java:25)
at pages.AdminUserPage.getButtonColor(AdminUserPage.java:25)
at pages.AdminUserPage.getButtonColor(AdminUserPage.java:25)
at pages.AdminUserPage.getButtonColor(AdminUserPage.java:25)
at pages.AdminUserPage.getButtonColor(AdminUserPage.java:25)
at pages.AdminUserPage.getButtonColor(AdminUserPage.java:25)
at pages.AdminUserPage.getButtonColor(AdminUserPage.java:25)
at pages.AdminUserPage.getButtonColor(AdminUserPage.java:25)
at pages.AdminUserPage.getButtonColor(AdminUserPage.java:25)
at pages.AdminUserPage.getButtonColor(AdminUserPage.java:25)
at pages.AdminUserPage.getButtonColor(AdminUserPage.java:25)
at pages.AdminUserPage.getButtonColor(AdminUserPage.java:25)
at pages.AdminUserPage.getButtonColor(AdminUserPage.java:25)
at pages.AdminUserPage.getButtonColor(AdminUserPage.java:25)
at pages.AdminUserPage.getButtonColor(AdminUserPage.java:25)
at pages.AdminUserPage.getButtonColor(AdminUserPage.java:25)
at pages.AdminUserPage.getButtonColor(AdminUserPage.java:25)
at pages.AdminUserPage.getButtonColor(AdminUserPage.java:25)
at pages.AdminUserPage.getButtonColor(AdminUserPage.java:25)
at pages.AdminUserPage.getButtonColor(AdminUserPage.java:25)
at pages.AdminUserPage.getButtonColor(AdminUserPage.java:25)
at pages.AdminUserPage.getButtonColor(AdminUserPage.java:25)
at pages.AdminUserPage.getButtonColor(AdminUserPage.java:25)
at pages.AdminUserPage.getButtonColor(AdminUserPage.java:25)
at pages.AdminUserPage.getButtonColor(AdminUserPage.java:25)
at pages.AdminUserPage.getButtonColor(AdminUserPage.java:25)
at pages.AdminUserPage.getButtonColor(AdminUserPage.java:25)
at pages.AdminUserPage.getButtonColor(AdminUserPage.java:25)
at pages.AdminUserPage.getButtonColor(AdminUserPage.java:25)
at pages.AdminUserPage.getButtonColor(AdminUserPage.java:25)
at pages.AdminUserPage.getButtonColor(AdminUserPage.java:25)
at pages.AdminUserPage.getButtonColor(AdminUserPage.java:25)
at pages.AdminUserPage.getButtonColor(AdminUserPage.java:25)
at pages.AdminUserPage.getButtonColor(AdminUserPage.java:25)
at pages.AdminUserPage.getButtonColor(AdminUserPage.java:25)
at pages.AdminUserPage.getButtonColor(AdminUserPage.java:25)
at pages.AdminUserPage.getButtonColor(AdminUserPage.java:25)
at pages.AdminUserPage.getButtonColor(AdminUserPage.java:25)
at pages.AdminUserPage.getButtonColor(AdminUserPage.java:25)
at pages.AdminUserPage.getButtonColor(AdminUserPage.java:25)
at pages.AdminUserPage.getButtonColor(AdminUserPage.java:25)
at pages.AdminUserPage.getButtonColor(AdminUserPage.java:25)
at pages.AdminUserPage.getButtonColor(AdminUserPage.java:25)
at pages.AdminUserPage.getButtonColor(AdminUserPage.java:25)
at pages.AdminUserPage.getButtonColor(AdminUserPage.java:25)
at pages.AdminUserPage.getButtonColor(AdminUserPage.java:25)
at pages.AdminUserPage.getButtonColor(AdminUserPage.java:25)
at pages.AdminUserPage.getButtonColor(AdminUserPage.java:25)
at pages.AdminUserPage.getButtonColor(AdminUserPage.java:25)
at pages.AdminUserPage.getButtonColor(AdminUserPage.java:25)
at pages.AdminUserPage.getButtonColor(AdminUserPage.java:25)
at pages.AdminUserPage.getButtonColor(AdminUserPage.java:25)
at pages.AdminUserPage.getButtonColor(AdminUserPage.java:25)
at pages.AdminUserPage.getButtonColor(AdminUserPage.java:25)
at pages.AdminUserPage.getButtonColor(AdminUserPage.java:25)
at pages.AdminUserPage.getButtonColor(AdminUserPage.java:25)
at pages.AdminUserPage.getButtonColor(AdminUserPage.java:25)
at pages.AdminUserPage.getButtonColor(AdminUserPage.java:25)
at pages.AdminUserPage.getButtonColor(AdminUserPage.java:25)
at pages.AdminUserPage.getButtonColor(AdminUserPage.java:25)
at pages.AdminUserPage.getButtonColor(AdminUserPage.java:25)
at pages.AdminUserPage.getButtonColor(AdminUserPage.java:25)
at pages.AdminUserPage.getButtonColor(AdminUserPage.java:25)
at pages.AdminUserPage.getButtonColor(AdminUserPage.java:25)
at pages.AdminUserPage.getButtonColor(AdminUserPage.java:25)
at pages.AdminUserPage.getButtonColor(AdminUserPage.java:25)
at pages.AdminUserPage.getButtonColor(AdminUserPage.java:25)
at pages.AdminUserPage.getButtonColor(AdminUserPage.java:25)
at pages.AdminUserPage.getButtonColor(AdminUserPage.java:25)
at pages.AdminUserPage.getButtonColor(AdminUserPage.java:25)
at pages.AdminUserPage.getButtonColor(AdminUserPage.java:25)
at pages.AdminUserPage.getButtonColor(AdminUserPage.java:25)
at pages.AdminUserPage.getButtonColor(AdminUserPage.java:25)
at pages.AdminUserPage.getButtonColor(AdminUserPage.java:25)
at pages.AdminUserPage.getButtonColor(AdminUserPage.java:25)
at pages.AdminUserPage.getButtonColor(AdminUserPage.java:25)
at pages.AdminUserPage.getButtonColor(AdminUserPage.java:25)
at pages.AdminUserPage.getButtonColor(AdminUserPage.java:25)
at pages.AdminUserPage.getButtonColor(AdminUserPage.java:25)
at pages.AdminUserPage.getButtonColor(AdminUserPage.java:25)
at pages.AdminUserPage.getButtonColor(AdminUserPage.java:25)
at pages.AdminUserPage.getButtonColor(AdminUserPage.java:25)
at pages.AdminUserPage.getButtonColor(AdminUserPage.java:25)
at pages.AdminUserPage.getButtonColor(AdminUserPage.java:25)
at pages.AdminUserPage.getButtonColor(AdminUserPage.java:25)
at pages.AdminUserPage.getButtonColor(AdminUserPage.java:25)
at pages.AdminUserPage.getButtonColor(AdminUserPage.java:25)
at pages.AdminUserPage.getButtonColor(AdminUserPage.java:25)
at pages.AdminUserPage.getButtonColor(AdminUserPage.java:25)
at pages.AdminUserPage.getButtonColor(AdminUserPage.java:25)
at pages.AdminUserPage.getButtonColor(AdminUserPage.java:25)
at pages.AdminUserPage.getButtonColor(AdminUserPage.java:25)
at pages.AdminUserPage.getButtonColor(AdminUserPage.java:25)
at pages.AdminUserPage.getButtonColor(AdminUserPage.java:25)
at pages.AdminUserPage.getButtonColor(AdminUserPage.java:25)
at pages.AdminUserPage.getButtonColor(AdminUserPage.java:25)
at pages.AdminUserPage.getButtonColor(AdminUserPage.java:25)
at pages.AdminUserPage.getButtonColor(AdminUserPage.java:25)
at pages.AdminUserPage.getButtonColor(AdminUserPage.java:25)
at pages.AdminUserPage.getButtonColor(AdminUserPage.java:25)
at pages.AdminUserPage.getButtonColor(AdminUserPage.java:25)
at pages.AdminUserPage.getButtonColor(AdminUserPage.java:25)
at pages.AdminUserPage.getButtonColor(AdminUserPage.java:25)
at pages.AdminUserPage.getButtonColor(AdminUserPage.java:25)
at pages.AdminUserPage.getButtonColor(AdminUserPage.java:25)
at pages.AdminUserPage.getButtonColor(AdminUserPage.java:25)
at pages.AdminUserPage.getButtonColor(AdminUserPage.java:25)
at pages.AdminUserPage.getButtonColor(AdminUserPage.java:25)
at pages.AdminUserPage.getButtonColor(AdminUserPage.java:25)
at pages.AdminUserPage.getButtonColor(AdminUserPage.java:25)
at pages.AdminUserPage.getButtonColor(AdminUserPage.java:25)
at pages.AdminUserPage.getButtonColor(AdminUserPage.java:25)
at pages.AdminUserPage.getButtonColor(AdminUserPage.java:25)
at pages.AdminUserPage.getButtonColor(AdminUserPage.java:25)
at pages.AdminUserPage.getButtonColor(AdminUserPage.java:25)
at pages.AdminUserPage.getButtonColor(AdminUserPage.java:25)
at pages.AdminUserPage.getButtonColor(AdminUserPage.java:25)
at pages.AdminUserPage.getButtonColor(AdminUserPage.java:25)
at pages.AdminUserPage.getButtonColor(AdminUserPage.java:25)
at pages.AdminUserPage.getButtonColor(AdminUserPage.java:25)
at pages.AdminUserPage.getButtonColor(AdminUserPage.java:25)
at pages.AdminUserPage.getButtonColor(AdminUserPage.java:25)
at pages.AdminUserPage.getButtonColor(AdminUserPage.java:25)
at pages.AdminUserPage.getButtonColor(AdminUserPage.java:25)
at pages.AdminUserPage.getButtonColor(AdminUserPage.java:25)
at pages.AdminUserPage.getButtonColor(AdminUserPage.java:25)
at pages.AdminUserPage.getButtonColor(AdminUserPage.java:25)
at pages.AdminUserPage.getButtonColor(AdminUserPage.java:25)
at pages.AdminUserPage.getButtonColor(AdminUserPage.java:25)
at pages.AdminUserPage.getButtonColor(AdminUserPage.java:25)
at pages.AdminUserPage.getButtonColor(AdminUserPage.java:25)
at pages.AdminUserPage.getButtonColor(AdminUserPage.java:25)
at pages.AdminUserPage.getButtonColor(AdminUserPage.java:25)
at pages.AdminUserPage.getButtonColor(AdminUserPage.java:25)
at pages.AdminUserPage.getButtonColor(AdminUserPage.java:25)
at pages.AdminUserPage.getButtonColor(AdminUserPage.java:25)
at pages.AdminUserPage.getButtonColor(AdminUserPage.java:25)
at pages.AdminUserPage.getButtonColor(AdminUserPage.java:25)
at pages.AdminUserPage.getButtonColor(AdminUserPage.java:25)
at pages.AdminUserPage.getButtonColor(AdminUserPage.java:25)
at pages.AdminUserPage.getButtonColor(AdminUserPage.java:25)
at pages.AdminUserPage.getButtonColor(AdminUserPage.java:25)
at pages.AdminUserPage.getButtonColor(AdminUserPage.java:25)
at pages.AdminUserPage.getButtonColor(AdminUserPage.java:25)
at pages.AdminUserPage.getButtonColor(AdminUserPage.java:25)
at pages.AdminUserPage.getButtonColor(AdminUserPage.java:25)
at pages.AdminUserPage.getButtonColor(AdminUserPage.java:25)
at pages.AdminUserPage.getButtonColor(AdminUserPage.java:25)
at pages.AdminUserPage.getButtonColor(AdminUserPage.java:25)
at pages.AdminUserPage.getButtonColor(AdminUserPage.java:25)
at pages.AdminUserPage.getButtonColor(AdminUserPage.java:25)
at pages.AdminUserPage.getButtonColor(AdminUserPage.java:25)
at pages.AdminUserPage.getButtonColor(AdminUserPage.java:25)
at pages.AdminUserPage.getButtonColor(AdminUserPage.java:25)
at pages.AdminUserPage.getButtonColor(AdminUserPage.java:25)
at pages.AdminUserPage.getButtonColor(AdminUserPage.java:25)
at pages.AdminUserPage.getButtonColor(AdminUserPage.java:25)
at pages.AdminUserPage.getButtonColor(AdminUserPage.java:25)
at pages.AdminUserPage.getButtonColor(AdminUserPage.java:25)
at pages.AdminUserPage.getButtonColor(AdminUserPage.java:25)
at pages.AdminUserPage.getButtonColor(AdminUserPage.java:25)
at pages.AdminUserPage.getButtonColor(AdminUserPage.java:25)
at pages.AdminUserPage.getButtonColor(AdminUserPage.java:25)
at pages.AdminUserPage.getButtonColor(AdminUserPage.java:25)
at pages.AdminUserPage.getButtonColor(AdminUserPage.java:25)
at pages.AdminUserPage.getButtonColor(AdminUserPage.java:25)
at pages.AdminUserPage.getButtonColor(AdminUserPage.java:25)
at pages.AdminUserPage.getButtonColor(AdminUserPage.java:25)
at pages.AdminUserPage.getButtonColor(AdminUserPage.java:25)
at pages.AdminUserPage.getButtonColor(AdminUserPage.java:25)
at pages.AdminUserPage.getButtonColor(AdminUserPage.java:25)
at pages.AdminUserPage.getButtonColor(AdminUserPage.java:25)
at pages.AdminUserPage.getButtonColor(AdminUserPage.java:25)
at pages.AdminUserPage.getButtonColor(AdminUserPage.java:25)
at pages.AdminUserPage.getButtonColor(AdminUserPage.java:25)
at pages.AdminUserPage.getButtonColor(AdminUserPage.java:25)
at pages.AdminUserPage.getButtonColor(AdminUserPage.java:25)
at pages.AdminUserPage.getButtonColor(AdminUserPage.java:25)
at pages.AdminUserPage.getButtonColor(AdminUserPage.java:25)
at pages.AdminUserPage.getButtonColor(AdminUserPage.java:25)
at pages.AdminUserPage.getButtonColor(AdminUserPage.java:25)
at pages.AdminUserPage.getButtonColor(AdminUserPage.java:25)
at pages.AdminUserPage.getButtonColor(AdminUserPage.java:25)
at pages.AdminUserPage.getButtonColor(AdminUserPage.java:25)
at pages.AdminUserPage.getButtonColor(AdminUserPage.java:25)
at pages.AdminUserPage.getButtonColor(AdminUserPage.java:25)
at pages.AdminUserPage.getButtonColor(AdminUserPage.java:25)
at pages.AdminUserPage.getButtonColor(AdminUserPage.java:25)
at pages.AdminUserPage.getButtonColor(AdminUserPage.java:25)
at pages.AdminUserPage.getButtonColor(AdminUserPage.java:25)
at pages.AdminUserPage.getButtonColor(AdminUserPage.java:25)
at pages.AdminUserPage.getButtonColor(AdminUserPage.java:25)
at pages.AdminUserPage.getButtonColor(AdminUserPage.java:25)
at pages.AdminUserPage.getButtonColor(AdminUserPage.java:25)
at pages.AdminUserPage.getButtonColor(AdminUserPage.java:25)
at pages.AdminUserPage.getButtonColor(AdminUserPage.java:25)
at pages.AdminUserPage.getButtonColor(AdminUserPage.java:25)
at pages.AdminUserPage.getButtonColor(AdminUserPage.java:25)
at pages.AdminUserPage.getButtonColor(AdminUserPage.java:25)
at pages.AdminUserPage.getButtonColor(AdminUserPage.java:25)
at pages.AdminUserPage.getButtonColor(AdminUserPage.java:25)
at pages.AdminUserPage.getButtonColor(AdminUserPage.java:25)
at pages.AdminUserPage.getButtonColor(AdminUserPage.java:25)
at pages.AdminUserPage.getButtonColor(AdminUserPage.java:25)
at pages.AdminUserPage.getButtonColor(AdminUserPage.java:25)
at pages.AdminUserPage.getButtonColor(AdminUserPage.java:25)
at pages.AdminUserPage.getButtonColor(AdminUserPage.java:25)
at pages.AdminUserPage.getButtonColor(AdminUserPage.java:25)
at pages.AdminUserPage.getButtonColor(AdminUserPage.java:25)
at pages.AdminUserPage.getButtonColor(AdminUserPage.java:25)
at pages.AdminUserPage.getButtonColor(AdminUserPage.java:25)
at pages.AdminUserPage.getButtonColor(AdminUserPage.java:25)
at pages.AdminUserPage.getButtonColor(AdminUserPage.java:25)
at pages.AdminUserPage.getButtonColor(AdminUserPage.java:25)
at pages.AdminUserPage.getButtonColor(AdminUserPage.java:25)
at pages.AdminUserPage.getButtonColor(AdminUserPage.java:25)
at pages.AdminUserPage.getButtonColor(AdminUserPage.java:25)
at pages.AdminUserPage.getButtonColor(AdminUserPage.java:25)
at pages.AdminUserPage.getButtonColor(AdminUserPage.java:25)
at pages.AdminUserPage.getButtonColor(AdminUserPage.java:25)
at pages.AdminUserPage.getButtonColor(AdminUserPage.java:25)
at pages.AdminUserPage.getButtonColor(AdminUserPage.java:25)
at pages.AdminUserPage.getButtonColor(AdminUserPage.java:25)
at pages.AdminUserPage.getButtonColor(AdminUserPage.java:25)
at pages.AdminUserPage.getButtonColor(AdminUserPage.java:25)
at pages.AdminUserPage.getButtonColor(AdminUserPage.java:25)
at pages.AdminUserPage.getButtonColor(AdminUserPage.java:25)
at pages.AdminUserPage.getButtonColor(AdminUserPage.java:25)
at pages.AdminUserPage.getButtonColor(AdminUserPage.java:25)
at pages.AdminUserPage.getButtonColor(AdminUserPage.java:25)
at pages.AdminUserPage.getButtonColor(AdminUserPage.java:25)
at pages.AdminUserPage.getButtonColor(AdminUserPage.java:25)
at pages.AdminUserPage.getButtonColor(AdminUserPage.java:25)
at pages.AdminUserPage.getButtonColor(AdminUserPage.java:25)
at pages.AdminUserPage.getButtonColor(AdminUserPage.java:25)
at pages.AdminUserPage.getButtonColor(AdminUserPage.java:25)
at pages.AdminUserPage.getButtonColor(AdminUserPage.java:25)
at pages.AdminUserPage.getButtonColor(AdminUserPage.java:25)
at pages.AdminUserPage.getButtonColor(AdminUserPage.java:25)
at pages.AdminUserPage.getButtonColor(AdminUserPage.java:25)
at pages.AdminUserPage.getButtonColor(AdminUserPage.java:25)
at pages.AdminUserPage.getButtonColor(AdminUserPage.java:25)
at pages.AdminUserPage.getButtonColor(AdminUserPage.java:25)
at pages.AdminUserPage.getButtonColor(AdminUserPage.java:25)
at pages.AdminUserPage.getButtonColor(AdminUserPage.java:25)
at pages.AdminUserPage.getButtonColor(AdminUserPage.java:25)
at pages.AdminUserPage.getButtonColor(AdminUserPage.java:25)
at pages.AdminUserPage.getButtonColor(AdminUserPage.java:25)
at pages.AdminUserPage.getButtonColor(AdminUserPage.java:25)
at pages.AdminUserPage.getButtonColor(AdminUserPage.java:25)
at pages.AdminUserPage.getButtonColor(AdminUserPage.java:25)
at pages.AdminUserPage.getButtonColor(AdminUserPage.java:25)
at pages.AdminUserPage.getButtonColor(AdminUserPage.java:25)
at pages.AdminUserPage.getButtonColor(AdminUserPage.java:25)
at pages.AdminUserPage.getButtonColor(AdminUserPage.java:25)
at pages.AdminUserPage.getButtonColor(AdminUserPage.java:25)
at pages.AdminUserPage.getButtonColor(AdminUserPage.java:25)
at pages.AdminUserPage.getButtonColor(AdminUserPage.java:25)
at pages.AdminUserPage.getButtonColor(AdminUserPage.java:25)
at pages.AdminUserPage.getButtonColor(AdminUserPage.java:25)
at pages.AdminUserPage.getButtonColor(AdminUserPage.java:25)
at pages.AdminUserPage.getButtonColor(AdminUserPage.java:25)
at pages.AdminUserPage.getButtonColor(AdminUserPage.java:25)
at pages.AdminUserPage.getButtonColor(AdminUserPage.java:25)
at pages.AdminUserPage.getButtonColor(AdminUserPage.java:25)
at pages.AdminUserPage.getButtonColor(AdminUserPage.java:25)
at pages.AdminUserPage.getButtonColor(AdminUserPage.java:25)
at pages.AdminUserPage.getButtonColor(AdminUserPage.java:25)
at pages.AdminUserPage.getButtonColor(AdminUserPage.java:25)
at pages.AdminUserPage.getButtonColor(AdminUserPage.java:25)
at pages.AdminUserPage.getButtonColor(AdminUserPage.java:25)
at pages.AdminUserPage.getButtonColor(AdminUserPage.java:25)
at pages.AdminUserPage.getButtonColor(AdminUserPage.java:25)
at pages.AdminUserPage.getButtonColor(AdminUserPage.java:25)
at pages.AdminUserPage.getButtonColor(AdminUserPage.java:25)
at pages.AdminUserPage.getButtonColor(AdminUserPage.java:25)
at pages.AdminUserPage.getButtonColor(AdminUserPage.java:25)
at pages.AdminUserPage.getButtonColor(AdminUserPage.java:25)
at pages.AdminUserPage.getButtonColor(AdminUserPage.java:25)
at pages.AdminUserPage.getButtonColor(AdminUserPage.java:25)
at pages.AdminUserPage.getButtonColor(AdminUserPage.java:25)
at pages.AdminUserPage.getButtonColor(AdminUserPage.java:25)
at pages.AdminUserPage.getButtonColor(AdminUserPage.java:25)
at pages.AdminUserPage.getButtonColor(AdminUserPage.java:25)
at pages.AdminUserPage.getButtonColor(AdminUserPage.java:25)
at pages.AdminUserPage.getButtonColor(AdminUserPage.java:25)
at pages.AdminUserPage.getButtonColor(AdminUserPage.java:25)
at pages.AdminUserPage.getButtonColor(AdminUserPage.java:25)
at pages.AdminUserPage.getButtonColor(AdminUserPage.java:25)
at pages.AdminUserPage.getButtonColor(AdminUserPage.java:25)
at pages.AdminUserPage.getButtonColor(AdminUserPage.java:25)
at pages.AdminUserPage.getButtonColor(AdminUserPage.java:25)
at pages.AdminUserPage.getButtonColor(AdminUserPage.java:25)
at pages.AdminUserPage.getButtonColor(AdminUserPage.java:25)
at pages.AdminUserPage.getButtonColor(AdminUserPage.java:25)
at pages.AdminUserPage.getButtonColor(AdminUserPage.java:25)
at pages.AdminUserPage.getButtonColor(AdminUserPage.java:25)
at pages.AdminUserPage.getButtonColor(AdminUserPage.java:25)
at pages.AdminUserPage.getButtonColor(AdminUserPage.java:25)
at pages.AdminUserPage.getButtonColor(AdminUserPage.java:25)
at pages.AdminUserPage.getButtonColor(AdminUserPage.java:25)
at pages.AdminUserPage.getButtonColor(AdminUserPage.java:25)
at pages.AdminUserPage.getButtonColor(AdminUserPage.java:25)
at pages.AdminUserPage.getButtonColor(AdminUserPage.java:25)
at pages.AdminUserPage.getButtonColor(AdminUserPage.java:25)
at pages.AdminUserPage.getButtonColor(AdminUserPage.java:25)
at pages.AdminUserPage.getButtonColor(AdminUserPage.java:25)
at pages.AdminUserPage.getButtonColor(AdminUserPage.java:25)
at pages.AdminUserPage.getButtonColor(AdminUserPage.java:25)
at pages.AdminUserPage.getButtonColor(AdminUserPage.java:25)
at pages.AdminUserPage.getButtonColor(AdminUserPage.java:25)
at pages.AdminUserPage.getButtonColor(AdminUserPage.java:25)
at pages.AdminUserPage.getButtonColor(AdminUserPage.java:25)
at pages.AdminUserPage.getButtonColor(AdminUserPage.java:25)
at pages.AdminUserPage.getButtonColor(AdminUserPage.java:25)
at pages.AdminUserPage.getButtonColor(AdminUserPage.java:25)
at pages.AdminUserPage.getButtonColor(AdminUserPage.java:25)
at pages.AdminUserPage.getButtonColor(AdminUserPage.java:25)
at pages.AdminUserPage.getButtonColor(AdminUserPage.java:25)
at pages.AdminUserPage.getButtonColor(AdminUserPage.java:25)
at pages.AdminUserPage.getButtonColor(AdminUserPage.java:25)
at pages.AdminUserPage.getButtonColor(AdminUserPage.java:25)
at pages.AdminUserPage.getButtonColor(AdminUserPage.java:25)
at pages.AdminUserPage.getButtonColor(AdminUserPage.java:25)
at pages.AdminUserPage.getButtonColor(AdminUserPage.java:25)
at pages.AdminUserPage.getButtonColor(AdminUserPage.java:25)
at pages.AdminUserPage.getButtonColor(AdminUserPage.java:25)
at pages.AdminUserPage.getButtonColor(AdminUserPage.java:25)
at pages.AdminUserPage.getButtonColor(AdminUserPage.java:25)
at pages.AdminUserPage.getButtonColor(AdminUserPage.java:25)
at pages.AdminUserPage.getButtonColor(AdminUserPage.java:25)
at pages.AdminUserPage.getButtonColor(AdminUserPage.java:25)
at pages.AdminUserPage.getButtonColor(AdminUserPage.java:25)
at pages.AdminUserPage.getButtonColor(AdminUserPage.java:25)
at pages.AdminUserPage.getButtonColor(AdminUserPage.java:25)
at pages.AdminUserPage.getButtonColor(AdminUserPage.java:25)
at pages.AdminUserPage.getButtonColor(AdminUserPage.java:25)
at pages.AdminUserPage.getButtonColor(AdminUserPage.java:25)
at pages.AdminUserPage.getButtonColor(AdminUserPage.java:25)
at pages.AdminUserPage.getButtonColor(AdminUserPage.java:25)
at pages.AdminUserPage.getButtonColor(AdminUserPage.java:25)
at pages.AdminUserPage.getButtonColor(AdminUserPage.java:25)
at pages.AdminUserPage.getButtonColor(AdminUserPage.java:25)
at pages.AdminUserPage.getButtonColor(AdminUserPage.java:25)
at pages.AdminUserPage.getButtonColor(AdminUserPage.java:25)
at pages.AdminUserPage.getButtonColor(AdminUserPage.java:25)
at pages.AdminUserPage.getButtonColor(AdminUserPage.java:25)
at pages.AdminUserPage.getButtonColor(AdminUserPage.java:25)
at pages.AdminUserPage.getButtonColor(AdminUserPage.java:25)
at pages.AdminUserPage.getButtonColor(AdminUserPage.java:25)
at pages.AdminUserPage.getButtonColor(AdminUserPage.java:25)
at pages.AdminUserPage.getButtonColor(AdminUserPage.java:25)
at pages.AdminUserPage.getButtonColor(AdminUserPage.java:25)
at pages.AdminUserPage.getButtonColor(AdminUserPage.java:25)
at pages.AdminUserPage.getButtonColor(AdminUserPage.java:25)
at pages.AdminUserPage.getButtonColor(AdminUserPage.java:25)
at pages.AdminUserPage.getButtonColor(AdminUserPage.java:25)
at pages.AdminUserPage.getButtonColor(AdminUserPage.java:25)
at pages.AdminUserPage.getButtonColor(AdminUserPage.java:25)
at pages.AdminUserPage.getButtonColor(AdminUserPage.java:25)
at pages.AdminUserPage.getButtonColor(AdminUserPage.java:25)
at pages.AdminUserPage.getButtonColor(AdminUserPage.java:25)
at pages.AdminUserPage.getButtonColor(AdminUserPage.java:25)
at pages.AdminUserPage.getButtonColor(AdminUserPage.java:25)
at pages.AdminUserPage.getButtonColor(AdminUserPage.java:25)
at pages.AdminUserPage.getButtonColor(AdminUserPage.java:25)
at pages.AdminUserPage.getButtonColor(AdminUserPage.java:25)
at pages.AdminUserPage.getButtonColor(AdminUserPage.java:25)
at pages.AdminUserPage.getButtonColor(AdminUserPage.java:25)
at pages.AdminUserPage.getButtonColor(AdminUserPage.java:25)
at pages.AdminUserPage.getButtonColor(AdminUserPage.java:25)
at pages.AdminUserPage.getButtonColor(AdminUserPage.java:25)
at pages.AdminUserPage.getButtonColor(AdminUserPage.java:25)
at pages.AdminUserPage.getButtonColor(AdminUserPage.java:25)
at pages.AdminUserPage.getButtonColor(AdminUserPage.java:25)
at pages.AdminUserPage.getButtonColor(AdminUserPage.java:25)
at pages.AdminUserPage.getButtonColor(AdminUserPage.java:25)
at pages.AdminUserPage.getButtonColor(AdminUserPage.java:25)
at pages.AdminUserPage.getButtonColor(AdminUserPage.java:25)
at pages.AdminUserPage.getButtonColor(AdminUserPage.java:25)
]]>
    </failure>
  </testcase> <!-- verifyNewButtonColor -->
  <testcase classname="testscripts.AdminUserTest" name="verifyWhetherAdminisabletoCreateNewUser" time="0.0">
    <ignored/>
  </testcase> <!-- verifyWhetherAdminisabletoCreateNewUser -->
  <testcase classname="testscripts.AdminUserTest" name="verify" time="0.0">
    <ignored/>
  </testcase> <!-- verify -->
  <testcase classname="testscripts.AdminUserTest" name="verifyWhetherNewButtonIsClickable" time="0.0">
    <ignored/>
  </testcase> <!-- verifyWhetherNewButtonIsClickable -->
  <testcase classname="testscripts.AdminUserTest" name="ExcelCheck" time="0.0">
    <ignored/>
  </testcase> <!-- ExcelCheck -->
</testsuite> <!-- Default test -->
