<?xml version="1.0" encoding="UTF-8"?>
<testng-results retried="3" ignored="3" total="7" passed="0" failed="1" skipped="0">
  <reporter-output>
  </reporter-output>
  <suite started-at="2025-04-01T20:17:59 IST" name="Default suite" finished-at="2025-04-01T20:18:44 IST" duration-ms="45090">
    <groups>
    </groups>
    <test started-at="2025-04-01T20:17:59 IST" name="Default test" finished-at="2025-04-01T20:18:44 IST" duration-ms="45090">
      <class name="testscripts.AdminUserTest">
        <test-method is-config="true" signature="launchBrowser()[pri:0, instance:testscripts.AdminUserTest@3c0be339]" started-at="2025-04-01T20:17:59 IST" name="launchBrowser" finished-at="2025-04-01T20:18:11 IST" duration-ms="12091" status="PASS">
          <reporter-output>
          </reporter-output>
        </test-method> <!-- launchBrowser -->
        <test-method retried="true" signature="verifyNewButtonColor()[pri:0, instance:testscripts.AdminUserTest@3c0be339]" started-at="2025-04-01T20:18:11 IST" name="verifyNewButtonColor" finished-at="2025-04-01T20:18:15 IST" duration-ms="3483" status="SKIP">
          <exception class="java.lang.StackOverflowError">
            <full-stacktrace>
              <![CDATA[java.lang.StackOverflowError
at pages.AdminUserPage.getButtonColor(AdminUserPage.java:25)
at pages.AdminUserPage.getButtonColor(AdminUserPage.java:25)
at pages.AdminUserPage.getButtonColor(AdminUserPage.java:25)
at pages.AdminUserPage.getButtonColor(AdminUserPage.java:25)
at pages.AdminUserPage.getButtonColor(AdminUserPage.java:25)
at pages.AdminUserPage.getButtonColor(AdminUserPage.java:25)
at pages.AdminUserPage.getButtonColor(AdminUserPage.java:25)
at pages.AdminUserPage.getButtonColor(AdminUserPage.java:25)
at pages.AdminUserPage.getButtonColor(AdminUserPage.java:25)
at pages.AdminUserPage.getButtonColor(AdminUserPage.java:25)
at pages.AdminUserPage.getButtonColor(AdminUserPage.java:25)
at pages.AdminUserPage.getButtonColor(AdminUserPage.java:25)
at pages.AdminUserPage.getButtonColor(AdminUserPage.java:25)
at pages.AdminUserPage.getButtonColor(AdminUserPage.java:25)
at pages.AdminUserPage.getButtonColor(AdminUserPage.java:25)
at pages.AdminUserPage.getButtonColor(AdminUserPage.java:25)
at pages.AdminUserPage.getButtonColor(AdminUserPage.java:25)
at pages.AdminUserPage.getButtonColor(AdminUserPage.java:25)
at pages.AdminUserPage.getButtonColor(AdminUserPage.java:25)
at pages.AdminUserPage.getButtonColor(AdminUserPage.java:25)
at pages.AdminUserPage.getButtonColor(AdminUserPage.java:25)
at pages.AdminUserPage.getButtonColor(AdminUserPage.java:25)
at pages.AdminUserPage.getButtonColor(AdminUserPage.java:25)
at pages.AdminUserPage.getButtonColor(AdminUserPage.java:25)
at pages.AdminUserPage.getButtonColor(AdminUserPage.java:25)
at pages.AdminUserPage.getButtonColor(AdminUserPage.java:25)
at pages.AdminUserPage.getButtonColor(AdminUserPage.java:25)
at pages.AdminUserPage.getButtonColor(AdminUserPage.java:25)
at pages.AdminUserPage.getButtonColor(AdminUserPage.java:25)
at pages.AdminUserPage.getButtonColor(AdminUserPage.java:25)
at pages.AdminUserPage.getButtonColor(AdminUserPage.java:25)
at pages.AdminUserPage.getButtonColor(AdminUserPage.java:25)
at pages.AdminUserPage.getButtonColor(AdminUserPage.java:25)
at pages.AdminUserPage.getButtonColor(AdminUserPage.java:25)
at pages.AdminUserPage.getButtonColor(AdminUserPage.java:25)
at pages.AdminUserPage.getButtonColor(AdminUserPage.java:25)
at pages.AdminUserPage.getButtonColor(AdminUserPage.java:25)
at pages.AdminUserPage.getButtonColor(AdminUserPage.java:25)
at pages.AdminUserPage.getButtonColor(AdminUserPage.java:25)
at pages.AdminUserPage.getButtonColor(AdminUserPage.java:25)
at pages.AdminUserPage.getButtonColor(AdminUserPage.java:25)
at pages.AdminUserPage.getButtonColor(AdminUserPage.java:25)
at pages.AdminUserPage.getButtonColor(AdminUserPage.java:25)
at pages.AdminUserPage.getButtonColor(AdminUserPage.java:25)
at pages.AdminUserPage.getButtonColor(AdminUserPage.java:25)
at pages.AdminUserPage.getButtonColor(AdminUserPage.java:25)
at pages.AdminUserPage.getButtonColor(AdminUserPage.java:25)
at pages.AdminUserPage.getButtonColor(AdminUserPage.java:25)
at pages.AdminUserPage.getButtonColor(AdminUserPage.java:25)
at pages.AdminUserPage.getButtonColor(AdminUserPage.java:25)
at pages.AdminUserPage.getButtonColor(AdminUserPage.java:25)
at pages.AdminUserPage.getButtonColor(AdminUserPage.java:25)
at pages.AdminUserPage.getButtonColor(AdminUserPage.java:25)
at pages.AdminUserPage.getButtonColor(AdminUserPage.java:25)
at pages.AdminUserPage.getButtonColor(AdminUserPage.java:25)
at pages.AdminUserPage.getButtonColor(AdminUserPage.java:25)
at pages.AdminUserPage.getButtonColor(AdminUserPage.java:25)
at pages.AdminUserPage.getButtonColor(AdminUserPage.java:25)
at pages.AdminUserPage.getButtonColor(AdminUserPage.java:25)
at pages.AdminUserPage.getButtonColor(AdminUserPage.java:25)
at pages.AdminUserPage.getButtonColor(AdminUserPage.java:25)
at pages.AdminUserPage.getButtonColor(AdminUserPage.java:25)
at pages.AdminUserPage.getButtonColor(AdminUserPage.java:25)
at pages.AdminUserPage.getButtonColor(AdminUserPage.java:25)
at pages.AdminUserPage.getButtonColor(AdminUserPage.java:25)
at pages.AdminUserPage.getButtonColor(AdminUserPage.java:25)
at pages.AdminUserPage.getButtonColor(AdminUserPage.java:25)
at pages.AdminUserPage.getButtonColor(AdminUserPage.java:25)
at pages.AdminUserPage.getButtonColor(AdminUserPage.java:25)
at pages.AdminUserPage.getButtonColor(AdminUserPage.java:25)
at pages.AdminUserPage.getButtonColor(AdminUserPage.java:25)
at pages.AdminUserPage.getButtonColor(AdminUserPage.java:25)
at pages.AdminUserPage.getButtonColor(AdminUserPage.java:25)
at pages.AdminUserPage.getButtonColor(AdminUserPage.java:25)
at pages.AdminUserPage.getButtonColor(AdminUserPage.java:25)
at pages.AdminUserPage.getButtonColor(AdminUserPage.java:25)
at pages.AdminUserPage.getButtonColor(AdminUserPage.java:25)
at pages.AdminUserPage.getButtonColor(AdminUserPage.java:25)
at pages.AdminUserPage.getButtonColor(AdminUserPage.java:25)
at pages.AdminUserPage.getButtonColor(AdminUserPage.java:25)
at pages.AdminUserPage.getButtonColor(AdminUserPage.java:25)
at pages.AdminUserPage.getButtonColor(AdminUserPage.java:25)
at pages.AdminUserPage.getButtonColor(AdminUserPage.java:25)
at pages.AdminUserPage.getButtonColor(AdminUserPage.java:25)
at pages.AdminUserPage.getButtonColor(AdminUserPage.java:25)
at pages.AdminUserPage.getButtonColor(AdminUserPage.java:25)
at pages.AdminUserPage.getButtonColor(AdminUserPage.java:25)
at pages.AdminUserPage.getButtonColor(AdminUserPage.java:25)
at pages.AdminUserPage.getButtonColor(AdminUserPage.java:25)
at pages.AdminUserPage.getButtonColor(AdminUserPage.java:25)
at pages.AdminUserPage.getButtonColor(AdminUserPage.java:25)
at pages.AdminUserPage.getButtonColor(AdminUserPage.java:25)
at pages.AdminUserPage.getButtonColor(AdminUserPage.java:25)
at pages.AdminUserPage.getButtonColor(AdminUserPage.java:25)
at pages.AdminUserPage.getButtonColor(AdminUserPage.java:25)
at pages.AdminUserPage.getButtonColor(AdminUserPage.java:25)
at pages.AdminUserPage.getButtonColor(AdminUserPage.java:25)
at pages.AdminUserPage.getButtonColor(AdminUserPage.java:25)
at pages.AdminUserPage.getButtonColor(AdminUserPage.java:25)
at pages.AdminUserPage.getButtonColor(AdminUserPage.java:25)
at pages.AdminUserPage.getButtonColor(AdminUserPage.java:25)
at pages.AdminUserPage.getButtonColor(AdminUserPage.java:25)
at pages.AdminUserPage.getButtonColor(AdminUserPage.java:25)
at pages.AdminUserPage.getButtonColor(AdminUserPage.java:25)
at pages.AdminUserPage.getButtonColor(AdminUserPage.java:25)
at pages.AdminUserPage.getButtonColor(AdminUserPage.java:25)
at pages.AdminUserPage.getButtonColor(AdminUserPage.java:25)
at pages.AdminUserPage.getButtonColor(AdminUserPage.java:25)
at pages.AdminUserPage.getButtonColor(AdminUserPage.java:25)
at pages.AdminUserPage.getButtonColor(AdminUserPage.java:25)
at pages.AdminUserPage.getButtonColor(AdminUserPage.java:25)
at pages.AdminUserPage.getButtonColor(AdminUserPage.java:25)
at pages.AdminUserPage.getButtonColor(AdminUserPage.java:25)
at pages.AdminUserPage.getButtonColor(AdminUserPage.java:25)
at pages.AdminUserPage.getButtonColor(AdminUserPage.java:25)
at pages.AdminUserPage.getButtonColor(AdminUserPage.java:25)
at pages.AdminUserPage.getButtonColor(AdminUserPage.java:25)
at pages.AdminUserPage.getButtonColor(AdminUserPage.java:25)
at pages.AdminUserPage.getButtonColor(AdminUserPage.java:25)
at pages.AdminUserPage.getButtonColor(AdminUserPage.java:25)
at pages.AdminUserPage.getButtonColor(AdminUserPage.java:25)
at pages.AdminUserPage.getButtonColor(AdminUserPage.java:25)
at pages.AdminUserPage.getButtonColor(AdminUserPage.java:25)
at pages.AdminUserPage.getButtonColor(AdminUserPage.java:25)
at pages.AdminUserPage.getButtonColor(AdminUserPage.java:25)
at pages.AdminUserPage.getButtonColor(AdminUserPage.java:25)
at pages.AdminUserPage.getButtonColor(AdminUserPage.java:25)
at pages.AdminUserPage.getButtonColor(AdminUserPage.java:25)
at pages.AdminUserPage.getButtonColor(AdminUserPage.java:25)
at pages.AdminUserPage.getButtonColor(AdminUserPage.java:25)
at pages.AdminUserPage.getButtonColor(AdminUserPage.java:25)
at pages.AdminUserPage.getButtonColor(AdminUserPage.java:25)
at pages.AdminUserPage.getButtonColor(AdminUserPage.java:25)
at pages.AdminUserPage.getButtonColor(AdminUserPage.java:25)
at pages.AdminUserPage.getButtonColor(AdminUserPage.java:25)
at pages.AdminUserPage.getButtonColor(AdminUserPage.java:25)
at pages.AdminUserPage.getButtonColor(AdminUserPage.java:25)
at pages.AdminUserPage.getButtonColor(AdminUserPage.java:25)
at pages.AdminUserPage.getButtonColor(AdminUserPage.java:25)
at pages.AdminUserPage.getButtonColor(AdminUserPage.java:25)
at pages.AdminUserPage.getButtonColor(AdminUserPage.java:25)
at pages.AdminUserPage.getButtonColor(AdminUserPage.java:25)
at pages.AdminUserPage.getButtonColor(AdminUserPage.java:25)
at pages.AdminUserPage.getButtonColor(AdminUserPage.java:25)
at pages.AdminUserPage.getButtonColor(AdminUserPage.java:25)
at pages.AdminUserPage.getButtonColor(AdminUserPage.java:25)
at pages.AdminUserPage.getButtonColor(AdminUserPage.java:25)
at pages.AdminUserPage.getButtonColor(AdminUserPage.java:25)
at pages.AdminUserPage.getButtonColor(AdminUserPage.java:25)
at pages.AdminUserPage.getButtonColor(AdminUserPage.java:25)
at pages.AdminUserPage.getButtonColor(AdminUserPage.java:25)
at pages.AdminUserPage.getButtonColor(AdminUserPage.java:25)
at pages.AdminUserPage.getButtonColor(AdminUserPage.java:25)
at pages.AdminUserPage.getButtonColor(AdminUserPage.java:25)
at pages.AdminUserPage.getButtonColor(AdminUserPage.java:25)
at pages.AdminUserPage.getButtonColor(AdminUserPage.java:25)
at pages.AdminUserPage.getButtonColor(AdminUserPage.java:25)
at pages.AdminUserPage.getButtonColor(AdminUserPage.java:25)
at pages.AdminUserPage.getButtonColor(AdminUserPage.java:25)
at pages.AdminUserPage.getButtonColor(AdminUserPage.java:25)
at pages.AdminUserPage.getButtonColor(AdminUserPage.java:25)
at pages.AdminUserPage.getButtonColor(AdminUserPage.java:25)
at pages.AdminUserPage.getButtonColor(AdminUserPage.java:25)
at pages.AdminUserPage.getButtonColor(AdminUserPage.java:25)
at pages.AdminUserPage.getButtonColor(AdminUserPage.java:25)
at pages.AdminUserPage.getButtonColor(AdminUserPage.java:25)
at pages.AdminUserPage.getButtonColor(AdminUserPage.java:25)
at pages.AdminUserPage.getButtonColor(AdminUserPage.java:25)
at pages.AdminUserPage.getButtonColor(AdminUserPage.java:25)
at pages.AdminUserPage.getButtonColor(AdminUserPage.java:25)
at pages.AdminUserPage.getButtonColor(AdminUserPage.java:25)
at pages.AdminUserPage.getButtonColor(AdminUserPage.java:25)
at pages.AdminUserPage.getButtonColor(AdminUserPage.java:25)
at pages.AdminUserPage.getButtonColor(AdminUserPage.java:25)
at pages.AdminUserPage.getButtonColor(AdminUserPage.java:25)
at pages.AdminUserPage.getButtonColor(AdminUserPage.java:25)
at pages.AdminUserPage.getButtonColor(AdminUserPage.java:25)
at pages.AdminUserPage.getButtonColor(AdminUserPage.java:25)
at pages.AdminUserPage.getButtonColor(AdminUserPage.java:25)
at pages.AdminUserPage.getButtonColor(AdminUserPage.java:25)
at pages.AdminUserPage.getButtonColor(AdminUserPage.java:25)
at pages.AdminUserPage.getButtonColor(AdminUserPage.java:25)
at pages.AdminUserPage.getButtonColor(AdminUserPage.java:25)
at pages.AdminUserPage.getButtonColor(AdminUserPage.java:25)
at pages.AdminUserPage.getButtonColor(AdminUserPage.java:25)
at pages.AdminUserPage.getButtonColor(AdminUserPage.java:25)
at pages.AdminUserPage.getButtonColor(AdminUserPage.java:25)
at pages.AdminUserPage.getButtonColor(AdminUserPage.java:25)
at pages.AdminUserPage.getButtonColor(AdminUserPage.java:25)
at pages.AdminUserPage.getButtonColor(AdminUserPage.java:25)
at pages.AdminUserPage.getButtonColor(AdminUserPage.java:25)
at pages.AdminUserPage.getButtonColor(AdminUserPage.java:25)
at pages.AdminUserPage.getButtonColor(AdminUserPage.java:25)
at pages.AdminUserPage.getButtonColor(AdminUserPage.java:25)
at pages.AdminUserPage.getButtonColor(AdminUserPage.java:25)
at pages.AdminUserPage.getButtonColor(AdminUserPage.java:25)
at pages.AdminUserPage.getButtonColor(AdminUserPage.java:25)
at pages.AdminUserPage.getButtonColor(AdminUserPage.java:25)
at pages.AdminUserPage.getButtonColor(AdminUserPage.java:25)
at pages.AdminUserPage.getButtonColor(AdminUserPage.java:25)
at pages.AdminUserPage.getButtonColor(AdminUserPage.java:25)
at pages.AdminUserPage.getButtonColor(AdminUserPage.java:25)
at pages.AdminUserPage.getButtonColor(AdminUserPage.java:25)
at pages.AdminUserPage.getButtonColor(AdminUserPage.java:25)
at pages.AdminUserPage.getButtonColor(AdminUserPage.java:25)
at pages.AdminUserPage.getButtonColor(AdminUserPage.java:25)
at pages.AdminUserPage.getButtonColor(AdminUserPage.java:25)
at pages.AdminUserPage.getButtonColor(AdminUserPage.java:25)
at pages.AdminUserPage.getButtonColor(AdminUserPage.java:25)
at pages.AdminUserPage.getButtonColor(AdminUserPage.java:25)
at pages.AdminUserPage.getButtonColor(AdminUserPage.java:25)
at pages.AdminUserPage.getButtonColor(AdminUserPage.java:25)
at pages.AdminUserPage.getButtonColor(AdminUserPage.java:25)
at pages.AdminUserPage.getButtonColor(AdminUserPage.java:25)
at pages.AdminUserPage.getButtonColor(AdminUserPage.java:25)
at pages.AdminUserPage.getButtonColor(AdminUserPage.java:25)
at pages.AdminUserPage.getButtonColor(AdminUserPage.java:25)
at pages.AdminUserPage.getButtonColor(AdminUserPage.java:25)
at pages.AdminUserPage.getButtonColor(AdminUserPage.java:25)
at pages.AdminUserPage.getButtonColor(AdminUserPage.java:25)
at pages.AdminUserPage.getButtonColor(AdminUserPage.java:25)
at pages.AdminUserPage.getButtonColor(AdminUserPage.java:25)
at pages.AdminUserPage.getButtonColor(AdminUserPage.java:25)
at pages.AdminUserPage.getButtonColor(AdminUserPage.java:25)
at pages.AdminUserPage.getButtonColor(AdminUserPage.java:25)
at pages.AdminUserPage.getButtonColor(AdminUserPage.java:25)
at pages.AdminUserPage.getButtonColor(AdminUserPage.java:25)
at pages.AdminUserPage.getButtonColor(AdminUserPage.java:25)
at pages.AdminUserPage.getButtonColor(AdminUserPage.java:25)
at pages.AdminUserPage.getButtonColor(AdminUserPage.java:25)
at pages.AdminUserPage.getButtonColor(AdminUserPage.java:25)
at pages.AdminUserPage.getButtonColor(AdminUserPage.java:25)
at pages.AdminUserPage.getButtonColor(AdminUserPage.java:25)
at pages.AdminUserPage.getButtonColor(AdminUserPage.java:25)
at pages.AdminUserPage.getButtonColor(AdminUserPage.java:25)
at pages.AdminUserPage.getButtonColor(AdminUserPage.java:25)
at pages.AdminUserPage.getButtonColor(AdminUserPage.java:25)
at pages.AdminUserPage.getButtonColor(AdminUserPage.java:25)
at pages.AdminUserPage.getButtonColor(AdminUserPage.java:25)
at pages.AdminUserPage.getButtonColor(AdminUserPage.java:25)
at pages.AdminUserPage.getButtonColor(AdminUserPage.java:25)
at pages.AdminUserPage.getButtonColor(AdminUserPage.java:25)
at pages.AdminUserPage.getButtonColor(AdminUserPage.java:25)
at pages.AdminUserPage.getButtonColor(AdminUserPage.java:25)
at pages.AdminUserPage.getButtonColor(AdminUserPage.java:25)
at pages.AdminUserPage.getButtonColor(AdminUserPage.java:25)
at pages.AdminUserPage.getButtonColor(AdminUserPage.java:25)
at pages.AdminUserPage.getButtonColor(AdminUserPage.java:25)
at pages.AdminUserPage.getButtonColor(AdminUserPage.java:25)
at pages.AdminUserPage.getButtonColor(AdminUserPage.java:25)
at pages.AdminUserPage.getButtonColor(AdminUserPage.java:25)
at pages.AdminUserPage.getButtonColor(AdminUserPage.java:25)
at pages.AdminUserPage.getButtonColor(AdminUserPage.java:25)
at pages.AdminUserPage.getButtonColor(AdminUserPage.java:25)
at pages.AdminUserPage.getButtonColor(AdminUserPage.java:25)
at pages.AdminUserPage.getButtonColor(AdminUserPage.java:25)
at pages.AdminUserPage.getButtonColor(AdminUserPage.java:25)
at pages.AdminUserPage.getButtonColor(AdminUserPage.java:25)
at pages.AdminUserPage.getButtonColor(AdminUserPage.java:25)
at pages.AdminUserPage.getButtonColor(AdminUserPage.java:25)
at pages.AdminUserPage.getButtonColor(AdminUserPage.java:25)
at pages.AdminUserPage.getButtonColor(AdminUserPage.java:25)
at pages.AdminUserPage.getButtonColor(AdminUserPage.java:25)
at pages.AdminUserPage.getButtonColor(AdminUserPage.java:25)
at pages.AdminUserPage.getButtonColor(AdminUserPage.java:25)
at pages.AdminUserPage.getButtonColor(AdminUserPage.java:25)
at pages.AdminUserPage.getButtonColor(AdminUserPage.java:25)
at pages.AdminUserPage.getButtonColor(AdminUserPage.java:25)
at pages.AdminUserPage.getButtonColor(AdminUserPage.java:25)
at pages.AdminUserPage.getButtonColor(AdminUserPage.java:25)
at pages.AdminUserPage.getButtonColor(AdminUserPage.java:25)
at pages.AdminUserPage.getButtonColor(AdminUserPage.java:25)
at pages.AdminUserPage.getButtonColor(AdminUserPage.java:25)
at pages.AdminUserPage.getButtonColor(AdminUserPage.java:25)
at pages.AdminUserPage.getButtonColor(AdminUserPage.java:25)
at pages.AdminUserPage.getButtonColor(AdminUserPage.java:25)
at pages.AdminUserPage.getButtonColor(AdminUserPage.java:25)
at pages.AdminUserPage.getButtonColor(AdminUserPage.java:25)
at pages.AdminUserPage.getButtonColor(AdminUserPage.java:25)
at pages.AdminUserPage.getButtonColor(AdminUserPage.java:25)
at pages.AdminUserPage.getButtonColor(AdminUserPage.java:25)
at pages.AdminUserPage.getButtonColor(AdminUserPage.java:25)
at pages.AdminUserPage.getButtonColor(AdminUserPage.java:25)
at pages.AdminUserPage.getButtonColor(AdminUserPage.java:25)
at pages.AdminUserPage.getButtonColor(AdminUserPage.java:25)
at pages.AdminUserPage.getButtonColor(AdminUserPage.java:25)
at pages.AdminUserPage.getButtonColor(AdminUserPage.java:25)
at pages.AdminUserPage.getButtonColor(AdminUserPage.java:25)
at pages.AdminUserPage.getButtonColor(AdminUserPage.java:25)
at pages.AdminUserPage.getButtonColor(AdminUserPage.java:25)
at pages.AdminUserPage.getButtonColor(AdminUserPage.java:25)
at pages.AdminUserPage.getButtonColor(AdminUserPage.java:25)
at pages.AdminUserPage.getButtonColor(AdminUserPage.java:25)
at pages.AdminUserPage.getButtonColor(AdminUserPage.java:25)
at pages.AdminUserPage.getButtonColor(AdminUserPage.java:25)
at pages.AdminUserPage.getButtonColor(AdminUserPage.java:25)
at pages.AdminUserPage.getButtonColor(AdminUserPage.java:25)
at pages.AdminUserPage.getButtonColor(AdminUserPage.java:25)
at pages.AdminUserPage.getButtonColor(AdminUserPage.java:25)
at pages.AdminUserPage.getButtonColor(AdminUserPage.java:25)
at pages.AdminUserPage.getButtonColor(AdminUserPage.java:25)
at pages.AdminUserPage.getButtonColor(AdminUserPage.java:25)
at pages.AdminUserPage.getButtonColor(AdminUserPage.java:25)
at pages.AdminUserPage.getButtonColor(AdminUserPage.java:25)
at pages.AdminUserPage.getButtonColor(AdminUserPage.java:25)
at pages.AdminUserPage.getButtonColor(AdminUserPage.java:25)
at pages.AdminUserPage.getButtonColor(AdminUserPage.java:25)
at pages.AdminUserPage.getButtonColor(AdminUserPage.java:25)
at pages.AdminUserPage.getButtonColor(AdminUserPage.java:25)
at pages.AdminUserPage.getButtonColor(AdminUserPage.java:25)
at pages.AdminUserPage.getButtonColor(AdminUserPage.java:25)
at pages.AdminUserPage.getButtonColor(AdminUserPage.java:25)
at pages.AdminUserPage.getButtonColor(AdminUserPage.java:25)
at pages.AdminUserPage.getButtonColor(AdminUserPage.java:25)
at pages.AdminUserPage.getButtonColor(AdminUserPage.java:25)
at pages.AdminUserPage.getButtonColor(AdminUserPage.java:25)
at pages.AdminUserPage.getButtonColor(AdminUserPage.java:25)
at pages.AdminUserPage.getButtonColor(AdminUserPage.java:25)
at pages.AdminUserPage.getButtonColor(AdminUserPage.java:25)
at pages.AdminUserPage.getButtonColor(AdminUserPage.java:25)
at pages.AdminUserPage.getButtonColor(AdminUserPage.java:25)
at pages.AdminUserPage.getButtonColor(AdminUserPage.java:25)
at pages.AdminUserPage.getButtonColor(AdminUserPage.java:25)
at pages.AdminUserPage.getButtonColor(AdminUserPage.java:25)
at pages.AdminUserPage.getButtonColor(AdminUserPage.java:25)
at pages.AdminUserPage.getButtonColor(AdminUserPage.java:25)
at pages.AdminUserPage.getButtonColor(AdminUserPage.java:25)
at pages.AdminUserPage.getButtonColor(AdminUserPage.java:25)
at pages.AdminUserPage.getButtonColor(AdminUserPage.java:25)
at pages.AdminUserPage.getButtonColor(AdminUserPage.java:25)
at pages.AdminUserPage.getButtonColor(AdminUserPage.java:25)
at pages.AdminUserPage.getButtonColor(AdminUserPage.java:25)
at pages.AdminUserPage.getButtonColor(AdminUserPage.java:25)
at pages.AdminUserPage.getButtonColor(AdminUserPage.java:25)
at pages.AdminUserPage.getButtonColor(AdminUserPage.java:25)
at pages.AdminUserPage.getButtonColor(AdminUserPage.java:25)
at pages.AdminUserPage.getButtonColor(AdminUserPage.java:25)
at pages.AdminUserPage.getButtonColor(AdminUserPage.java:25)
at pages.AdminUserPage.getButtonColor(AdminUserPage.java:25)
at pages.AdminUserPage.getButtonColor(AdminUserPage.java:25)
at pages.AdminUserPage.getButtonColor(AdminUserPage.java:25)
at pages.AdminUserPage.getButtonColor(AdminUserPage.java:25)
at pages.AdminUserPage.getButtonColor(AdminUserPage.java:25)
at pages.AdminUserPage.getButtonColor(AdminUserPage.java:25)
at pages.AdminUserPage.getButtonColor(AdminUserPage.java:25)
at pages.AdminUserPage.getButtonColor(AdminUserPage.java:25)
at pages.AdminUserPage.getButtonColor(AdminUserPage.java:25)
at pages.AdminUserPage.getButtonColor(AdminUserPage.java:25)
at pages.AdminUserPage.getButtonColor(AdminUserPage.java:25)
at pages.AdminUserPage.getButtonColor(AdminUserPage.java:25)
at pages.AdminUserPage.getButtonColor(AdminUserPage.java:25)
at pages.AdminUserPage.getButtonColor(AdminUserPage.java:25)
at pages.AdminUserPage.getButtonColor(AdminUserPage.java:25)
at pages.AdminUserPage.getButtonColor(AdminUserPage.java:25)
at pages.AdminUserPage.getButtonColor(AdminUserPage.java:25)
at pages.AdminUserPage.getButtonColor(AdminUserPage.java:25)
at pages.AdminUserPage.getButtonColor(AdminUserPage.java:25)
at pages.AdminUserPage.getButtonColor(AdminUserPage.java:25)
at pages.AdminUserPage.getButtonColor(AdminUserPage.java:25)
at pages.AdminUserPage.getButtonColor(AdminUserPage.java:25)
at pages.AdminUserPage.getButtonColor(AdminUserPage.java:25)
at pages.AdminUserPage.getButtonColor(AdminUserPage.java:25)
at pages.AdminUserPage.getButtonColor(AdminUserPage.java:25)
at pages.AdminUserPage.getButtonColor(AdminUserPage.java:25)
at pages.AdminUserPage.getButtonColor(AdminUserPage.java:25)
at pages.AdminUserPage.getButtonColor(AdminUserPage.java:25)
at pages.AdminUserPage.getButtonColor(AdminUserPage.java:25)
at pages.AdminUserPage.getButtonColor(AdminUserPage.java:25)
at pages.AdminUserPage.getButtonColor(AdminUserPage.java:25)
at pages.AdminUserPage.getButtonColor(AdminUserPage.java:25)
at pages.AdminUserPage.getButtonColor(AdminUserPage.java:25)
at pages.AdminUserPage.getButtonColor(AdminUserPage.java:25)
at pages.AdminUserPage.getButtonColor(AdminUserPage.java:25)
at pages.AdminUserPage.getButtonColor(AdminUserPage.java:25)
at pages.AdminUserPage.getButtonColor(AdminUserPage.java:25)
at pages.AdminUserPage.getButtonColor(AdminUserPage.java:25)
at pages.AdminUserPage.getButtonColor(AdminUserPage.java:25)
at pages.AdminUserPage.getButtonColor(AdminUserPage.java:25)
at pages.AdminUserPage.getButtonColor(AdminUserPage.java:25)
at pages.AdminUserPage.getButtonColor(AdminUserPage.java:25)
at pages.AdminUserPage.getButtonColor(AdminUserPage.java:25)
at pages.AdminUserPage.getButtonColor(AdminUserPage.java:25)
at pages.AdminUserPage.getButtonColor(AdminUserPage.java:25)
at pages.AdminUserPage.getButtonColor(AdminUserPage.java:25)
at pages.AdminUserPage.getButtonColor(AdminUserPage.java:25)
at pages.AdminUserPage.getButtonColor(AdminUserPage.java:25)
at pages.AdminUserPage.getButtonColor(AdminUserPage.java:25)
at pages.AdminUserPage.getButtonColor(AdminUserPage.java:25)
at pages.AdminUserPage.getButtonColor(AdminUserPage.java:25)
at pages.AdminUserPage.getButtonColor(AdminUserPage.java:25)
at pages.AdminUserPage.getButtonColor(AdminUserPage.java:25)
at pages.AdminUserPage.getButtonColor(AdminUserPage.java:25)
at pages.AdminUserPage.getButtonColor(AdminUserPage.java:25)
at pages.AdminUserPage.getButtonColor(AdminUserPage.java:25)
at pages.AdminUserPage.getButtonColor(AdminUserPage.java:25)
at pages.AdminUserPage.getButtonColor(AdminUserPage.java:25)
at pages.AdminUserPage.getButtonColor(AdminUserPage.java:25)
at pages.AdminUserPage.getButtonColor(AdminUserPage.java:25)
at pages.AdminUserPage.getButtonColor(AdminUserPage.java:25)
at pages.AdminUserPage.getButtonColor(AdminUserPage.java:25)
at pages.AdminUserPage.getButtonColor(AdminUserPage.java:25)
at pages.AdminUserPage.getButtonColor(AdminUserPage.java:25)
at pages.AdminUserPage.getButtonColor(AdminUserPage.java:25)
at pages.AdminUserPage.getButtonColor(AdminUserPage.java:25)
at pages.AdminUserPage.getButtonColor(AdminUserPage.java:25)
at pages.AdminUserPage.getButtonColor(AdminUserPage.java:25)
at pages.AdminUserPage.getButtonColor(AdminUserPage.java:25)
at pages.AdminUserPage.getButtonColor(AdminUserPage.java:25)
at pages.AdminUserPage.getButtonColor(AdminUserPage.java:25)
at pages.AdminUserPage.getButtonColor(AdminUserPage.java:25)
at pages.AdminUserPage.getButtonColor(AdminUserPage.java:25)
at pages.AdminUserPage.getButtonColor(AdminUserPage.java:25)
at pages.AdminUserPage.getButtonColor(AdminUserPage.java:25)
at pages.AdminUserPage.getButtonColor(AdminUserPage.java:25)
at pages.AdminUserPage.getButtonColor(AdminUserPage.java:25)
at pages.AdminUserPage.getButtonColor(AdminUserPage.java:25)
at pages.AdminUserPage.getButtonColor(AdminUserPage.java:25)
at pages.AdminUserPage.getButtonColor(AdminUserPage.java:25)
at pages.AdminUserPage.getButtonColor(AdminUserPage.java:25)
at pages.AdminUserPage.getButtonColor(AdminUserPage.java:25)
at pages.AdminUserPage.getButtonColor(AdminUserPage.java:25)
at pages.AdminUserPage.getButtonColor(AdminUserPage.java:25)
at pages.AdminUserPage.getButtonColor(AdminUserPage.java:25)
at pages.AdminUserPage.getButtonColor(AdminUserPage.java:25)
at pages.AdminUserPage.getButtonColor(AdminUserPage.java:25)
at pages.AdminUserPage.getButtonColor(AdminUserPage.java:25)
at pages.AdminUserPage.getButtonColor(AdminUserPage.java:25)
at pages.AdminUserPage.getButtonColor(AdminUserPage.java:25)
at pages.AdminUserPage.getButtonColor(AdminUserPage.java:25)
at pages.AdminUserPage.getButtonColor(AdminUserPage.java:25)
at pages.AdminUserPage.getButtonColor(AdminUserPage.java:25)
at pages.AdminUserPage.getButtonColor(AdminUserPage.java:25)
at pages.AdminUserPage.getButtonColor(AdminUserPage.java:25)
at pages.AdminUserPage.getButtonColor(AdminUserPage.java:25)
at pages.AdminUserPage.getButtonColor(AdminUserPage.java:25)
at pages.AdminUserPage.getButtonColor(AdminUserPage.java:25)
at pages.AdminUserPage.getButtonColor(AdminUserPage.java:25)
at pages.AdminUserPage.getButtonColor(AdminUserPage.java:25)
at pages.AdminUserPage.getButtonColor(AdminUserPage.java:25)
at pages.AdminUserPage.getButtonColor(AdminUserPage.java:25)
at pages.AdminUserPage.getButtonColor(AdminUserPage.java:25)
at pages.AdminUserPage.getButtonColor(AdminUserPage.java:25)
at pages.AdminUserPage.getButtonColor(AdminUserPage.java:25)
at pages.AdminUserPage.getButtonColor(AdminUserPage.java:25)
at pages.AdminUserPage.getButtonColor(AdminUserPage.java:25)
at pages.AdminUserPage.getButtonColor(AdminUserPage.java:25)
at pages.AdminUserPage.getButtonColor(AdminUserPage.java:25)
at pages.AdminUserPage.getButtonColor(AdminUserPage.java:25)
at pages.AdminUserPage.getButtonColor(AdminUserPage.java:25)
at pages.AdminUserPage.getButtonColor(AdminUserPage.java:25)
at pages.AdminUserPage.getButtonColor(AdminUserPage.java:25)
at pages.AdminUserPage.getButtonColor(AdminUserPage.java:25)
at pages.AdminUserPage.getButtonColor(AdminUserPage.java:25)
at pages.AdminUserPage.getButtonColor(AdminUserPage.java:25)
at pages.AdminUserPage.getButtonColor(AdminUserPage.java:25)
at pages.AdminUserPage.getButtonColor(AdminUserPage.java:25)
at pages.AdminUserPage.getButtonColor(AdminUserPage.java:25)
at pages.AdminUserPage.getButtonColor(AdminUserPage.java:25)
at pages.AdminUserPage.getButtonColor(AdminUserPage.java:25)
at pages.AdminUserPage.getButtonColor(AdminUserPage.java:25)
at pages.AdminUserPage.getButtonColor(AdminUserPage.java:25)
at pages.AdminUserPage.getButtonColor(AdminUserPage.java:25)
at pages.AdminUserPage.getButtonColor(AdminUserPage.java:25)
at pages.AdminUserPage.getButtonColor(AdminUserPage.java:25)
at pages.AdminUserPage.getButtonColor(AdminUserPage.java:25)
at pages.AdminUserPage.getButtonColor(AdminUserPage.java:25)
at pages.AdminUserPage.getButtonColor(AdminUserPage.java:25)
at pages.AdminUserPage.getButtonColor(AdminUserPage.java:25)
at pages.AdminUserPage.getButtonColor(AdminUserPage.java:25)
at pages.AdminUserPage.getButtonColor(AdminUserPage.java:25)
at pages.AdminUserPage.getButtonColor(AdminUserPage.java:25)
at pages.AdminUserPage.getButtonColor(AdminUserPage.java:25)
at pages.AdminUserPage.getButtonColor(AdminUserPage.java:25)
at pages.AdminUserPage.getButtonColor(AdminUserPage.java:25)
at pages.AdminUserPage.getButtonColor(AdminUserPage.java:25)
at pages.AdminUserPage.getButtonColor(AdminUserPage.java:25)
at pages.AdminUserPage.getButtonColor(AdminUserPage.java:25)
at pages.AdminUserPage.getButtonColor(AdminUserPage.java:25)
at pages.AdminUserPage.getButtonColor(AdminUserPage.java:25)
at pages.AdminUserPage.getButtonColor(AdminUserPage.java:25)
at pages.AdminUserPage.getButtonColor(AdminUserPage.java:25)
at pages.AdminUserPage.getButtonColor(AdminUserPage.java:25)
at pages.AdminUserPage.getButtonColor(AdminUserPage.java:25)
at pages.AdminUserPage.getButtonColor(AdminUserPage.java:25)
at pages.AdminUserPage.getButtonColor(AdminUserPage.java:25)
at pages.AdminUserPage.getButtonColor(AdminUserPage.java:25)
at pages.AdminUserPage.getButtonColor(AdminUserPage.java:25)
at pages.AdminUserPage.getButtonColor(AdminUserPage.java:25)
at pages.AdminUserPage.getButtonColor(AdminUserPage.java:25)
at pages.AdminUserPage.getButtonColor(AdminUserPage.java:25)
at pages.AdminUserPage.getButtonColor(AdminUserPage.java:25)
at pages.AdminUserPage.getButtonColor(AdminUserPage.java:25)
at pages.AdminUserPage.getButtonColor(AdminUserPage.java:25)
at pages.AdminUserPage.getButtonColor(AdminUserPage.java:25)
at pages.AdminUserPage.getButtonColor(AdminUserPage.java:25)
at pages.AdminUserPage.getButtonColor(AdminUserPage.java:25)
at pages.AdminUserPage.getButtonColor(AdminUserPage.java:25)
at pages.AdminUserPage.getButtonColor(AdminUserPage.java:25)
at pages.AdminUserPage.getButtonColor(AdminUserPage.java:25)
at pages.AdminUserPage.getButtonColor(AdminUserPage.java:25)
at pages.AdminUserPage.getButtonColor(AdminUserPage.java:25)
at pages.AdminUserPage.getButtonColor(AdminUserPage.java:25)
at pages.AdminUserPage.getButtonColor(AdminUserPage.java:25)
at pages.AdminUserPage.getButtonColor(AdminUserPage.java:25)
at pages.AdminUserPage.getButtonColor(AdminUserPage.java:25)
at pages.AdminUserPage.getButtonColor(AdminUserPage.java:25)
at pages.AdminUserPage.getButtonColor(AdminUserPage.java:25)
at pages.AdminUserPage.getButtonColor(AdminUserPage.java:25)
at pages.AdminUserPage.getButtonColor(AdminUserPage.java:25)
at pages.AdminUserPage.getButtonColor(AdminUserPage.java:25)
at pages.AdminUserPage.getButtonColor(AdminUserPage.java:25)
at pages.AdminUserPage.getButtonColor(AdminUserPage.java:25)
at pages.AdminUserPage.getButtonColor(AdminUserPage.java:25)
at pages.AdminUserPage.getButtonColor(AdminUserPage.java:25)
at pages.AdminUserPage.getButtonColor(AdminUserPage.java:25)
at pages.AdminUserPage.getButtonColor(AdminUserPage.java:25)
at pages.AdminUserPage.getButtonColor(AdminUserPage.java:25)
at pages.AdminUserPage.getButtonColor(AdminUserPage.java:25)
at pages.AdminUserPage.getButtonColor(AdminUserPage.java:25)
at pages.AdminUserPage.getButtonColor(AdminUserPage.java:25)
at pages.AdminUserPage.getButtonColor(AdminUserPage.java:25)
at pages.AdminUserPage.getButtonColor(AdminUserPage.java:25)
at pages.AdminUserPage.getButtonColor(AdminUserPage.java:25)
at pages.AdminUserPage.getButtonColor(AdminUserPage.java:25)
at pages.AdminUserPage.getButtonColor(AdminUserPage.java:25)
at pages.AdminUserPage.getButtonColor(AdminUserPage.java:25)
at pages.AdminUserPage.getButtonColor(AdminUserPage.java:25)
at pages.AdminUserPage.getButtonColor(AdminUserPage.java:25)
at pages.AdminUserPage.getButtonColor(AdminUserPage.java:25)
at pages.AdminUserPage.getButtonColor(AdminUserPage.java:25)
at pages.AdminUserPage.getButtonColor(AdminUserPage.java:25)
at pages.AdminUserPage.getButtonColor(AdminUserPage.java:25)
at pages.AdminUserPage.getButtonColor(AdminUserPage.java:25)
at pages.AdminUserPage.getButtonColor(AdminUserPage.java:25)
at pages.AdminUserPage.getButtonColor(AdminUserPage.java:25)
at pages.AdminUserPage.getButtonColor(AdminUserPage.java:25)
at pages.AdminUserPage.getButtonColor(AdminUserPage.java:25)
at pages.AdminUserPage.getButtonColor(AdminUserPage.java:25)
at pages.AdminUserPage.getButtonColor(AdminUserPage.java:25)
at pages.AdminUserPage.getButtonColor(AdminUserPage.java:25)
at pages.AdminUserPage.getButtonColor(AdminUserPage.java:25)
at pages.AdminUserPage.getButtonColor(AdminUserPage.java:25)
at pages.AdminUserPage.getButtonColor(AdminUserPage.java:25)
at pages.AdminUserPage.getButtonColor(AdminUserPage.java:25)
at pages.AdminUserPage.getButtonColor(AdminUserPage.java:25)
at pages.AdminUserPage.getButtonColor(AdminUserPage.java:25)
at pages.AdminUserPage.getButtonColor(AdminUserPage.java:25)
at pages.AdminUserPage.getButtonColor(AdminUserPage.java:25)
at pages.AdminUserPage.getButtonColor(AdminUserPage.java:25)
at pages.AdminUserPage.getButtonColor(AdminUserPage.java:25)
at pages.AdminUserPage.getButtonColor(AdminUserPage.java:25)
at pages.AdminUserPage.getButtonColor(AdminUserPage.java:25)
at pages.AdminUserPage.getButtonColor(AdminUserPage.java:25)
at pages.AdminUserPage.getButtonColor(AdminUserPage.java:25)
at pages.AdminUserPage.getButtonColor(AdminUserPage.java:25)
at pages.AdminUserPage.getButtonColor(AdminUserPage.java:25)
at pages.AdminUserPage.getButtonColor(AdminUserPage.java:25)
at pages.AdminUserPage.getButtonColor(AdminUserPage.java:25)
at pages.AdminUserPage.getButtonColor(AdminUserPage.java:25)
at pages.AdminUserPage.getButtonColor(AdminUserPage.java:25)
at pages.AdminUserPage.getButtonColor(AdminUserPage.java:25)
at pages.AdminUserPage.getButtonColor(AdminUserPage.java:25)
at pages.AdminUserPage.getButtonColor(AdminUserPage.java:25)
at pages.AdminUserPage.getButtonColor(AdminUserPage.java:25)
at pages.AdminUserPage.getButtonColor(AdminUserPage.java:25)
at pages.AdminUserPage.getButtonColor(AdminUserPage.java:25)
at pages.AdminUserPage.getButtonColor(AdminUserPage.java:25)
at pages.AdminUserPage.getButtonColor(AdminUserPage.java:25)
at pages.AdminUserPage.getButtonColor(AdminUserPage.java:25)
at pages.AdminUserPage.getButtonColor(AdminUserPage.java:25)
at pages.AdminUserPage.getButtonColor(AdminUserPage.java:25)
at pages.AdminUserPage.getButtonColor(AdminUserPage.java:25)
at pages.AdminUserPage.getButtonColor(AdminUserPage.java:25)
at pages.AdminUserPage.getButtonColor(AdminUserPage.java:25)
at pages.AdminUserPage.getButtonColor(AdminUserPage.java:25)
at pages.AdminUserPage.getButtonColor(AdminUserPage.java:25)
at pages.AdminUserPage.getButtonColor(AdminUserPage.java:25)
at pages.AdminUserPage.getButtonColor(AdminUserPage.java:25)
at pages.AdminUserPage.getButtonColor(AdminUserPage.java:25)
at pages.AdminUserPage.getButtonColor(AdminUserPage.java:25)
at pages.AdminUserPage.getButtonColor(AdminUserPage.java:25)
at pages.AdminUserPage.getButtonColor(AdminUserPage.java:25)
at pages.AdminUserPage.getButtonColor(AdminUserPage.java:25)
at pages.AdminUserPage.getButtonColor(AdminUserPage.java:25)
at pages.AdminUserPage.getButtonColor(AdminUserPage.java:25)
at pages.AdminUserPage.getButtonColor(AdminUserPage.java:25)
at pages.AdminUserPage.getButtonColor(AdminUserPage.java:25)
at pages.AdminUserPage.getButtonColor(AdminUserPage.java:25)
at pages.AdminUserPage.getButtonColor(AdminUserPage.java:25)
at pages.AdminUserPage.getButtonColor(AdminUserPage.java:25)
at pages.AdminUserPage.getButtonColor(AdminUserPage.java:25)
at pages.AdminUserPage.getButtonColor(AdminUserPage.java:25)
at pages.AdminUserPage.getButtonColor(AdminUserPage.java:25)
at pages.AdminUserPage.getButtonColor(AdminUserPage.java:25)
at pages.AdminUserPage.getButtonColor(AdminUserPage.java:25)
at pages.AdminUserPage.getButtonColor(AdminUserPage.java:25)
at pages.AdminUserPage.getButtonColor(AdminUserPage.java:25)
at pages.AdminUserPage.getButtonColor(AdminUserPage.java:25)
at pages.AdminUserPage.getButtonColor(AdminUserPage.java:25)
at pages.AdminUserPage.getButtonColor(AdminUserPage.java:25)
at pages.AdminUserPage.getButtonColor(AdminUserPage.java:25)
at pages.AdminUserPage.getButtonColor(AdminUserPage.java:25)
at pages.AdminUserPage.getButtonColor(AdminUserPage.java:25)
at pages.AdminUserPage.getButtonColor(AdminUserPage.java:25)
at pages.AdminUserPage.getButtonColor(AdminUserPage.java:25)
at pages.AdminUserPage.getButtonColor(AdminUserPage.java:25)
at pages.AdminUserPage.getButtonColor(AdminUserPage.java:25)
at pages.AdminUserPage.getButtonColor(AdminUserPage.java:25)
at pages.AdminUserPage.getButtonColor(AdminUserPage.java:25)
at pages.AdminUserPage.getButtonColor(AdminUserPage.java:25)
at pages.AdminUserPage.getButtonColor(AdminUserPage.java:25)
at pages.AdminUserPage.getButtonColor(AdminUserPage.java:25)
at pages.AdminUserPage.getButtonColor(AdminUserPage.java:25)
at pages.AdminUserPage.getButtonColor(AdminUserPage.java:25)
at pages.AdminUserPage.getButtonColor(AdminUserPage.java:25)
at pages.AdminUserPage.getButtonColor(AdminUserPage.java:25)
at pages.AdminUserPage.getButtonColor(AdminUserPage.java:25)
at pages.AdminUserPage.getButtonColor(AdminUserPage.java:25)
at pages.AdminUserPage.getButtonColor(AdminUserPage.java:25)
at pages.AdminUserPage.getButtonColor(AdminUserPage.java:25)
at pages.AdminUserPage.getButtonColor(AdminUserPage.java:25)
at pages.AdminUserPage.getButtonColor(AdminUserPage.java:25)
at pages.AdminUserPage.getButtonColor(AdminUserPage.java:25)
at pages.AdminUserPage.getButtonColor(AdminUserPage.java:25)
at pages.AdminUserPage.getButtonColor(AdminUserPage.java:25)
at pages.AdminUserPage.getButtonColor(AdminUserPage.java:25)
at pages.AdminUserPage.getButtonColor(AdminUserPage.java:25)
at pages.AdminUserPage.getButtonColor(AdminUserPage.java:25)
at pages.AdminUserPage.getButtonColor(AdminUserPage.java:25)
at pages.AdminUserPage.getButtonColor(AdminUserPage.java:25)
at pages.AdminUserPage.getButtonColor(AdminUserPage.java:25)
at pages.AdminUserPage.getButtonColor(AdminUserPage.java:25)
at pages.AdminUserPage.getButtonColor(AdminUserPage.java:25)
at pages.AdminUserPage.getButtonColor(AdminUserPage.java:25)
at pages.AdminUserPage.getButtonColor(AdminUserPage.java:25)
at pages.AdminUserPage.getButtonColor(AdminUserPage.java:25)
at pages.AdminUserPage.getButtonColor(AdminUserPage.java:25)
at pages.AdminUserPage.getButtonColor(AdminUserPage.java:25)
at pages.AdminUserPage.getButtonColor(AdminUserPage.java:25)
at pages.AdminUserPage.getButtonColor(AdminUserPage.java:25)
at pages.AdminUserPage.getButtonColor(AdminUserPage.java:25)
at pages.AdminUserPage.getButtonColor(AdminUserPage.java:25)
at pages.AdminUserPage.getButtonColor(AdminUserPage.java:25)
at pages.AdminUserPage.getButtonColor(AdminUserPage.java:25)
at pages.AdminUserPage.getButtonColor(AdminUserPage.java:25)
at pages.AdminUserPage.getButtonColor(AdminUserPage.java:25)
at pages.AdminUserPage.getButtonColor(AdminUserPage.java:25)
at pages.AdminUserPage.getButtonColor(AdminUserPage.java:25)
at pages.AdminUserPage.getButtonColor(AdminUserPage.java:25)
at pages.AdminUserPage.getButtonColor(AdminUserPage.java:25)
at pages.AdminUserPage.getButtonColor(AdminUserPage.java:25)
at pages.AdminUserPage.getButtonColor(AdminUserPage.java:25)
at pages.AdminUserPage.getButtonColor(AdminUserPage.java:25)
at pages.AdminUserPage.getButtonColor(AdminUserPage.java:25)
at pages.AdminUserPage.getButtonColor(AdminUserPage.java:25)
at pages.AdminUserPage.getButtonColor(AdminUserPage.java:25)
at pages.AdminUserPage.getButtonColor(AdminUserPage.java:25)
at pages.AdminUserPage.getButtonColor(AdminUserPage.java:25)
at pages.AdminUserPage.getButtonColor(AdminUserPage.java:25)
at pages.AdminUserPage.getButtonColor(AdminUserPage.java:25)
at pages.AdminUserPage.getButtonColor(AdminUserPage.java:25)
at pages.AdminUserPage.getButtonColor(AdminUserPage.java:25)
at pages.AdminUserPage.getButtonColor(AdminUserPage.java:25)
at pages.AdminUserPage.getButtonColor(AdminUserPage.java:25)
at pages.AdminUserPage.getButtonColor(AdminUserPage.java:25)
at pages.AdminUserPage.getButtonColor(AdminUserPage.java:25)
at pages.AdminUserPage.getButtonColor(AdminUserPage.java:25)
at pages.AdminUserPage.getButtonColor(AdminUserPage.java:25)
at pages.AdminUserPage.getButtonColor(AdminUserPage.java:25)
at pages.AdminUserPage.getButtonColor(AdminUserPage.java:25)
at pages.AdminUserPage.getButtonColor(AdminUserPage.java:25)
at pages.AdminUserPage.getButtonColor(AdminUserPage.java:25)
at pages.AdminUserPage.getButtonColor(AdminUserPage.java:25)
at pages.AdminUserPage.getButtonColor(AdminUserPage.java:25)
at pages.AdminUserPage.getButtonColor(AdminUserPage.java:25)
at pages.AdminUserPage.getButtonColor(AdminUserPage.java:25)
at pages.AdminUserPage.getButtonColor(AdminUserPage.java:25)
at pages.AdminUserPage.getButtonColor(AdminUserPage.java:25)
at pages.AdminUserPage.getButtonColor(AdminUserPage.java:25)
at pages.AdminUserPage.getButtonColor(AdminUserPage.java:25)
at pages.AdminUserPage.getButtonColor(AdminUserPage.java:25)
at pages.AdminUserPage.getButtonColor(AdminUserPage.java:25)
at pages.AdminUserPage.getButtonColor(AdminUserPage.java:25)
at pages.AdminUserPage.getButtonColor(AdminUserPage.java:25)
at pages.AdminUserPage.getButtonColor(AdminUserPage.java:25)
at pages.AdminUserPage.getButtonColor(AdminUserPage.java:25)
at pages.AdminUserPage.getButtonColor(AdminUserPage.java:25)
at pages.AdminUserPage.getButtonColor(AdminUserPage.java:25)
at pages.AdminUserPage.getButtonColor(AdminUserPage.java:25)
at pages.AdminUserPage.getButtonColor(AdminUserPage.java:25)
at pages.AdminUserPage.getButtonColor(AdminUserPage.java:25)
at pages.AdminUserPage.getButtonColor(AdminUserPage.java:25)
at pages.AdminUserPage.getButtonColor(AdminUserPage.java:25)
at pages.AdminUserPage.getButtonColor(AdminUserPage.java:25)
at pages.AdminUserPage.getButtonColor(AdminUserPage.java:25)
at pages.AdminUserPage.getButtonColor(AdminUserPage.java:25)
at pages.AdminUserPage.getButtonColor(AdminUserPage.java:25)
at pages.AdminUserPage.getButtonColor(AdminUserPage.java:25)
at pages.AdminUserPage.getButtonColor(AdminUserPage.java:25)
at pages.AdminUserPage.getButtonColor(AdminUserPage.java:25)
at pages.AdminUserPage.getButtonColor(AdminUserPage.java:25)
at pages.AdminUserPage.getButtonColor(AdminUserPage.java:25)
at pages.AdminUserPage.getButtonColor(AdminUserPage.java:25)
at pages.AdminUserPage.getButtonColor(AdminUserPage.java:25)
at pages.AdminUserPage.getButtonColor(AdminUserPage.java:25)
at pages.AdminUserPage.getButtonColor(AdminUserPage.java:25)
at pages.AdminUserPage.getButtonColor(AdminUserPage.java:25)
at pages.AdminUserPage.getButtonColor(AdminUserPage.java:25)
at pages.AdminUserPage.getButtonColor(AdminUserPage.java:25)
at pages.AdminUserPage.getButtonColor(AdminUserPage.java:25)
at pages.AdminUserPage.getButtonColor(AdminUserPage.java:25)
at pages.AdminUserPage.getButtonColor(AdminUserPage.java:25)
at pages.AdminUserPage.getButtonColor(AdminUserPage.java:25)
at pages.AdminUserPage.getButtonColor(AdminUserPage.java:25)
at pages.AdminUserPage.getButtonColor(AdminUserPage.java:25)
at pages.AdminUserPage.getButtonColor(AdminUserPage.java:25)
at pages.AdminUserPage.getButtonColor(AdminUserPage.java:25)
at pages.AdminUserPage.getButtonColor(AdminUserPage.java:25)
at pages.AdminUserPage.getButtonColor(AdminUserPage.java:25)
at pages.AdminUserPage.getButtonColor(AdminUserPage.java:25)
at pages.AdminUserPage.getButtonColor(AdminUserPage.java:25)
at pages.AdminUserPage.getButtonColor(AdminUserPage.java:25)
at pages.AdminUserPage.getButtonColor(AdminUserPage.java:25)
at pages.AdminUserPage.getButtonColor(AdminUserPage.java:25)
at pages.AdminUserPage.getButtonColor(AdminUserPage.java:25)
at pages.AdminUserPage.getButtonColor(AdminUserPage.java:25)
at pages.AdminUserPage.getButtonColor(AdminUserPage.java:25)
at pages.AdminUserPage.getButtonColor(AdminUserPage.java:25)
at pages.AdminUserPage.getButtonColor(AdminUserPage.java:25)
at pages.AdminUserPage.getButtonColor(AdminUserPage.java:25)
at pages.AdminUserPage.getButtonColor(AdminUserPage.java:25)
at pages.AdminUserPage.getButtonColor(AdminUserPage.java:25)
at pages.AdminUserPage.getButtonColor(AdminUserPage.java:25)
at pages.AdminUserPage.getButtonColor(AdminUserPage.java:25)
at pages.AdminUserPage.getButtonColor(AdminUserPage.java:25)
at pages.AdminUserPage.getButtonColor(AdminUserPage.java:25)
at pages.AdminUserPage.getButtonColor(AdminUserPage.java:25)
at pages.AdminUserPage.getButtonColor(AdminUserPage.java:25)
at pages.AdminUserPage.getButtonColor(AdminUserPage.java:25)
at pages.AdminUserPage.getButtonColor(AdminUserPage.java:25)
at pages.AdminUserPage.getButtonColor(AdminUserPage.java:25)
at pages.AdminUserPage.getButtonColor(AdminUserPage.java:25)
at pages.AdminUserPage.getButtonColor(AdminUserPage.java:25)
at pages.AdminUserPage.getButtonColor(AdminUserPage.java:25)
at pages.AdminUserPage.getButtonColor(AdminUserPage.java:25)
at pages.AdminUserPage.getButtonColor(AdminUserPage.java:25)
at pages.AdminUserPage.getButtonColor(AdminUserPage.java:25)
at pages.AdminUserPage.getButtonColor(AdminUserPage.java:25)
at pages.AdminUserPage.getButtonColor(AdminUserPage.java:25)
at pages.AdminUserPage.getButtonColor(AdminUserPage.java:25)
at pages.AdminUserPage.getButtonColor(AdminUserPage.java:25)
at pages.AdminUserPage.getButtonColor(AdminUserPage.java:25)
at pages.AdminUserPage.getButtonColor(AdminUserPage.java:25)
at pages.AdminUserPage.getButtonColor(AdminUserPage.java:25)
at pages.AdminUserPage.getButtonColor(AdminUserPage.java:25)
at pages.AdminUserPage.getButtonColor(AdminUserPage.java:25)
at pages.AdminUserPage.getButtonColor(AdminUserPage.java:25)
at pages.AdminUserPage.getButtonColor(AdminUserPage.java:25)
at pages.AdminUserPage.getButtonColor(AdminUserPage.java:25)
at pages.AdminUserPage.getButtonColor(AdminUserPage.java:25)
at pages.AdminUserPage.getButtonColor(AdminUserPage.java:25)
at pages.AdminUserPage.getButtonColor(AdminUserPage.java:25)
at pages.AdminUserPage.getButtonColor(AdminUserPage.java:25)
at pages.AdminUserPage.getButtonColor(AdminUserPage.java:25)
at pages.AdminUserPage.getButtonColor(AdminUserPage.java:25)
at pages.AdminUserPage.getButtonColor(AdminUserPage.java:25)
at pages.AdminUserPage.getButtonColor(AdminUserPage.java:25)
at pages.AdminUserPage.getButtonColor(AdminUserPage.java:25)
at pages.AdminUserPage.getButtonColor(AdminUserPage.java:25)
at pages.AdminUserPage.getButtonColor(AdminUserPage.java:25)
at pages.AdminUserPage.getButtonColor(AdminUserPage.java:25)
at pages.AdminUserPage.getButtonColor(AdminUserPage.java:25)
at pages.AdminUserPage.getButtonColor(AdminUserPage.java:25)
at pages.AdminUserPage.getButtonColor(AdminUserPage.java:25)
at pages.AdminUserPage.getButtonColor(AdminUserPage.java:25)
at pages.AdminUserPage.getButtonColor(AdminUserPage.java:25)
at pages.AdminUserPage.getButtonColor(AdminUserPage.java:25)
at pages.AdminUserPage.getButtonColor(AdminUserPage.java:25)
at pages.AdminUserPage.getButtonColor(AdminUserPage.java:25)
at pages.AdminUserPage.getButtonColor(AdminUserPage.java:25)
at pages.AdminUserPage.getButtonColor(AdminUserPage.java:25)
at pages.AdminUserPage.getButtonColor(AdminUserPage.java:25)
at pages.AdminUserPage.getButtonColor(AdminUserPage.java:25)
at pages.AdminUserPage.getButtonColor(AdminUserPage.java:25)
at pages.AdminUserPage.getButtonColor(AdminUserPage.java:25)
at pages.AdminUserPage.getButtonColor(AdminUserPage.java:25)
at pages.AdminUserPage.getButtonColor(AdminUserPage.java:25)
at pages.AdminUserPage.getButtonColor(AdminUserPage.java:25)
at pages.AdminUserPage.getButtonColor(AdminUserPage.java:25)
at pages.AdminUserPage.getButtonColor(AdminUserPage.java:25)
at pages.AdminUserPage.getButtonColor(AdminUserPage.java:25)
at pages.AdminUserPage.getButtonColor(AdminUserPage.java:25)
at pages.AdminUserPage.getButtonColor(AdminUserPage.java:25)
at pages.AdminUserPage.getButtonColor(AdminUserPage.java:25)
at pages.AdminUserPage.getButtonColor(AdminUserPage.java:25)
at pages.AdminUserPage.getButtonColor(AdminUserPage.java:25)
at pages.AdminUserPage.getButtonColor(AdminUserPage.java:25)
at pages.AdminUserPage.getButtonColor(AdminUserPage.java:25)
at pages.AdminUserPage.getButtonColor(AdminUserPage.java:25)
at pages.AdminUserPage.getButtonColor(AdminUserPage.java:25)
at pages.AdminUserPage.getButtonColor(AdminUserPage.java:25)
at pages.AdminUserPage.getButtonColor(AdminUserPage.java:25)
at pages.AdminUserPage.getButtonColor(AdminUserPage.java:25)
at pages.AdminUserPage.getButtonColor(AdminUserPage.java:25)
at pages.AdminUserPage.getButtonColor(AdminUserPage.java:25)
at pages.AdminUserPage.getButtonColor(AdminUserPage.java:25)
at pages.AdminUserPage.getButtonColor(AdminUserPage.java:25)
at pages.AdminUserPage.getButtonColor(AdminUserPage.java:25)
at pages.AdminUserPage.getButtonColor(AdminUserPage.java:25)
at pages.AdminUserPage.getButtonColor(AdminUserPage.java:25)
at pages.AdminUserPage.getButtonColor(AdminUserPage.java:25)
at pages.AdminUserPage.getButtonColor(AdminUserPage.java:25)
at pages.AdminUserPage.getButtonColor(AdminUserPage.java:25)
at pages.AdminUserPage.getButtonColor(AdminUserPage.java:25)
at pages.AdminUserPage.getButtonColor(AdminUserPage.java:25)
at pages.AdminUserPage.getButtonColor(AdminUserPage.java:25)
at pages.AdminUserPage.getButtonColor(AdminUserPage.java:25)
at pages.AdminUserPage.getButtonColor(AdminUserPage.java:25)
at pages.AdminUserPage.getButtonColor(AdminUserPage.java:25)
at pages.AdminUserPage.getButtonColor(AdminUserPage.java:25)
at pages.AdminUserPage.getButtonColor(AdminUserPage.java:25)
at pages.AdminUserPage.getButtonColor(AdminUserPage.java:25)
at pages.AdminUserPage.getButtonColor(AdminUserPage.java:25)
at pages.AdminUserPage.getButtonColor(AdminUserPage.java:25)
at pages.AdminUserPage.getButtonColor(AdminUserPage.java:25)
at pages.AdminUserPage.getButtonColor(AdminUserPage.java:25)
at pages.AdminUserPage.getButtonColor(AdminUserPage.java:25)
at pages.AdminUserPage.getButtonColor(AdminUserPage.java:25)
at pages.AdminUserPage.getButtonColor(AdminUserPage.java:25)
at pages.AdminUserPage.getButtonColor(AdminUserPage.java:25)
at pages.AdminUserPage.getButtonColor(AdminUserPage.java:25)
at pages.AdminUserPage.getButtonColor(AdminUserPage.java:25)
at pages.AdminUserPage.getButtonColor(AdminUserPage.java:25)
at pages.AdminUserPage.getButtonColor(AdminUserPage.java:25)
at pages.AdminUserPage.getButtonColor(AdminUserPage.java:25)
at pages.AdminUserPage.getButtonColor(AdminUserPage.java:25)
at pages.AdminUserPage.getButtonColor(AdminUserPage.java:25)
at pages.AdminUserPage.getButtonColor(AdminUserPage.java:25)
at pages.AdminUserPage.getButtonColor(AdminUserPage.java:25)
at pages.AdminUserPage.getButtonColor(AdminUserPage.java:25)
at pages.AdminUserPage.getButtonColor(AdminUserPage.java:25)
at pages.AdminUserPage.getButtonColor(AdminUserPage.java:25)
at pages.AdminUserPage.getButtonColor(AdminUserPage.java:25)
at pages.AdminUserPage.getButtonColor(AdminUserPage.java:25)
at pages.AdminUserPage.getButtonColor(AdminUserPage.java:25)
at pages.AdminUserPage.getButtonColor(AdminUserPage.java:25)
at pages.AdminUserPage.getButtonColor(AdminUserPage.java:25)
at pages.AdminUserPage.getButtonColor(AdminUserPage.java:25)
at pages.AdminUserPage.getButtonColor(AdminUserPage.java:25)
at pages.AdminUserPage.getButtonColor(AdminUserPage.java:25)
at pages.AdminUserPage.getButtonColor(AdminUserPage.java:25)
at pages.AdminUserPage.getButtonColor(AdminUserPage.java:25)
at pages.AdminUserPage.getButtonColor(AdminUserPage.java:25)
at pages.AdminUserPage.getButtonColor(AdminUserPage.java:25)
at pages.AdminUserPage.getButtonColor(AdminUserPage.java:25)
at pages.AdminUserPage.getButtonColor(AdminUserPage.java:25)
at pages.AdminUserPage.getButtonColor(AdminUserPage.java:25)
at pages.AdminUserPage.getButtonColor(AdminUserPage.java:25)
at pages.AdminUserPage.getButtonColor(AdminUserPage.java:25)
at pages.AdminUserPage.getButtonColor(AdminUserPage.java:25)
at pages.AdminUserPage.getButtonColor(AdminUserPage.java:25)
at pages.AdminUserPage.getButtonColor(AdminUserPage.java:25)
at pages.AdminUserPage.getButtonColor(AdminUserPage.java:25)
at pages.AdminUserPage.getButtonColor(AdminUserPage.java:25)
at pages.AdminUserPage.getButtonColor(AdminUserPage.java:25)
at pages.AdminUserPage.getButtonColor(AdminUserPage.java:25)
at pages.AdminUserPage.getButtonColor(AdminUserPage.java:25)
at pages.AdminUserPage.getButtonColor(AdminUserPage.java:25)
at pages.AdminUserPage.getButtonColor(AdminUserPage.java:25)
at pages.AdminUserPage.getButtonColor(AdminUserPage.java:25)
at pages.AdminUserPage.getButtonColor(AdminUserPage.java:25)
at pages.AdminUserPage.getButtonColor(AdminUserPage.java:25)
at pages.AdminUserPage.getButtonColor(AdminUserPage.java:25)
at pages.AdminUserPage.getButtonColor(AdminUserPage.java:25)
at pages.AdminUserPage.getButtonColor(AdminUserPage.java:25)
at pages.AdminUserPage.getButtonColor(AdminUserPage.java:25)
at pages.AdminUserPage.getButtonColor(AdminUserPage.java:25)
at pages.AdminUserPage.getButtonColor(AdminUserPage.java:25)
at pages.AdminUserPage.getButtonColor(AdminUserPage.java:25)
at pages.AdminUserPage.getButtonColor(AdminUserPage.java:25)
at pages.AdminUserPage.getButtonColor(AdminUserPage.java:25)
at pages.AdminUserPage.getButtonColor(AdminUserPage.java:25)
at pages.AdminUserPage.getButtonColor(AdminUserPage.java:25)
at pages.AdminUserPage.getButtonColor(AdminUserPage.java:25)
at pages.AdminUserPage.getButtonColor(AdminUserPage.java:25)
at pages.AdminUserPage.getButtonColor(AdminUserPage.java:25)
at pages.AdminUserPage.getButtonColor(AdminUserPage.java:25)
at pages.AdminUserPage.getButtonColor(AdminUserPage.java:25)
at pages.AdminUserPage.getButtonColor(AdminUserPage.java:25)
at pages.AdminUserPage.getButtonColor(AdminUserPage.java:25)
at pages.AdminUserPage.getButtonColor(AdminUserPage.java:25)
at pages.AdminUserPage.getButtonColor(AdminUserPage.java:25)
at pages.AdminUserPage.getButtonColor(AdminUserPage.java:25)
at pages.AdminUserPage.getButtonColor(AdminUserPage.java:25)
at pages.AdminUserPage.getButtonColor(AdminUserPage.java:25)
at pages.AdminUserPage.getButtonColor(AdminUserPage.java:25)
at pages.AdminUserPage.getButtonColor(AdminUserPage.java:25)
at pages.AdminUserPage.getButtonColor(AdminUserPage.java:25)
at pages.AdminUserPage.getButtonColor(AdminUserPage.java:25)
at pages.AdminUserPage.getButtonColor(AdminUserPage.java:25)
at pages.AdminUserPage.getButtonColor(AdminUserPage.java:25)
at pages.AdminUserPage.getButtonColor(AdminUserPage.java:25)
at pages.AdminUserPage.getButtonColor(AdminUserPage.java:25)
at pages.AdminUserPage.getButtonColor(AdminUserPage.java:25)
at pages.AdminUserPage.getButtonColor(AdminUserPage.java:25)
at pages.AdminUserPage.getButtonColor(AdminUserPage.java:25)
at pages.AdminUserPage.getButtonColor(AdminUserPage.java:25)
at pages.AdminUserPage.getButtonColor(AdminUserPage.java:25)
at pages.AdminUserPage.getButtonColor(AdminUserPage.java:25)
at pages.AdminUserPage.getButtonColor(AdminUserPage.java:25)
at pages.AdminUserPage.getButtonColor(AdminUserPage.java:25)
at pages.AdminUserPage.getButtonColor(AdminUserPage.java:25)
at pages.AdminUserPage.getButtonColor(AdminUserPage.java:25)
at pages.AdminUserPage.getButtonColor(AdminUserPage.java:25)
at pages.AdminUserPage.getButtonColor(AdminUserPage.java:25)
at pages.AdminUserPage.getButtonColor(AdminUserPage.java:25)
at pages.AdminUserPage.getButtonColor(AdminUserPage.java:25)
at pages.AdminUserPage.getButtonColor(AdminUserPage.java:25)
at pages.AdminUserPage.getButtonColor(AdminUserPage.java:25)
at pages.AdminUserPage.getButtonColor(AdminUserPage.java:25)
at pages.AdminUserPage.getButtonColor(AdminUserPage.java:25)
at pages.AdminUserPage.getButtonColor(AdminUserPage.java:25)
at pages.AdminUserPage.getButtonColor(AdminUserPage.java:25)
at pages.AdminUserPage.getButtonColor(AdminUserPage.java:25)
at pages.AdminUserPage.getButtonColor(AdminUserPage.java:25)
at pages.AdminUserPage.getButtonColor(AdminUserPage.java:25)
at pages.AdminUserPage.getButtonColor(AdminUserPage.java:25)
at pages.AdminUserPage.getButtonColor(AdminUserPage.java:25)
at pages.AdminUserPage.getButtonColor(AdminUserPage.java:25)
at pages.AdminUserPage.getButtonColor(AdminUserPage.java:25)
at pages.AdminUserPage.getButtonColor(AdminUserPage.java:25)
at pages.AdminUserPage.getButtonColor(AdminUserPage.java:25)
at pages.AdminUserPage.getButtonColor(AdminUserPage.java:25)
at pages.AdminUserPage.getButtonColor(AdminUserPage.java:25)
at pages.AdminUserPage.getButtonColor(AdminUserPage.java:25)
at pages.AdminUserPage.getButtonColor(AdminUserPage.java:25)
at pages.AdminUserPage.getButtonColor(AdminUserPage.java:25)
at pages.AdminUserPage.getButtonColor(AdminUserPage.java:25)
at pages.AdminUserPage.getButtonColor(AdminUserPage.java:25)
at pages.AdminUserPage.getButtonColor(AdminUserPage.java:25)
at pages.AdminUserPage.getButtonColor(AdminUserPage.java:25)
at pages.AdminUserPage.getButtonColor(AdminUserPage.java:25)
at pages.AdminUserPage.getButtonColor(AdminUserPage.java:25)
at pages.AdminUserPage.getButtonColor(AdminUserPage.java:25)
at pages.AdminUserPage.getButtonColor(AdminUserPage.java:25)
at pages.AdminUserPage.getButtonColor(AdminUserPage.java:25)
at pages.AdminUserPage.getButtonColor(AdminUserPage.java:25)
at pages.AdminUserPage.getButtonColor(AdminUserPage.java:25)
at pages.AdminUserPage.getButtonColor(AdminUserPage.java:25)
at pages.AdminUserPage.getButtonColor(AdminUserPage.java:25)
at pages.AdminUserPage.getButtonColor(AdminUserPage.java:25)
at pages.AdminUserPage.getButtonColor(AdminUserPage.java:25)
at pages.AdminUserPage.getButtonColor(AdminUserPage.java:25)
at pages.AdminUserPage.getButtonColor(AdminUserPage.java:25)
at pages.AdminUserPage.getButtonColor(AdminUserPage.java:25)
at pages.AdminUserPage.getButtonColor(AdminUserPage.java:25)
at pages.AdminUserPage.getButtonColor(AdminUserPage.java:25)
at pages.AdminUserPage.getButtonColor(AdminUserPage.java:25)
at pages.AdminUserPage.getButtonColor(AdminUserPage.java:25)
at pages.AdminUserPage.getButtonColor(AdminUserPage.java:25)
at pages.AdminUserPage.getButtonColor(AdminUserPage.java:25)
at pages.AdminUserPage.getButtonColor(AdminUserPage.java:25)
at pages.AdminUserPage.getButtonColor(AdminUserPage.java:25)
at pages.AdminUserPage.getButtonColor(AdminUserPage.java:25)
at pages.AdminUserPage.getButtonColor(AdminUserPage.java:25)
at pages.AdminUserPage.getButtonColor(AdminUserPage.java:25)
at pages.AdminUserPage.getButtonColor(AdminUserPage.java:25)
at pages.AdminUserPage.getButtonColor(AdminUserPage.java:25)
at pages.AdminUserPage.getButtonColor(AdminUserPage.java:25)
at pages.AdminUserPage.getButtonColor(AdminUserPage.java:25)
at pages.AdminUserPage.getButtonColor(AdminUserPage.java:25)
at pages.AdminUserPage.getButtonColor(AdminUserPage.java:25)
at pages.AdminUserPage.getButtonColor(AdminUserPage.java:25)
at pages.AdminUserPage.getButtonColor(AdminUserPage.java:25)
at pages.AdminUserPage.getButtonColor(AdminUserPage.java:25)
at pages.AdminUserPage.getButtonColor(AdminUserPage.java:25)
at pages.AdminUserPage.getButtonColor(AdminUserPage.java:25)
at pages.AdminUserPage.getButtonColor(AdminUserPage.java:25)
at pages.AdminUserPage.getButtonColor(AdminUserPage.java:25)
at pages.AdminUserPage.getButtonColor(AdminUserPage.java:25)
at pages.AdminUserPage.getButtonColor(AdminUserPage.java:25)
at pages.AdminUserPage.getButtonColor(AdminUserPage.java:25)
at pages.AdminUserPage.getButtonColor(AdminUserPage.java:25)
at pages.AdminUserPage.getButtonColor(AdminUserPage.java:25)
at pages.AdminUserPage.getButtonColor(AdminUserPage.java:25)
at pages.AdminUserPage.getButtonColor(AdminUserPage.java:25)
at pages.AdminUserPage.getButtonColor(AdminUserPage.java:25)
at pages.AdminUserPage.getButtonColor(AdminUserPage.java:25)
at pages.AdminUserPage.getButtonColor(AdminUserPage.java:25)
at pages.AdminUserPage.getButtonColor(AdminUserPage.java:25)
at pages.AdminUserPage.getButtonColor(AdminUserPage.java:25)
at pages.AdminUserPage.getButtonColor(AdminUserPage.java:25)
at pages.AdminUserPage.getButtonColor(AdminUserPage.java:25)
at pages.AdminUserPage.getButtonColor(AdminUserPage.java:25)
at pages.AdminUserPage.getButtonColor(AdminUserPage.java:25)
at pages.AdminUserPage.getButtonColor(AdminUserPage.java:25)
at pages.AdminUserPage.getButtonColor(AdminUserPage.java:25)
at pages.AdminUserPage.getButtonColor(AdminUserPage.java:25)
at pages.AdminUserPage.getButtonColor(AdminUserPage.java:25)
at pages.AdminUserPage.getButtonColor(AdminUserPage.java:25)
at pages.AdminUserPage.getButtonColor(AdminUserPage.java:25)
at pages.AdminUserPage.getButtonColor(AdminUserPage.java:25)
at pages.AdminUserPage.getButtonColor(AdminUserPage.java:25)
at pages.AdminUserPage.getButtonColor(AdminUserPage.java:25)
at pages.AdminUserPage.getButtonColor(AdminUserPage.java:25)
at pages.AdminUserPage.getButtonColor(AdminUserPage.java:25)
at pages.AdminUserPage.getButtonColor(AdminUserPage.java:25)
at pages.AdminUserPage.getButtonColor(AdminUserPage.java:25)
at pages.AdminUserPage.getButtonColor(AdminUserPage.java:25)
at pages.AdminUserPage.getButtonColor(AdminUserPage.java:25)
at pages.AdminUserPage.getButtonColor(AdminUserPage.java:25)
at pages.AdminUserPage.getButtonColor(AdminUserPage.java:25)
at pages.AdminUserPage.getButtonColor(AdminUserPage.java:25)
at pages.AdminUserPage.getButtonColor(AdminUserPage.java:25)
at pages.AdminUserPage.getButtonColor(AdminUserPage.java:25)
at pages.AdminUserPage.getButtonColor(AdminUserPage.java:25)
at pages.AdminUserPage.getButtonColor(AdminUserPage.java:25)
at pages.AdminUserPage.getButtonColor(AdminUserPage.java:25)
at pages.AdminUserPage.getButtonColor(AdminUserPage.java:25)
at pages.AdminUserPage.getButtonColor(AdminUserPage.java:25)
at pages.AdminUserPage.getButtonColor(AdminUserPage.java:25)
at pages.AdminUserPage.getButtonColor(AdminUserPage.java:25)
at pages.AdminUserPage.getButtonColor(AdminUserPage.java:25)
at pages.AdminUserPage.getButtonColor(AdminUserPage.java:25)
]]>
            </full-stacktrace>
          </exception> <!-- java.lang.StackOverflowError -->
          <reporter-output>
          </reporter-output>
        </test-method> <!-- verifyNewButtonColor -->
        <test-method is-config="true" signature="terminateSession(org.testng.ITestResult)[pri:0, instance:testscripts.AdminUserTest@3c0be339]" started-at="2025-04-01T20:18:15 IST" name="terminateSession" finished-at="2025-04-01T20:18:15 IST" duration-ms="12" status="PASS">
          <params>
            <param index="0">
              <value>
                <![CDATA[[TestResult name=verifyNewButtonColor status=SKIP method=AdminUserTest.verifyNewButtonColor()[pri:0, instance:testscripts.AdminUserTest@3c0be339] output={null}]]]>
              </value>
            </param>
          </params>
          <reporter-output>
          </reporter-output>
        </test-method> <!-- terminateSession -->
        <test-method is-config="true" signature="launchBrowser()[pri:0, instance:testscripts.AdminUserTest@3c0be339]" started-at="2025-04-01T20:18:15 IST" name="launchBrowser" finished-at="2025-04-01T20:18:20 IST" duration-ms="5284" status="PASS">
          <reporter-output>
          </reporter-output>
        </test-method> <!-- launchBrowser -->
        <test-method retried="true" signature="verifyNewButtonColor()[pri:0, instance:testscripts.AdminUserTest@3c0be339]" started-at="2025-04-01T20:18:20 IST" name="verifyNewButtonColor" finished-at="2025-04-01T20:18:24 IST" duration-ms="3609" status="SKIP">
          <exception class="java.lang.StackOverflowError">
            <full-stacktrace>
              <![CDATA[java.lang.StackOverflowError
at pages.AdminUserPage.getButtonColor(AdminUserPage.java:25)
at pages.AdminUserPage.getButtonColor(AdminUserPage.java:25)
at pages.AdminUserPage.getButtonColor(AdminUserPage.java:25)
at pages.AdminUserPage.getButtonColor(AdminUserPage.java:25)
at pages.AdminUserPage.getButtonColor(AdminUserPage.java:25)
at pages.AdminUserPage.getButtonColor(AdminUserPage.java:25)
at pages.AdminUserPage.getButtonColor(AdminUserPage.java:25)
at pages.AdminUserPage.getButtonColor(AdminUserPage.java:25)
at pages.AdminUserPage.getButtonColor(AdminUserPage.java:25)
at pages.AdminUserPage.getButtonColor(AdminUserPage.java:25)
at pages.AdminUserPage.getButtonColor(AdminUserPage.java:25)
at pages.AdminUserPage.getButtonColor(AdminUserPage.java:25)
at pages.AdminUserPage.getButtonColor(AdminUserPage.java:25)
at pages.AdminUserPage.getButtonColor(AdminUserPage.java:25)
at pages.AdminUserPage.getButtonColor(AdminUserPage.java:25)
at pages.AdminUserPage.getButtonColor(AdminUserPage.java:25)
at pages.AdminUserPage.getButtonColor(AdminUserPage.java:25)
at pages.AdminUserPage.getButtonColor(AdminUserPage.java:25)
at pages.AdminUserPage.getButtonColor(AdminUserPage.java:25)
at pages.AdminUserPage.getButtonColor(AdminUserPage.java:25)
at pages.AdminUserPage.getButtonColor(AdminUserPage.java:25)
at pages.AdminUserPage.getButtonColor(AdminUserPage.java:25)
at pages.AdminUserPage.getButtonColor(AdminUserPage.java:25)
at pages.AdminUserPage.getButtonColor(AdminUserPage.java:25)
at pages.AdminUserPage.getButtonColor(AdminUserPage.java:25)
at pages.AdminUserPage.getButtonColor(AdminUserPage.java:25)
at pages.AdminUserPage.getButtonColor(AdminUserPage.java:25)
at pages.AdminUserPage.getButtonColor(AdminUserPage.java:25)
at pages.AdminUserPage.getButtonColor(AdminUserPage.java:25)
at pages.AdminUserPage.getButtonColor(AdminUserPage.java:25)
at pages.AdminUserPage.getButtonColor(AdminUserPage.java:25)
at pages.AdminUserPage.getButtonColor(AdminUserPage.java:25)
at pages.AdminUserPage.getButtonColor(AdminUserPage.java:25)
at pages.AdminUserPage.getButtonColor(AdminUserPage.java:25)
at pages.AdminUserPage.getButtonColor(AdminUserPage.java:25)
at pages.AdminUserPage.getButtonColor(AdminUserPage.java:25)
at pages.AdminUserPage.getButtonColor(AdminUserPage.java:25)
at pages.AdminUserPage.getButtonColor(AdminUserPage.java:25)
at pages.AdminUserPage.getButtonColor(AdminUserPage.java:25)
at pages.AdminUserPage.getButtonColor(AdminUserPage.java:25)
at pages.AdminUserPage.getButtonColor(AdminUserPage.java:25)
at pages.AdminUserPage.getButtonColor(AdminUserPage.java:25)
at pages.AdminUserPage.getButtonColor(AdminUserPage.java:25)
at pages.AdminUserPage.getButtonColor(AdminUserPage.java:25)
at pages.AdminUserPage.getButtonColor(AdminUserPage.java:25)
at pages.AdminUserPage.getButtonColor(AdminUserPage.java:25)
at pages.AdminUserPage.getButtonColor(AdminUserPage.java:25)
at pages.AdminUserPage.getButtonColor(AdminUserPage.java:25)
at pages.AdminUserPage.getButtonColor(AdminUserPage.java:25)
at pages.AdminUserPage.getButtonColor(AdminUserPage.java:25)
at pages.AdminUserPage.getButtonColor(AdminUserPage.java:25)
at pages.AdminUserPage.getButtonColor(AdminUserPage.java:25)
at pages.AdminUserPage.getButtonColor(AdminUserPage.java:25)
at pages.AdminUserPage.getButtonColor(AdminUserPage.java:25)
at pages.AdminUserPage.getButtonColor(AdminUserPage.java:25)
at pages.AdminUserPage.getButtonColor(AdminUserPage.java:25)
at pages.AdminUserPage.getButtonColor(AdminUserPage.java:25)
at pages.AdminUserPage.getButtonColor(AdminUserPage.java:25)
at pages.AdminUserPage.getButtonColor(AdminUserPage.java:25)
at pages.AdminUserPage.getButtonColor(AdminUserPage.java:25)
at pages.AdminUserPage.getButtonColor(AdminUserPage.java:25)
at pages.AdminUserPage.getButtonColor(AdminUserPage.java:25)
at pages.AdminUserPage.getButtonColor(AdminUserPage.java:25)
at pages.AdminUserPage.getButtonColor(AdminUserPage.java:25)
at pages.AdminUserPage.getButtonColor(AdminUserPage.java:25)
at pages.AdminUserPage.getButtonColor(AdminUserPage.java:25)
at pages.AdminUserPage.getButtonColor(AdminUserPage.java:25)
at pages.AdminUserPage.getButtonColor(AdminUserPage.java:25)
at pages.AdminUserPage.getButtonColor(AdminUserPage.java:25)
at pages.AdminUserPage.getButtonColor(AdminUserPage.java:25)
at pages.AdminUserPage.getButtonColor(AdminUserPage.java:25)
at pages.AdminUserPage.getButtonColor(AdminUserPage.java:25)
at pages.AdminUserPage.getButtonColor(AdminUserPage.java:25)
at pages.AdminUserPage.getButtonColor(AdminUserPage.java:25)
at pages.AdminUserPage.getButtonColor(AdminUserPage.java:25)
at pages.AdminUserPage.getButtonColor(AdminUserPage.java:25)
at pages.AdminUserPage.getButtonColor(AdminUserPage.java:25)
at pages.AdminUserPage.getButtonColor(AdminUserPage.java:25)
at pages.AdminUserPage.getButtonColor(AdminUserPage.java:25)
at pages.AdminUserPage.getButtonColor(AdminUserPage.java:25)
at pages.AdminUserPage.getButtonColor(AdminUserPage.java:25)
at pages.AdminUserPage.getButtonColor(AdminUserPage.java:25)
at pages.AdminUserPage.getButtonColor(AdminUserPage.java:25)
at pages.AdminUserPage.getButtonColor(AdminUserPage.java:25)
at pages.AdminUserPage.getButtonColor(AdminUserPage.java:25)
at pages.AdminUserPage.getButtonColor(AdminUserPage.java:25)
at pages.AdminUserPage.getButtonColor(AdminUserPage.java:25)
at pages.AdminUserPage.getButtonColor(AdminUserPage.java:25)
at pages.AdminUserPage.getButtonColor(AdminUserPage.java:25)
at pages.AdminUserPage.getButtonColor(AdminUserPage.java:25)
at pages.AdminUserPage.getButtonColor(AdminUserPage.java:25)
at pages.AdminUserPage.getButtonColor(AdminUserPage.java:25)
at pages.AdminUserPage.getButtonColor(AdminUserPage.java:25)
at pages.AdminUserPage.getButtonColor(AdminUserPage.java:25)
at pages.AdminUserPage.getButtonColor(AdminUserPage.java:25)
at pages.AdminUserPage.getButtonColor(AdminUserPage.java:25)
at pages.AdminUserPage.getButtonColor(AdminUserPage.java:25)
at pages.AdminUserPage.getButtonColor(AdminUserPage.java:25)
at pages.AdminUserPage.getButtonColor(AdminUserPage.java:25)
at pages.AdminUserPage.getButtonColor(AdminUserPage.java:25)
at pages.AdminUserPage.getButtonColor(AdminUserPage.java:25)
at pages.AdminUserPage.getButtonColor(AdminUserPage.java:25)
at pages.AdminUserPage.getButtonColor(AdminUserPage.java:25)
at pages.AdminUserPage.getButtonColor(AdminUserPage.java:25)
at pages.AdminUserPage.getButtonColor(AdminUserPage.java:25)
at pages.AdminUserPage.getButtonColor(AdminUserPage.java:25)
at pages.AdminUserPage.getButtonColor(AdminUserPage.java:25)
at pages.AdminUserPage.getButtonColor(AdminUserPage.java:25)
at pages.AdminUserPage.getButtonColor(AdminUserPage.java:25)
at pages.AdminUserPage.getButtonColor(AdminUserPage.java:25)
at pages.AdminUserPage.getButtonColor(AdminUserPage.java:25)
at pages.AdminUserPage.getButtonColor(AdminUserPage.java:25)
at pages.AdminUserPage.getButtonColor(AdminUserPage.java:25)
at pages.AdminUserPage.getButtonColor(AdminUserPage.java:25)
at pages.AdminUserPage.getButtonColor(AdminUserPage.java:25)
at pages.AdminUserPage.getButtonColor(AdminUserPage.java:25)
at pages.AdminUserPage.getButtonColor(AdminUserPage.java:25)
at pages.AdminUserPage.getButtonColor(AdminUserPage.java:25)
at pages.AdminUserPage.getButtonColor(AdminUserPage.java:25)
at pages.AdminUserPage.getButtonColor(AdminUserPage.java:25)
at pages.AdminUserPage.getButtonColor(AdminUserPage.java:25)
at pages.AdminUserPage.getButtonColor(AdminUserPage.java:25)
at pages.AdminUserPage.getButtonColor(AdminUserPage.java:25)
at pages.AdminUserPage.getButtonColor(AdminUserPage.java:25)
at pages.AdminUserPage.getButtonColor(AdminUserPage.java:25)
at pages.AdminUserPage.getButtonColor(AdminUserPage.java:25)
at pages.AdminUserPage.getButtonColor(AdminUserPage.java:25)
at pages.AdminUserPage.getButtonColor(AdminUserPage.java:25)
at pages.AdminUserPage.getButtonColor(AdminUserPage.java:25)
at pages.AdminUserPage.getButtonColor(AdminUserPage.java:25)
at pages.AdminUserPage.getButtonColor(AdminUserPage.java:25)
at pages.AdminUserPage.getButtonColor(AdminUserPage.java:25)
at pages.AdminUserPage.getButtonColor(AdminUserPage.java:25)
at pages.AdminUserPage.getButtonColor(AdminUserPage.java:25)
at pages.AdminUserPage.getButtonColor(AdminUserPage.java:25)
at pages.AdminUserPage.getButtonColor(AdminUserPage.java:25)
at pages.AdminUserPage.getButtonColor(AdminUserPage.java:25)
at pages.AdminUserPage.getButtonColor(AdminUserPage.java:25)
at pages.AdminUserPage.getButtonColor(AdminUserPage.java:25)
at pages.AdminUserPage.getButtonColor(AdminUserPage.java:25)
at pages.AdminUserPage.getButtonColor(AdminUserPage.java:25)
at pages.AdminUserPage.getButtonColor(AdminUserPage.java:25)
at pages.AdminUserPage.getButtonColor(AdminUserPage.java:25)
at pages.AdminUserPage.getButtonColor(AdminUserPage.java:25)
at pages.AdminUserPage.getButtonColor(AdminUserPage.java:25)
at pages.AdminUserPage.getButtonColor(AdminUserPage.java:25)
at pages.AdminUserPage.getButtonColor(AdminUserPage.java:25)
at pages.AdminUserPage.getButtonColor(AdminUserPage.java:25)
at pages.AdminUserPage.getButtonColor(AdminUserPage.java:25)
at pages.AdminUserPage.getButtonColor(AdminUserPage.java:25)
at pages.AdminUserPage.getButtonColor(AdminUserPage.java:25)
at pages.AdminUserPage.getButtonColor(AdminUserPage.java:25)
at pages.AdminUserPage.getButtonColor(AdminUserPage.java:25)
at pages.AdminUserPage.getButtonColor(AdminUserPage.java:25)
at pages.AdminUserPage.getButtonColor(AdminUserPage.java:25)
at pages.AdminUserPage.getButtonColor(AdminUserPage.java:25)
at pages.AdminUserPage.getButtonColor(AdminUserPage.java:25)
at pages.AdminUserPage.getButtonColor(AdminUserPage.java:25)
at pages.AdminUserPage.getButtonColor(AdminUserPage.java:25)
at pages.AdminUserPage.getButtonColor(AdminUserPage.java:25)
at pages.AdminUserPage.getButtonColor(AdminUserPage.java:25)
at pages.AdminUserPage.getButtonColor(AdminUserPage.java:25)
at pages.AdminUserPage.getButtonColor(AdminUserPage.java:25)
at pages.AdminUserPage.getButtonColor(AdminUserPage.java:25)
at pages.AdminUserPage.getButtonColor(AdminUserPage.java:25)
at pages.AdminUserPage.getButtonColor(AdminUserPage.java:25)
at pages.AdminUserPage.getButtonColor(AdminUserPage.java:25)
at pages.AdminUserPage.getButtonColor(AdminUserPage.java:25)
at pages.AdminUserPage.getButtonColor(AdminUserPage.java:25)
at pages.AdminUserPage.getButtonColor(AdminUserPage.java:25)
at pages.AdminUserPage.getButtonColor(AdminUserPage.java:25)
at pages.AdminUserPage.getButtonColor(AdminUserPage.java:25)
at pages.AdminUserPage.getButtonColor(AdminUserPage.java:25)
at pages.AdminUserPage.getButtonColor(AdminUserPage.java:25)
at pages.AdminUserPage.getButtonColor(AdminUserPage.java:25)
at pages.AdminUserPage.getButtonColor(AdminUserPage.java:25)
at pages.AdminUserPage.getButtonColor(AdminUserPage.java:25)
at pages.AdminUserPage.getButtonColor(AdminUserPage.java:25)
at pages.AdminUserPage.getButtonColor(AdminUserPage.java:25)
at pages.AdminUserPage.getButtonColor(AdminUserPage.java:25)
at pages.AdminUserPage.getButtonColor(AdminUserPage.java:25)
at pages.AdminUserPage.getButtonColor(AdminUserPage.java:25)
at pages.AdminUserPage.getButtonColor(AdminUserPage.java:25)
at pages.AdminUserPage.getButtonColor(AdminUserPage.java:25)
at pages.AdminUserPage.getButtonColor(AdminUserPage.java:25)
at pages.AdminUserPage.getButtonColor(AdminUserPage.java:25)
at pages.AdminUserPage.getButtonColor(AdminUserPage.java:25)
at pages.AdminUserPage.getButtonColor(AdminUserPage.java:25)
at pages.AdminUserPage.getButtonColor(AdminUserPage.java:25)
at pages.AdminUserPage.getButtonColor(AdminUserPage.java:25)
at pages.AdminUserPage.getButtonColor(AdminUserPage.java:25)
at pages.AdminUserPage.getButtonColor(AdminUserPage.java:25)
at pages.AdminUserPage.getButtonColor(AdminUserPage.java:25)
at pages.AdminUserPage.getButtonColor(AdminUserPage.java:25)
at pages.AdminUserPage.getButtonColor(AdminUserPage.java:25)
at pages.AdminUserPage.getButtonColor(AdminUserPage.java:25)
at pages.AdminUserPage.getButtonColor(AdminUserPage.java:25)
at pages.AdminUserPage.getButtonColor(AdminUserPage.java:25)
at pages.AdminUserPage.getButtonColor(AdminUserPage.java:25)
at pages.AdminUserPage.getButtonColor(AdminUserPage.java:25)
at pages.AdminUserPage.getButtonColor(AdminUserPage.java:25)
at pages.AdminUserPage.getButtonColor(AdminUserPage.java:25)
at pages.AdminUserPage.getButtonColor(AdminUserPage.java:25)
at pages.AdminUserPage.getButtonColor(AdminUserPage.java:25)
at pages.AdminUserPage.getButtonColor(AdminUserPage.java:25)
at pages.AdminUserPage.getButtonColor(AdminUserPage.java:25)
at pages.AdminUserPage.getButtonColor(AdminUserPage.java:25)
at pages.AdminUserPage.getButtonColor(AdminUserPage.java:25)
at pages.AdminUserPage.getButtonColor(AdminUserPage.java:25)
at pages.AdminUserPage.getButtonColor(AdminUserPage.java:25)
at pages.AdminUserPage.getButtonColor(AdminUserPage.java:25)
at pages.AdminUserPage.getButtonColor(AdminUserPage.java:25)
at pages.AdminUserPage.getButtonColor(AdminUserPage.java:25)
at pages.AdminUserPage.getButtonColor(AdminUserPage.java:25)
at pages.AdminUserPage.getButtonColor(AdminUserPage.java:25)
at pages.AdminUserPage.getButtonColor(AdminUserPage.java:25)
at pages.AdminUserPage.getButtonColor(AdminUserPage.java:25)
at pages.AdminUserPage.getButtonColor(AdminUserPage.java:25)
at pages.AdminUserPage.getButtonColor(AdminUserPage.java:25)
at pages.AdminUserPage.getButtonColor(AdminUserPage.java:25)
at pages.AdminUserPage.getButtonColor(AdminUserPage.java:25)
at pages.AdminUserPage.getButtonColor(AdminUserPage.java:25)
at pages.AdminUserPage.getButtonColor(AdminUserPage.java:25)
at pages.AdminUserPage.getButtonColor(AdminUserPage.java:25)
at pages.AdminUserPage.getButtonColor(AdminUserPage.java:25)
at pages.AdminUserPage.getButtonColor(AdminUserPage.java:25)
at pages.AdminUserPage.getButtonColor(AdminUserPage.java:25)
at pages.AdminUserPage.getButtonColor(AdminUserPage.java:25)
at pages.AdminUserPage.getButtonColor(AdminUserPage.java:25)
at pages.AdminUserPage.getButtonColor(AdminUserPage.java:25)
at pages.AdminUserPage.getButtonColor(AdminUserPage.java:25)
at pages.AdminUserPage.getButtonColor(AdminUserPage.java:25)
at pages.AdminUserPage.getButtonColor(AdminUserPage.java:25)
at pages.AdminUserPage.getButtonColor(AdminUserPage.java:25)
at pages.AdminUserPage.getButtonColor(AdminUserPage.java:25)
at pages.AdminUserPage.getButtonColor(AdminUserPage.java:25)
at pages.AdminUserPage.getButtonColor(AdminUserPage.java:25)
at pages.AdminUserPage.getButtonColor(AdminUserPage.java:25)
at pages.AdminUserPage.getButtonColor(AdminUserPage.java:25)
[...]
at pages.AdminUserPage.getButtonColor(AdminUserPage.java:25)
at pages.AdminUserPage.getButtonColor(AdminUserPage.java:25)
at pages.AdminUserPage.getButtonColor(AdminUserPage.java:25)
at pages.AdminUserPage.getButtonColor(AdminUserPage.java:25)
at pages.AdminUserPage.getButtonColor(AdminUserPage.java:25)
at pages.AdminUserPage.getButtonColor(AdminUserPage.java:25)
at pages.AdminUserPage.getButtonColor(AdminUserPage.java:25)
at pages.AdminUserPage.getButtonColor(AdminUserPage.java:25)
at pages.AdminUserPage.getButtonColor(AdminUserPage.java:25)
at pages.AdminUserPage.getButtonColor(AdminUserPage.java:25)
at pages.AdminUserPage.getButtonColor(AdminUserPage.java:25)
at pages.AdminUserPage.getButtonColor(AdminUserPage.java:25)
at pages.AdminUserPage.getButtonColor(AdminUserPage.java:25)
at pages.AdminUserPage.getButtonColor(AdminUserPage.java:25)
at pages.AdminUserPage.getButtonColor(AdminUserPage.java:25)
at pages.AdminUserPage.getButtonColor(AdminUserPage.java:25)
at pages.AdminUserPage.getButtonColor(AdminUserPage.java:25)
at pages.AdminUserPage.getButtonColor(AdminUserPage.java:25)
at pages.AdminUserPage.getButtonColor(AdminUserPage.java:25)
at pages.AdminUserPage.getButtonColor(AdminUserPage.java:25)
at pages.AdminUserPage.getButtonColor(AdminUserPage.java:25)
at pages.AdminUserPage.getButtonColor(AdminUserPage.java:25)
at pages.AdminUserPage.getButtonColor(AdminUserPage.java:25)
at pages.AdminUserPage.getButtonColor(AdminUserPage.java:25)
at pages.AdminUserPage.getButtonColor(AdminUserPage.java:25)
at pages.AdminUserPage.getButtonColor(AdminUserPage.java:25)
at pages.AdminUserPage.getButtonColor(AdminUserPage.java:25)
at pages.AdminUserPage.getButtonColor(AdminUserPage.java:25)
at pages.AdminUserPage.getButtonColor(AdminUserPage.java:25)
at pages.AdminUserPage.getButtonColor(AdminUserPage.java:25)
at pages.AdminUserPage.getButtonColor(AdminUserPage.java:25)
at pages.AdminUserPage.getButtonColor(AdminUserPage.java:25)
at pages.AdminUserPage.getButtonColor(AdminUserPage.java:25)
at pages.AdminUserPage.getButtonColor(AdminUserPage.java:25)
at pages.AdminUserPage.getButtonColor(AdminUserPage.java:25)
at pages.AdminUserPage.getButtonColor(AdminUserPage.java:25)
at pages.AdminUserPage.getButtonColor(AdminUserPage.java:25)
at pages.AdminUserPage.getButtonColor(AdminUserPage.java:25)
at pages.AdminUserPage.getButtonColor(AdminUserPage.java:25)
at pages.AdminUserPage.getButtonColor(AdminUserPage.java:25)
at pages.AdminUserPage.getButtonColor(AdminUserPage.java:25)
at pages.AdminUserPage.getButtonColor(AdminUserPage.java:25)
at pages.AdminUserPage.getButtonColor(AdminUserPage.java:25)
at pages.AdminUserPage.getButtonColor(AdminUserPage.java:25)
at pages.AdminUserPage.getButtonColor(AdminUserPage.java:25)
at pages.AdminUserPage.getButtonColor(AdminUserPage.java:25)
at pages.AdminUserPage.getButtonColor(AdminUserPage.java:25)
at pages.AdminUserPage.getButtonColor(AdminUserPage.java:25)
at pages.AdminUserPage.getButtonColor(AdminUserPage.java:25)
at pages.AdminUserPage.getButtonColor(AdminUserPage.java:25)
at pages.AdminUserPage.getButtonColor(AdminUserPage.java:25)
at pages.AdminUserPage.getButtonColor(AdminUserPage.java:25)
at pages.AdminUserPage.getButtonColor(AdminUserPage.java:25)
at pages.AdminUserPage.getButtonColor(AdminUserPage.java:25)
at pages.AdminUserPage.getButtonColor(AdminUserPage.java:25)
at pages.AdminUserPage.getButtonColor(AdminUserPage.java:25)
at pages.AdminUserPage.getButtonColor(AdminUserPage.java:25)
at pages.AdminUserPage.getButtonColor(AdminUserPage.java:25)
at pages.AdminUserPage.getButtonColor(AdminUserPage.java:25)
at pages.AdminUserPage.getButtonColor(AdminUserPage.java:25)
at pages.AdminUserPage.getButtonColor(AdminUserPage.java:25)
at pages.AdminUserPage.getButtonColor(AdminUserPage.java:25)
at pages.AdminUserPage.getButtonColor(AdminUserPage.java:25)
at pages.AdminUserPage.getButtonColor(AdminUserPage.java:25)
at pages.AdminUserPage.getButtonColor(AdminUserPage.java:25)
at pages.AdminUserPage.getButtonColor(AdminUserPage.java:25)
at pages.AdminUserPage.getButtonColor(AdminUserPage.java:25)
at pages.AdminUserPage.getButtonColor(AdminUserPage.java:25)
at pages.AdminUserPage.getButtonColor(AdminUserPage.java:25)
at pages.AdminUserPage.getButtonColor(AdminUserPage.java:25)
at pages.AdminUserPage.getButtonColor(AdminUserPage.java:25)
at pages.AdminUserPage.getButtonColor(AdminUserPage.java:25)
at pages.AdminUserPage.getButtonColor(AdminUserPage.java:25)
at pages.AdminUserPage.getButtonColor(AdminUserPage.java:25)
at pages.AdminUserPage.getButtonColor(AdminUserPage.java:25)
at pages.AdminUserPage.getButtonColor(AdminUserPage.java:25)
at pages.AdminUserPage.getButtonColor(AdminUserPage.java:25)
at pages.AdminUserPage.getButtonColor(AdminUserPage.java:25)
at pages.AdminUserPage.getButtonColor(AdminUserPage.java:25)
at pages.AdminUserPage.getButtonColor(AdminUserPage.java:25)
at pages.AdminUserPage.getButtonColor(AdminUserPage.java:25)
at pages.AdminUserPage.getButtonColor(AdminUserPage.java:25)
at pages.AdminUserPage.getButtonColor(AdminUserPage.java:25)
at pages.AdminUserPage.getButtonColor(AdminUserPage.java:25)
at pages.AdminUserPage.getButtonColor(AdminUserPage.java:25)
at pages.AdminUserPage.getButtonColor(AdminUserPage.java:25)
at pages.AdminUserPage.getButtonColor(AdminUserPage.java:25)
at pages.AdminUserPage.getButtonColor(AdminUserPage.java:25)
at pages.AdminUserPage.getButtonColor(AdminUserPage.java:25)
at pages.AdminUserPage.getButtonColor(AdminUserPage.java:25)
at pages.AdminUserPage.getButtonColor(AdminUserPage.java:25)
at pages.AdminUserPage.getButtonColor(AdminUserPage.java:25)
at pages.AdminUserPage.getButtonColor(AdminUserPage.java:25)
at pages.AdminUserPage.getButtonColor(AdminUserPage.java:25)
at pages.AdminUserPage.getButtonColor(AdminUserPage.java:25)
at pages.AdminUserPage.getButtonColor(AdminUserPage.java:25)
at pages.AdminUserPage.getButtonColor(AdminUserPage.java:25)
at pages.AdminUserPage.getButtonColor(AdminUserPage.java:25)
at pages.AdminUserPage.getButtonColor(AdminUserPage.java:25)
at pages.AdminUserPage.getButtonColor(AdminUserPage.java:25)
at pages.AdminUserPage.getButtonColor(AdminUserPage.java:25)
at pages.AdminUserPage.getButtonColor(AdminUserPage.java:25)
at pages.AdminUserPage.getButtonColor(AdminUserPage.java:25)
at pages.AdminUserPage.getButtonColor(AdminUserPage.java:25)
at pages.AdminUserPage.getButtonColor(AdminUserPage.java:25)
at pages.AdminUserPage.getButtonColor(AdminUserPage.java:25)
at pages.AdminUserPage.getButtonColor(AdminUserPage.java:25)
at pages.AdminUserPage.getButtonColor(AdminUserPage.java:25)
at pages.AdminUserPage.getButtonColor(AdminUserPage.java:25)
at pages.AdminUserPage.getButtonColor(AdminUserPage.java:25)
at pages.AdminUserPage.getButtonColor(AdminUserPage.java:25)
at pages.AdminUserPage.getButtonColor(AdminUserPage.java:25)
at pages.AdminUserPage.getButtonColor(AdminUserPage.java:25)
at pages.AdminUserPage.getButtonColor(AdminUserPage.java:25)
at pages.AdminUserPage.getButtonColor(AdminUserPage.java:25)
at pages.AdminUserPage.getButtonColor(AdminUserPage.java:25)
at pages.AdminUserPage.getButtonColor(AdminUserPage.java:25)
at pages.AdminUserPage.getButtonColor(AdminUserPage.java:25)
at pages.AdminUserPage.getButtonColor(AdminUserPage.java:25)
at pages.AdminUserPage.getButtonColor(AdminUserPage.java:25)
at pages.AdminUserPage.getButtonColor(AdminUserPage.java:25)
at pages.AdminUserPage.getButtonColor(AdminUserPage.java:25)
at pages.AdminUserPage.getButtonColor(AdminUserPage.java:25)
at pages.AdminUserPage.getButtonColor(AdminUserPage.java:25)
at pages.AdminUserPage.getButtonColor(AdminUserPage.java:25)
at pages.AdminUserPage.getButtonColor(AdminUserPage.java:25)
at pages.AdminUserPage.getButtonColor(AdminUserPage.java:25)
at pages.AdminUserPage.getButtonColor(AdminUserPage.java:25)
at pages.AdminUserPage.getButtonColor(AdminUserPage.java:25)
at pages.AdminUserPage.getButtonColor(AdminUserPage.java:25)
at pages.AdminUserPage.getButtonColor(AdminUserPage.java:25)
at pages.AdminUserPage.getButtonColor(AdminUserPage.java:25)
at pages.AdminUserPage.getButtonColor(AdminUserPage.java:25)
at pages.AdminUserPage.getButtonColor(AdminUserPage.java:25)
at pages.AdminUserPage.getButtonColor(AdminUserPage.java:25)
at pages.AdminUserPage.getButtonColor(AdminUserPage.java:25)
at pages.AdminUserPage.getButtonColor(AdminUserPage.java:25)
at pages.AdminUserPage.getButtonColor(AdminUserPage.java:25)
at pages.AdminUserPage.getButtonColor(AdminUserPage.java:25)
at pages.AdminUserPage.getButtonColor(AdminUserPage.java:25)
at pages.AdminUserPage.getButtonColor(AdminUserPage.java:25)
at pages.AdminUserPage.getButtonColor(AdminUserPage.java:25)
at pages.AdminUserPage.getButtonColor(AdminUserPage.java:25)
at pages.AdminUserPage.getButtonColor(AdminUserPage.java:25)
at pages.AdminUserPage.getButtonColor(AdminUserPage.java:25)
at pages.AdminUserPage.getButtonColor(AdminUserPage.java:25)
at pages.AdminUserPage.getButtonColor(AdminUserPage.java:25)
at pages.AdminUserPage.getButtonColor(AdminUserPage.java:25)
at pages.AdminUserPage.getButtonColor(AdminUserPage.java:25)
at pages.AdminUserPage.getButtonColor(AdminUserPage.java:25)
at pages.AdminUserPage.getButtonColor(AdminUserPage.java:25)
at pages.AdminUserPage.getButtonColor(AdminUserPage.java:25)
at pages.AdminUserPage.getButtonColor(AdminUserPage.java:25)
at pages.AdminUserPage.getButtonColor(AdminUserPage.java:25)
at pages.AdminUserPage.getButtonColor(AdminUserPage.java:25)
at pages.AdminUserPage.getButtonColor(AdminUserPage.java:25)
at pages.AdminUserPage.getButtonColor(AdminUserPage.java:25)
at pages.AdminUserPage.getButtonColor(AdminUserPage.java:25)
at pages.AdminUserPage.getButtonColor(AdminUserPage.java:25)
at pages.AdminUserPage.getButtonColor(AdminUserPage.java:25)
at pages.AdminUserPage.getButtonColor(AdminUserPage.java:25)
at pages.AdminUserPage.getButtonColor(AdminUserPage.java:25)
at pages.AdminUserPage.getButtonColor(AdminUserPage.java:25)
at pages.AdminUserPage.getButtonColor(AdminUserPage.java:25)
at pages.AdminUserPage.getButtonColor(AdminUserPage.java:25)
at pages.AdminUserPage.getButtonColor(AdminUserPage.java:25)
at pages.AdminUserPage.getButtonColor(AdminUserPage.java:25)
at pages.AdminUserPage.getButtonColor(AdminUserPage.java:25)
at pages.AdminUserPage.getButtonColor(AdminUserPage.java:25)
at pages.AdminUserPage.getButtonColor(AdminUserPage.java:25)
at pages.AdminUserPage.getButtonColor(AdminUserPage.java:25)
at pages.AdminUserPage.getButtonColor(AdminUserPage.java:25)
at pages.AdminUserPage.getButtonColor(AdminUserPage.java:25)
at pages.AdminUserPage.getButtonColor(AdminUserPage.java:25)
at pages.AdminUserPage.getButtonColor(AdminUserPage.java:25)
at pages.AdminUserPage.getButtonColor(AdminUserPage.java:25)
at pages.AdminUserPage.getButtonColor(AdminUserPage.java:25)
at pages.AdminUserPage.getButtonColor(AdminUserPage.java:25)
at pages.AdminUserPage.getButtonColor(AdminUserPage.java:25)
at pages.AdminUserPage.getButtonColor(AdminUserPage.java:25)
at pages.AdminUserPage.getButtonColor(AdminUserPage.java:25)
at pages.AdminUserPage.getButtonColor(AdminUserPage.java:25)
at pages.AdminUserPage.getButtonColor(AdminUserPage.java:25)
at pages.AdminUserPage.getButtonColor(AdminUserPage.java:25)
at pages.AdminUserPage.getButtonColor(AdminUserPage.java:25)
at pages.AdminUserPage.getButtonColor(AdminUserPage.java:25)
at pages.AdminUserPage.getButtonColor(AdminUserPage.java:25)
at pages.AdminUserPage.getButtonColor(AdminUserPage.java:25)
at pages.AdminUserPage.getButtonColor(AdminUserPage.java:25)
at pages.AdminUserPage.getButtonColor(AdminUserPage.java:25)
at pages.AdminUserPage.getButtonColor(AdminUserPage.java:25)
at pages.AdminUserPage.getButtonColor(AdminUserPage.java:25)
at pages.AdminUserPage.getButtonColor(AdminUserPage.java:25)
at pages.AdminUserPage.getButtonColor(AdminUserPage.java:25)
at pages.AdminUserPage.getButtonColor(AdminUserPage.java:25)
at pages.AdminUserPage.getButtonColor(AdminUserPage.java:25)
at pages.AdminUserPage.getButtonColor(AdminUserPage.java:25)
at pages.AdminUserPage.getButtonColor(AdminUserPage.java:25)
at pages.AdminUserPage.getButtonColor(AdminUserPage.java:25)
at pages.AdminUserPage.getButtonColor(AdminUserPage.java:25)
at pages.AdminUserPage.getButtonColor(AdminUserPage.java:25)
at pages.AdminUserPage.getButtonColor(AdminUserPage.java:25)
at pages.AdminUserPage.getButtonColor(AdminUserPage.java:25)
at pages.AdminUserPage.getButtonColor(AdminUserPage.java:25)
at pages.AdminUserPage.getButtonColor(AdminUserPage.java:25)
at pages.AdminUserPage.getButtonColor(AdminUserPage.java:25)
at pages.AdminUserPage.getButtonColor(AdminUserPage.java:25)
at pages.AdminUserPage.getButtonColor(AdminUserPage.java:25)
at pages.AdminUserPage.getButtonColor(AdminUserPage.java:25)
at pages.AdminUserPage.getButtonColor(AdminUserPage.java:25)
at pages.AdminUserPage.getButtonColor(AdminUserPage.java:25)
at pages.AdminUserPage.getButtonColor(AdminUserPage.java:25)
at pages.AdminUserPage.getButtonColor(AdminUserPage.java:25)
at pages.AdminUserPage.getButtonColor(AdminUserPage.java:25)
at pages.AdminUserPage.getButtonColor(AdminUserPage.java:25)
at pages.AdminUserPage.getButtonColor(AdminUserPage.java:25)
at pages.AdminUserPage.getButtonColor(AdminUserPage.java:25)
at pages.AdminUserPage.getButtonColor(AdminUserPage.java:25)
at pages.AdminUserPage.getButtonColor(AdminUserPage.java:25)
at pages.AdminUserPage.getButtonColor(AdminUserPage.java:25)
at pages.AdminUserPage.getButtonColor(AdminUserPage.java:25)
at pages.AdminUserPage.getButtonColor(AdminUserPage.java:25)
at pages.AdminUserPage.getButtonColor(AdminUserPage.java:25)
at pages.AdminUserPage.getButtonColor(AdminUserPage.java:25)
at pages.AdminUserPage.getButtonColor(AdminUserPage.java:25)
at pages.AdminUserPage.getButtonColor(AdminUserPage.java:25)
at pages.AdminUserPage.getButtonColor(AdminUserPage.java:25)
at pages.AdminUserPage.getButtonColor(AdminUserPage.java:25)
at pages.AdminUserPage.getButtonColor(AdminUserPage.java:25)
at pages.AdminUserPage.getButtonColor(AdminUserPage.java:25)
at pages.AdminUserPage.getButtonColor(AdminUserPage.java:25)
at pages.AdminUserPage.getButtonColor(AdminUserPage.java:25)
at pages.AdminUserPage.getButtonColor(AdminUserPage.java:25)
at pages.AdminUserPage.getButtonColor(AdminUserPage.java:25)
at pages.AdminUserPage.getButtonColor(AdminUserPage.java:25)
at pages.AdminUserPage.getButtonColor(AdminUserPage.java:25)
at pages.AdminUserPage.getButtonColor(AdminUserPage.java:25)
at pages.AdminUserPage.getButtonColor(AdminUserPage.java:25)
at pages.AdminUserPage.getButtonColor(AdminUserPage.java:25)
at pages.AdminUserPage.getButtonColor(AdminUserPage.java:25)
at pages.AdminUserPage.getButtonColor(AdminUserPage.java:25)
at pages.AdminUserPage.getButtonColor(AdminUserPage.java:25)
at pages.AdminUserPage.getButtonColor(AdminUserPage.java:25)
at pages.AdminUserPage.getButtonColor(AdminUserPage.java:25)
at pages.AdminUserPage.getButtonColor(AdminUserPage.java:25)
at pages.AdminUserPage.getButtonColor(AdminUserPage.java:25)
at pages.AdminUserPage.getButtonColor(AdminUserPage.java:25)
at pages.AdminUserPage.getButtonColor(AdminUserPage.java:25)
at pages.AdminUserPage.getButtonColor(AdminUserPage.java:25)
at pages.AdminUserPage.getButtonColor(AdminUserPage.java:25)
at pages.AdminUserPage.getButtonColor(AdminUserPage.java:25)
at pages.AdminUserPage.getButtonColor(AdminUserPage.java:25)
at pages.AdminUserPage.getButtonColor(AdminUserPage.java:25)
at pages.AdminUserPage.getButtonColor(AdminUserPage.java:25)
at pages.AdminUserPage.getButtonColor(AdminUserPage.java:25)
at pages.AdminUserPage.getButtonColor(AdminUserPage.java:25)
at pages.AdminUserPage.getButtonColor(AdminUserPage.java:25)
at pages.AdminUserPage.getButtonColor(AdminUserPage.java:25)
at pages.AdminUserPage.getButtonColor(AdminUserPage.java:25)
at pages.AdminUserPage.getButtonColor(AdminUserPage.java:25)
at pages.AdminUserPage.getButtonColor(AdminUserPage.java:25)
at pages.AdminUserPage.getButtonColor(AdminUserPage.java:25)
at pages.AdminUserPage.getButtonColor(AdminUserPage.java:25)
at pages.AdminUserPage.getButtonColor(AdminUserPage.java:25)
at pages.AdminUserPage.getButtonColor(AdminUserPage.java:25)
at pages.AdminUserPage.getButtonColor(AdminUserPage.java:25)
at pages.AdminUserPage.getButtonColor(AdminUserPage.java:25)
at pages.AdminUserPage.getButtonColor(AdminUserPage.java:25)
at pages.AdminUserPage.getButtonColor(AdminUserPage.java:25)
at pages.AdminUserPage.getButtonColor(AdminUserPage.java:25)
at pages.AdminUserPage.getButtonColor(AdminUserPage.java:25)
at pages.AdminUserPage.getButtonColor(AdminUserPage.java:25)
at pages.AdminUserPage.getButtonColor(AdminUserPage.java:25)
at pages.AdminUserPage.getButtonColor(AdminUserPage.java:25)
at pages.AdminUserPage.getButtonColor(AdminUserPage.java:25)
at pages.AdminUserPage.getButtonColor(AdminUserPage.java:25)
at pages.AdminUserPage.getButtonColor(AdminUserPage.java:25)
at pages.AdminUserPage.getButtonColor(AdminUserPage.java:25)
at pages.AdminUserPage.getButtonColor(AdminUserPage.java:25)
at pages.AdminUserPage.getButtonColor(AdminUserPage.java:25)
at pages.AdminUserPage.getButtonColor(AdminUserPage.java:25)
at pages.AdminUserPage.getButtonColor(AdminUserPage.java:25)
at pages.AdminUserPage.getButtonColor(AdminUserPage.java:25)
at pages.AdminUserPage.getButtonColor(AdminUserPage.java:25)
at pages.AdminUserPage.getButtonColor(AdminUserPage.java:25)
at pages.AdminUserPage.getButtonColor(AdminUserPage.java:25)
at pages.AdminUserPage.getButtonColor(AdminUserPage.java:25)
at pages.AdminUserPage.getButtonColor(AdminUserPage.java:25)
at pages.AdminUserPage.getButtonColor(AdminUserPage.java:25)
at pages.AdminUserPage.getButtonColor(AdminUserPage.java:25)
at pages.AdminUserPage.getButtonColor(AdminUserPage.java:25)
at pages.AdminUserPage.getButtonColor(AdminUserPage.java:25)
at pages.AdminUserPage.getButtonColor(AdminUserPage.java:25)
at pages.AdminUserPage.getButtonColor(AdminUserPage.java:25)
at pages.AdminUserPage.getButtonColor(AdminUserPage.java:25)
at pages.AdminUserPage.getButtonColor(AdminUserPage.java:25)
at pages.AdminUserPage.getButtonColor(AdminUserPage.java:25)
at pages.AdminUserPage.getButtonColor(AdminUserPage.java:25)
at pages.AdminUserPage.getButtonColor(AdminUserPage.java:25)
at pages.AdminUserPage.getButtonColor(AdminUserPage.java:25)
at pages.AdminUserPage.getButtonColor(AdminUserPage.java:25)
at pages.AdminUserPage.getButtonColor(AdminUserPage.java:25)
at pages.AdminUserPage.getButtonColor(AdminUserPage.java:25)
at pages.AdminUserPage.getButtonColor(AdminUserPage.java:25)
at pages.AdminUserPage.getButtonColor(AdminUserPage.java:25)
at pages.AdminUserPage.getButtonColor(AdminUserPage.java:25)
at pages.AdminUserPage.getButtonColor(AdminUserPage.java:25)
at pages.AdminUserPage.getButtonColor(AdminUserPage.java:25)
at pages.AdminUserPage.getButtonColor(AdminUserPage.java:25)
at pages.AdminUserPage.getButtonColor(AdminUserPage.java:25)
]]>
            </full-stacktrace>
          </exception> <!-- java.lang.StackOverflowError -->
          <reporter-output>
          </reporter-output>
        </test-method> <!-- verifyNewButtonColor -->
        <test-method is-config="true" signature="terminateSession(org.testng.ITestResult)[pri:0, instance:testscripts.AdminUserTest@3c0be339]" started-at="2025-04-01T20:18:44 IST" name="terminateSession" finished-at="2025-04-01T20:18:44 IST" duration-ms="475" status="PASS">
          <params>
            <param index="0">
              <value>
                <![CDATA[[TestResult name=verifyNewButtonColor status=FAILURE method=AdminUserTest.verifyNewButtonColor()[pri:0, instance:testscripts.AdminUserTest@3c0be339] output={null}]]]>
              </value>
            </param>
          </params>
          <reporter-output>
          </reporter-output>
        </test-method> <!-- terminateSession -->
      </class> <!-- testscripts.AdminUserTest -->
    </test> <!-- Default test -->
  </suite> <!-- Default suite -->
</testng-results>
